INFO SwingWorker-pool-1-thread-3 org.cimmyt.cril.ibwb.provider.helpers.HelperFactor - Saving level for ENTRY factor: DESIG  with value: CLQRCWQ 26/(CML 454 X CML 451)-B-7-3-1
INFO SwingWorker-pool-1-thread-3 org.cimmyt.cril.ibwb.provider.helpers.HelperFactor - Saving level for ENTRY factor: GID  with value: -13
INFO SwingWorker-pool-1-thread-3 org.cimmyt.cril.ibwb.provider.helpers.HelperFactor - Saving level for ENTRY factor: ENTRY NUMBER  with value: 14
INFO SwingWorker-pool-1-thread-3 org.cimmyt.cril.ibwb.provider.helpers.HelperFactor - Saving level for ENTRY factor: ENTRY CD  with value: E0014
INFO SwingWorker-pool-1-thread-3 org.cimmyt.cril.ibwb.provider.helpers.HelperFactor - Saving level for ENTRY factor: DESIG  with value: CLQ 6315/(CML 454 X CML 451)-B-7-3-2
INFO SwingWorker-pool-1-thread-3 org.cimmyt.cril.ibwb.provider.helpers.HelperFactor - Saving level for ENTRY factor: GID  with value: -14
INFO SwingWorker-pool-1-thread-3 org.cimmyt.cril.ibwb.provider.helpers.HelperFactor - Saving level for ENTRY factor: ENTRY NUMBER  with value: 15
INFO SwingWorker-pool-1-thread-3 org.cimmyt.cril.ibwb.provider.helpers.HelperFactor - Saving level for ENTRY factor: ENTRY CD  with value: E0015
INFO SwingWorker-pool-1-thread-3 org.cimmyt.cril.ibwb.provider.helpers.HelperFactor - Saving level for ENTRY factor: DESIG  with value: CLQRCWQ 109/(CML 454 X CML 451)-B-7-4-1
INFO SwingWorker-pool-1-thread-3 org.cimmyt.cril.ibwb.provider.helpers.HelperFactor - Saving level for ENTRY factor: GID  with value: -15
INFO SwingWorker-pool-1-thread-3 org.cimmyt.cril.ibwb.provider.helpers.HelperFactor - Saving level for ENTRY factor: ENTRY NUMBER  with value: 16
INFO SwingWorker-pool-1-thread-3 org.cimmyt.cril.ibwb.provider.helpers.HelperFactor - Saving level for ENTRY factor: ENTRY CD  with value: E0016
INFO SwingWorker-pool-1-thread-3 org.cimmyt.cril.ibwb.provider.helpers.HelperFactor - Saving level for ENTRY factor: DESIG  with value: CLQRCWQ 55/(CML 454 X CML 451)-B-7-4-2
INFO SwingWorker-pool-1-thread-3 org.cimmyt.cril.ibwb.provider.helpers.HelperFactor - Saving level for ENTRY factor: GID  with value: -16
INFO SwingWorker-pool-1-thread-3 org.cimmyt.cril.ibwb.provider.helpers.HelperFactor - Saving level for ENTRY factor: ENTRY NUMBER  with value: 17
INFO SwingWorker-pool-1-thread-3 org.cimmyt.cril.ibwb.provider.helpers.HelperFactor - Saving level for ENTRY factor: ENTRY CD  with value: E0017
INFO SwingWorker-pool-1-thread-3 org.cimmyt.cril.ibwb.provider.helpers.HelperFactor - Saving level for ENTRY factor: DESIG  with value: CML 165/(CML 454 X CML 451)-B-12-1-1
INFO SwingWorker-pool-1-thread-3 org.cimmyt.cril.ibwb.provider.helpers.HelperFactor - Saving level for ENTRY factor: GID  with value: -17
INFO SwingWorker-pool-1-thread-3 org.cimmyt.cril.ibwb.provider.helpers.HelperFactor - Saving level for ENTRY factor: ENTRY NUMBER  with value: 18
INFO SwingWorker-pool-1-thread-3 org.cimmyt.cril.ibwb.provider.helpers.HelperFactor - Saving level for ENTRY factor: ENTRY CD  with value: E0018
INFO SwingWorker-pool-1-thread-3 org.cimmyt.cril.ibwb.provider.helpers.HelperFactor - Saving level for ENTRY factor: DESIG  with value: CML 502/(CML 454 X CML 451)-B-12-1-2
INFO SwingWorker-pool-1-thread-3 org.cimmyt.cril.ibwb.provider.helpers.HelperFactor - Saving level for ENTRY factor: GID  with value: -18
INFO SwingWorker-pool-1-thread-3 org.cimmyt.cril.ibwb.provider.helpers.HelperFactor - Saving level for ENTRY factor: ENTRY NUMBER  with value: 19
INFO SwingWorker-pool-1-thread-3 org.cimmyt.cril.ibwb.provider.helpers.HelperFactor - Saving level for ENTRY factor: ENTRY CD  with value: E0019
INFO SwingWorker-pool-1-thread-3 org.cimmyt.cril.ibwb.provider.helpers.HelperFactor - Saving level for ENTRY factor: DESIG  with value: CLQRCWQ 97/(CML 454 X CML 451)-B-14-1-1
INFO SwingWorker-pool-1-thread-3 org.cimmyt.cril.ibwb.provider.helpers.HelperFactor - Saving level for ENTRY factor: GID  with value: -19
INFO SwingWorker-pool-1-thread-3 org.cimmyt.cril.ibwb.provider.helpers.HelperFactor - Saving level for ENTRY factor: ENTRY NUMBER  with value: 20
INFO SwingWorker-pool-1-thread-3 org.cimmyt.cril.ibwb.provider.helpers.HelperFactor - Saving level for ENTRY factor: ENTRY CD  with value: E0020
INFO SwingWorker-pool-1-thread-3 org.cimmyt.cril.ibwb.provider.helpers.HelperFactor - Saving level for ENTRY factor: DESIG  with value: CLQRCWQ 15/(CML 454 X CML 451)-B-14-1-2
INFO SwingWorker-pool-1-thread-3 org.cimmyt.cril.ibwb.provider.helpers.HelperFactor - Saving level for ENTRY factor: GID  with value: -20
INFO SwingWorker-pool-1-thread-3 org.cimmyt.cril.ibwb.provider.helpers.HelperFactor - Saving level for ENTRY factor: ENTRY NUMBER  with value: 21
INFO SwingWorker-pool-1-thread-3 org.cimmyt.cril.ibwb.provider.helpers.HelperFactor - Saving level for ENTRY factor: ENTRY CD  with value: E0021
INFO SwingWorker-pool-1-thread-3 org.cimmyt.cril.ibwb.provider.helpers.HelperFactor - Saving level for ENTRY factor: DESIG  with value: (CML 451 X IBP 4 C 3 TLYF-88-2-3-2-1-B)-B-34-3-2/(CML 454 X CML 451)-B-14-2-1
INFO SwingWorker-pool-1-thread-3 org.cimmyt.cril.ibwb.provider.helpers.HelperFactor - Saving level for ENTRY factor: GID  with value: -21
INFO SwingWorker-pool-1-thread-3 org.cimmyt.cril.ibwb.provider.helpers.HelperFactor - Saving level for ENTRY factor: ENTRY NUMBER  with value: 22
INFO SwingWorker-pool-1-thread-3 org.cimmyt.cril.ibwb.provider.helpers.HelperFactor - Saving level for ENTRY factor: ENTRY CD  with value: E0022
INFO SwingWorker-pool-1-thread-3 org.cimmyt.cril.ibwb.provider.helpers.HelperFactor - Saving level for ENTRY factor: DESIG  with value: (CML 451 X (RCYA 99-8)-B-B-2-1-1-B)-B-4-1-1/(CML 454 X CML 451)-B-14-2-2
INFO SwingWorker-pool-1-thread-3 org.cimmyt.cril.ibwb.provider.helpers.HelperFactor - Saving level for ENTRY factor: GID  with value: -22
INFO SwingWorker-pool-1-thread-3 org.cimmyt.cril.ibwb.provider.helpers.HelperFactor - Saving level for ENTRY factor: ENTRY NUMBER  with value: 23
INFO SwingWorker-pool-1-thread-3 org.cimmyt.cril.ibwb.provider.helpers.HelperFactor - Saving level for ENTRY factor: ENTRY CD  with value: E0023
INFO SwingWorker-pool-1-thread-3 org.cimmyt.cril.ibwb.provider.helpers.HelperFactor - Saving level for ENTRY factor: DESIG  with value: (CML 451 X (RCYA 99-8)-B-B-2-1-1-B)-B-4-1-2/(CML 454 X CML 451)-B-14-2-3
INFO SwingWorker-pool-1-thread-3 org.cimmyt.cril.ibwb.provider.helpers.HelperFactor - Saving level for ENTRY factor: GID  with value: -23
INFO SwingWorker-pool-1-thread-3 org.cimmyt.cril.ibwb.provider.helpers.HelperFactor - Saving level for ENTRY factor: ENTRY NUMBER  with value: 24
INFO SwingWorker-pool-1-thread-3 org.cimmyt.cril.ibwb.provider.helpers.HelperFactor - Saving level for ENTRY factor: ENTRY CD  with value: E0024
INFO SwingWorker-pool-1-thread-3 org.cimmyt.cril.ibwb.provider.helpers.HelperFactor - Saving level for ENTRY factor: DESIG  with value: (CML 451 X (RCYA 99-8)-B-B-2-1-1-B)-B-4-2-1/(CML 454 X CML 451)-B-14-3-1
INFO SwingWorker-pool-1-thread-3 org.cimmyt.cril.ibwb.provider.helpers.HelperFactor - Saving level for ENTRY factor: GID  with value: -24
INFO SwingWorker-pool-1-thread-3 org.cimmyt.cril.ibwb.provider.helpers.HelperFactor - Saving level for ENTRY factor: ENTRY NUMBER  with value: 25
INFO SwingWorker-pool-1-thread-3 org.cimmyt.cril.ibwb.provider.helpers.HelperFactor - Saving level for ENTRY factor: ENTRY CD  with value: E0025
INFO SwingWorker-pool-1-thread-3 org.cimmyt.cril.ibwb.provider.helpers.HelperFactor - Saving level for ENTRY factor: DESIG  with value: (CML 451 X (RCYA 99-8)-B-B-2-1-1-B)-B-12-1-1/(CML 454 X CML 451)-B-14-3-2
INFO SwingWorker-pool-1-thread-3 org.cimmyt.cril.ibwb.provider.helpers.HelperFactor - Saving level for ENTRY factor: GID  with value: -25
INFO SwingWorker-pool-1-thread-3 org.cimmyt.cril.ibwb.provider.helpers.HelperFactor - Saving level for ENTRY factor: ENTRY NUMBER  with value: 26
INFO SwingWorker-pool-1-thread-3 org.cimmyt.cril.ibwb.provider.helpers.HelperFactor - Saving level for ENTRY factor: ENTRY CD  with value: E0026
INFO SwingWorker-pool-1-thread-3 org.cimmyt.cril.ibwb.provider.helpers.HelperFactor - Saving level for ENTRY factor: DESIG  with value: (CML 451 X (RCYA 99-8)-B-B-2-1-1-B)-B-12-1-2/(CML 454 X CML 451)-B-16-1-1
INFO SwingWorker-pool-1-thread-3 org.cimmyt.cril.ibwb.provider.helpers.HelperFactor - Saving level for ENTRY factor: GID  with value: -26
INFO SwingWorker-pool-1-thread-3 org.cimmyt.cril.ibwb.provider.helpers.HelperFactor - Saving level for ENTRY factor: ENTRY NUMBER  with value: 27
INFO SwingWorker-pool-1-thread-3 org.cimmyt.cril.ibwb.provider.helpers.HelperFactor - Saving level for ENTRY factor: ENTRY CD  with value: E0027
INFO SwingWorker-pool-1-thread-3 org.cimmyt.cril.ibwb.provider.helpers.HelperFactor - Saving level for ENTRY factor: DESIG  with value: (CML 451 X (RCYA 99-21)-B-B-17-1-B)-B-3-2-1/(CML 454 X CML 451)-B-16-1-2
INFO SwingWorker-pool-1-thread-3 org.cimmyt.cril.ibwb.provider.helpers.HelperFactor - Saving level for ENTRY factor: GID  with value: -27
INFO SwingWorker-pool-1-thread-3 org.cimmyt.cril.ibwb.provider.helpers.HelperFactor - Saving level for ENTRY factor: ENTRY NUMBER  with value: 28
INFO SwingWorker-pool-1-thread-3 org.cimmyt.cril.ibwb.provider.helpers.HelperFactor - Saving level for ENTRY factor: ENTRY CD  with value: E0028
INFO SwingWorker-pool-1-thread-3 org.cimmyt.cril.ibwb.provider.helpers.HelperFactor - Saving level for ENTRY factor: DESIG  with value: (CML 451 X (RCYA 99-21)-B-B-17-1-B)-B-3-2-2/(CML 454 X CML 451)-B-21-1-1
INFO SwingWorker-pool-1-thread-3 org.cimmyt.cril.ibwb.provider.helpers.HelperFactor - Saving level for ENTRY factor: GID  with value: -28
INFO SwingWorker-pool-1-thread-3 org.cimmyt.cril.ibwb.provider.helpers.HelperFactor - Saving level for ENTRY factor: ENTRY NUMBER  with value: 29
INFO SwingWorker-pool-1-thread-3 org.cimmyt.cril.ibwb.provider.helpers.HelperFactor - Saving level for ENTRY factor: ENTRY CD  with value: E0029
INFO SwingWorker-pool-1-thread-3 org.cimmyt.cril.ibwb.provider.helpers.HelperFactor - Saving level for ENTRY factor: DESIG  with value: (CML 451 X (RCYA 99-21)-B-B-17-1-B)-B-15-1-1/(CML 454 X CML 451)-B-32-1-1
INFO SwingWorker-pool-1-thread-3 org.cimmyt.cril.ibwb.provider.helpers.HelperFactor - Saving level for ENTRY factor: GID  with value: -29
INFO SwingWorker-pool-1-thread-3 org.cimmyt.cril.ibwb.provider.helpers.HelperFactor - Saving level for ENTRY factor: ENTRY NUMBER  with value: 30
INFO SwingWorker-pool-1-thread-3 org.cimmyt.cril.ibwb.provider.helpers.HelperFactor - Saving level for ENTRY factor: ENTRY CD  with value: E0030
INFO SwingWorker-pool-1-thread-3 org.cimmyt.cril.ibwb.provider.helpers.HelperFactor - Saving level for ENTRY factor: DESIG  with value: (CML 451 X (RCYA 99-21)-B-B-17-1-B)-B-15-1-2/(CML 454 X CML 451)-B-32-1-2
INFO SwingWorker-pool-1-thread-3 org.cimmyt.cril.ibwb.provider.helpers.HelperFactor - Saving level for ENTRY factor: GID  with value: -30
INFO SwingWorker-pool-1-thread-3 org.cimmyt.cril.ibwb.provider.helpers.HelperFactor - Saving level for ENTRY factor: ENTRY NUMBER  with value: 31
INFO SwingWorker-pool-1-thread-3 org.cimmyt.cril.ibwb.provider.helpers.HelperFactor - Saving level for ENTRY factor: ENTRY CD  with value: E0031
INFO SwingWorker-pool-1-thread-3 org.cimmyt.cril.ibwb.provider.helpers.HelperFactor - Saving level for ENTRY factor: DESIG  with value: (CML 451 X (RCYA 99-21)-B-B-17-1-B)-B-24-1-1/(CML 454 X CL-02603)-B-7-2-1
INFO SwingWorker-pool-1-thread-3 org.cimmyt.cril.ibwb.provider.helpers.HelperFactor - Saving level for ENTRY factor: GID  with value: -31
INFO SwingWorker-pool-1-thread-3 org.cimmyt.cril.ibwb.provider.helpers.HelperFactor - Saving level for ENTRY factor: ENTRY NUMBER  with value: 32
INFO SwingWorker-pool-1-thread-3 org.cimmyt.cril.ibwb.provider.helpers.HelperFactor - Saving level for ENTRY factor: ENTRY CD  with value: E0032
INFO SwingWorker-pool-1-thread-3 org.cimmyt.cril.ibwb.provider.helpers.HelperFactor - Saving level for ENTRY factor: DESIG  with value: (CML 451 X (RCYA 99-21)-B-B-17-1-B)-B-24-1-2/(CML 454 X CL-02603)-B-7-2-2
INFO SwingWorker-pool-1-thread-3 org.cimmyt.cril.ibwb.provider.helpers.HelperFactor - Saving level for ENTRY factor: GID  with value: -32
INFO SwingWorker-pool-1-thread-3 org.cimmyt.cril.ibwb.provider.helpers.HelperFactor - Saving level for ENTRY factor: ENTRY NUMBER  with value: 33
INFO SwingWorker-pool-1-thread-3 org.cimmyt.cril.ibwb.provider.helpers.HelperFactor - Saving level for ENTRY factor: ENTRY CD  with value: E0033
INFO SwingWorker-pool-1-thread-3 org.cimmyt.cril.ibwb.provider.helpers.HelperFactor - Saving level for ENTRY factor: DESIG  with value: (CML 451 X (RCYA 99-21)-B-B-17-1-B)-B-25-1-1/(CML 454 X CL-02603)-B-18-1-1
INFO SwingWorker-pool-1-thread-3 org.cimmyt.cril.ibwb.provider.helpers.HelperFactor - Saving level for ENTRY factor: GID  with value: -33
INFO SwingWorker-pool-1-thread-3 org.cimmyt.cril.ibwb.provider.helpers.HelperFactor - Saving level for ENTRY factor: ENTRY NUMBER  with value: 34
INFO SwingWorker-pool-1-thread-3 org.cimmyt.cril.ibwb.provider.helpers.HelperFactor - Saving level for ENTRY factor: ENTRY CD  with value: E0034
INFO SwingWorker-pool-1-thread-3 org.cimmyt.cril.ibwb.provider.helpers.HelperFactor - Saving level for ENTRY factor: DESIG  with value: (CML 451 X (RCYA 99-21)-B-B-17-1-B)-B-25-1-2/(CML 454 X CL-02603)-B-20-1-1
INFO SwingWorker-pool-1-thread-3 org.cimmyt.cril.ibwb.provider.helpers.HelperFactor - Saving level for ENTRY factor: GID  with value: -34
INFO SwingWorker-pool-1-thread-3 org.cimmyt.cril.ibwb.provider.helpers.HelperFactor - Saving level for ENTRY factor: ENTRY NUMBER  with value: 35
INFO SwingWorker-pool-1-thread-3 org.cimmyt.cril.ibwb.provider.helpers.HelperFactor - Saving level for ENTRY factor: ENTRY CD  with value: E0035
INFO SwingWorker-pool-1-thread-3 org.cimmyt.cril.ibwb.provider.helpers.HelperFactor - Saving level for ENTRY factor: DESIG  with value: (CML 451 X (RCYA 99-21)-B-B-17-1-B)-B-34-1-1/(CML 454 X CL-02603)-B-20-1-2
INFO SwingWorker-pool-1-thread-3 org.cimmyt.cril.ibwb.provider.helpers.HelperFactor - Saving level for ENTRY factor: GID  with value: -35
INFO SwingWorker-pool-1-thread-3 org.cimmyt.cril.ibwb.provider.helpers.HelperFactor - Saving level for ENTRY factor: ENTRY NUMBER  with value: 36
INFO SwingWorker-pool-1-thread-3 org.cimmyt.cril.ibwb.provider.helpers.HelperFactor - Saving level for ENTRY factor: ENTRY CD  with value: E0036
INFO SwingWorker-pool-1-thread-3 org.cimmyt.cril.ibwb.provider.helpers.HelperFactor - Saving level for ENTRY factor: DESIG  with value: (CML 451 X (RCYA 99-20)-B-B-42-2)-B-2-1-1/(CML 454 X CL-02603)-B-20-2-1
INFO SwingWorker-pool-1-thread-3 org.cimmyt.cril.ibwb.provider.helpers.HelperFactor - Saving level for ENTRY factor: GID  with value: -36
INFO SwingWorker-pool-1-thread-3 org.cimmyt.cril.ibwb.provider.helpers.HelperFactor - Saving level for ENTRY factor: ENTRY NUMBER  with value: 37
INFO SwingWorker-pool-1-thread-3 org.cimmyt.cril.ibwb.provider.helpers.HelperFactor - Saving level for ENTRY factor: ENTRY CD  with value: E0037
INFO SwingWorker-pool-1-thread-3 org.cimmyt.cril.ibwb.provider.helpers.HelperFactor - Saving level for ENTRY factor: DESIG  with value: (CML 451 X (RCYA 99-20)-B-B-42-2)-B-2-2-1/(CML 454 X CL-02603)-B-20-2-2
INFO SwingWorker-pool-1-thread-3 org.cimmyt.cril.ibwb.provider.helpers.HelperFactor - Saving level for ENTRY factor: GID  with value: -37
INFO SwingWorker-pool-1-thread-3 org.cimmyt.cril.ibwb.provider.helpers.HelperFactor - Saving level for ENTRY factor: ENTRY NUMBER  with value: 38
INFO SwingWorker-pool-1-thread-3 org.cimmyt.cril.ibwb.provider.helpers.HelperFactor - Saving level for ENTRY factor: ENTRY CD  with value: E0038
INFO SwingWorker-pool-1-thread-3 org.cimmyt.cril.ibwb.provider.helpers.HelperFactor - Saving level for ENTRY factor: DESIG  with value: (CML 451 X (RCYA 99-20)-B-B-42-2)-B-2-2-2/(CML 481 X CML 454)-B-8-1-1
INFO SwingWorker-pool-1-thread-3 org.cimmyt.cril.ibwb.provider.helpers.HelperFactor - Saving level for ENTRY factor: GID  with value: -38
INFO SwingWorker-pool-1-thread-3 org.cimmyt.cril.ibwb.provider.helpers.HelperFactor - Saving level for ENTRY factor: ENTRY NUMBER  with value: 39
INFO SwingWorker-pool-1-thread-3 org.cimmyt.cril.ibwb.provider.helpers.HelperFactor - Saving level for ENTRY factor: ENTRY CD  with value: E0039
INFO SwingWorker-pool-1-thread-3 org.cimmyt.cril.ibwb.provider.helpers.HelperFactor - Saving level for ENTRY factor: DESIG  with value: (CML 451 X (RCYA 99-20)-B-B-42-2)-B-15-1-1/(CML 481 X CML 454)-B-8-1-2
INFO SwingWorker-pool-1-thread-3 org.cimmyt.cril.ibwb.provider.helpers.HelperFactor - Saving level for ENTRY factor: GID  with value: -39
INFO SwingWorker-pool-1-thread-3 org.cimmyt.cril.ibwb.provider.helpers.HelperFactor - Saving level for ENTRY factor: ENTRY NUMBER  with value: 40
INFO SwingWorker-pool-1-thread-3 org.cimmyt.cril.ibwb.provider.helpers.HelperFactor - Saving level for ENTRY factor: ENTRY CD  with value: E0040
INFO SwingWorker-pool-1-thread-3 org.cimmyt.cril.ibwb.provider.helpers.HelperFactor - Saving level for ENTRY factor: DESIG  with value: (CML 451 X (RCYA 99-20)-B-B-42-2)-B-20-1-1/(CML 481 X CML 454)-B-8-2-1
INFO SwingWorker-pool-1-thread-3 org.cimmyt.cril.ibwb.provider.helpers.HelperFactor - Saving level for ENTRY factor: GID  with value: -40
INFO SwingWorker-pool-1-thread-3 org.cimmyt.cril.ibwb.provider.helpers.HelperFactor - Saving level for ENTRY factor: ENTRY NUMBER  with value: 41
INFO SwingWorker-pool-1-thread-3 org.cimmyt.cril.ibwb.provider.helpers.HelperFactor - Saving level for ENTRY factor: ENTRY CD  with value: E0041
INFO SwingWorker-pool-1-thread-3 org.cimmyt.cril.ibwb.provider.helpers.HelperFactor - Saving level for ENTRY factor: DESIG  with value: (CML 451 X (RCYA 99-20)-B-B-42-2)-B-20-1-2/(CML 481 X CML 454)-B-8-2-2
INFO SwingWorker-pool-1-thread-3 org.cimmyt.cril.ibwb.provider.helpers.HelperFactor - Saving level for ENTRY factor: GID  with value: -41
INFO SwingWorker-pool-1-thread-3 org.cimmyt.cril.ibwb.provider.helpers.HelperFactor - Saving level for ENTRY factor: ENTRY NUMBER  with value: 42
INFO SwingWorker-pool-1-thread-3 org.cimmyt.cril.ibwb.provider.helpers.HelperFactor - Saving level for ENTRY factor: ENTRY CD  with value: E0042
INFO SwingWorker-pool-1-thread-3 org.cimmyt.cril.ibwb.provider.helpers.HelperFactor - Saving level for ENTRY factor: DESIG  with value: (CML 451 X (RCYA 99-20)-B-B-42-2)-B-20-1-3/(CML 481 X CML 454)-B-18-1-1
INFO SwingWorker-pool-1-thread-3 org.cimmyt.cril.ibwb.provider.helpers.HelperFactor - Saving level for ENTRY factor: GID  with value: -42
INFO SwingWorker-pool-1-thread-3 org.cimmyt.cril.ibwb.provider.helpers.HelperFactor - Saving level for ENTRY factor: ENTRY NUMBER  with value: 43
INFO SwingWorker-pool-1-thread-3 org.cimmyt.cril.ibwb.provider.helpers.HelperFactor - Saving level for ENTRY factor: ENTRY CD  with value: E0043
INFO SwingWorker-pool-1-thread-3 org.cimmyt.cril.ibwb.provider.helpers.HelperFactor - Saving level for ENTRY factor: DESIG  with value: (CML 451 X (RCYA 99-20)-B-B-42-2)-B-20-2-1/(CML 481 X CML 454)-B-21-1-1
INFO SwingWorker-pool-1-thread-3 org.cimmyt.cril.ibwb.provider.helpers.HelperFactor - Saving level for ENTRY factor: GID  with value: -43
INFO SwingWorker-pool-1-thread-3 org.cimmyt.cril.ibwb.provider.helpers.HelperFactor - Saving level for ENTRY factor: ENTRY NUMBER  with value: 44
INFO SwingWorker-pool-1-thread-3 org.cimmyt.cril.ibwb.provider.helpers.HelperFactor - Saving level for ENTRY factor: ENTRY CD  with value: E0044
INFO SwingWorker-pool-1-thread-3 org.cimmyt.cril.ibwb.provider.helpers.HelperFactor - Saving level for ENTRY factor: DESIG  with value: (CML 451 X (RCYA 99-20)-B-B-42-2)-B-20-2-2/(CML 481 X CML 454)-B-21-1-2
INFO SwingWorker-pool-1-thread-3 org.cimmyt.cril.ibwb.provider.helpers.HelperFactor - Saving level for ENTRY factor: GID  with value: -44
INFO SwingWorker-pool-1-thread-3 org.cimmyt.cril.ibwb.provider.helpers.HelperFactor - Saving level for ENTRY factor: ENTRY NUMBER  with value: 45
INFO SwingWorker-pool-1-thread-3 org.cimmyt.cril.ibwb.provider.helpers.HelperFactor - Saving level for ENTRY factor: ENTRY CD  with value: E0045
INFO SwingWorker-pool-1-thread-3 org.cimmyt.cril.ibwb.provider.helpers.HelperFactor - Saving level for ENTRY factor: DESIG  with value: (CML 451 X (RCYA 99-20)-B-B-42-2)-B-20-2-3/(CML 451 X P 390AM/CML C 4 F 182-B-1-B)-B-14-1-1
INFO SwingWorker-pool-1-thread-3 org.cimmyt.cril.ibwb.provider.helpers.HelperFactor - Saving level for ENTRY factor: GID  with value: -45
INFO SwingWorker-pool-1-thread-3 org.cimmyt.cril.ibwb.provider.helpers.HelperFactor - Saving level for ENTRY factor: ENTRY NUMBER  with value: 46
INFO SwingWorker-pool-1-thread-3 org.cimmyt.cril.ibwb.provider.helpers.HelperFactor - Saving level for ENTRY factor: ENTRY CD  with value: E0046
INFO SwingWorker-pool-1-thread-3 org.cimmyt.cril.ibwb.provider.helpers.HelperFactor - Saving level for ENTRY factor: DESIG  with value: (CML 451 X (RCYA 99-20)-B-B-42-2)-B-23-1-1/(CML 451 X P 390AM/CML C 4 F 182-B-1-B)-B-14-1-2
INFO SwingWorker-pool-1-thread-3 org.cimmyt.cril.ibwb.provider.helpers.HelperFactor - Saving level for ENTRY factor: GID  with value: -46
INFO SwingWorker-pool-1-thread-3 org.cimmyt.cril.ibwb.provider.helpers.HelperFactor - Saving level for ENTRY factor: ENTRY NUMBER  with value: 47
INFO SwingWorker-pool-1-thread-3 org.cimmyt.cril.ibwb.provider.helpers.HelperFactor - Saving level for ENTRY factor: ENTRY CD  with value: E0047
INFO SwingWorker-pool-1-thread-3 org.cimmyt.cril.ibwb.provider.helpers.HelperFactor - Saving level for ENTRY factor: DESIG  with value: (CML 451 X (RCYA 99-20)-B-B-42-2)-B-30-1-1/(CML 451 X P 390AM/CML C 4 F 68-B-1-B)-B-8-2-1
INFO SwingWorker-pool-1-thread-3 org.cimmyt.cril.ibwb.provider.helpers.HelperFactor - Saving level for ENTRY factor: GID  with value: -47
INFO SwingWorker-pool-1-thread-3 org.cimmyt.cril.ibwb.provider.helpers.HelperFactor - Saving level for ENTRY factor: ENTRY NUMBER  with value: 48
INFO SwingWorker-pool-1-thread-3 org.cimmyt.cril.ibwb.provider.helpers.HelperFactor - Saving level for ENTRY factor: ENTRY CD  with value: E0048
INFO SwingWorker-pool-1-thread-3 org.cimmyt.cril.ibwb.provider.helpers.HelperFactor - Saving level for ENTRY factor: DESIG  with value: (CML 451 X (RCYA 99-20)-B-B-42-2)-B-30-1-2/(CML 451 X P 390AM/CML C 4 F 68-B-1-B)-B-9-3-1
INFO SwingWorker-pool-1-thread-3 org.cimmyt.cril.ibwb.provider.helpers.HelperFactor - Saving level for ENTRY factor: GID  with value: -48
INFO SwingWorker-pool-1-thread-3 org.cimmyt.cril.ibwb.provider.helpers.HelperFactor - Saving level for ENTRY factor: ENTRY NUMBER  with value: 49
INFO SwingWorker-pool-1-thread-3 org.cimmyt.cril.ibwb.provider.helpers.HelperFactor - Saving level for ENTRY factor: ENTRY CD  with value: E0049
INFO SwingWorker-pool-1-thread-3 org.cimmyt.cril.ibwb.provider.helpers.HelperFactor - Saving level for ENTRY factor: DESIG  with value: (CML 451 X (RCYA 99-20)-B-B-42-2)-B-34-1-1/(CML 451 X P 390AM/CML C 4 F 68-B-1-B)-B-11-2-1
INFO SwingWorker-pool-1-thread-3 org.cimmyt.cril.ibwb.provider.helpers.HelperFactor - Saving level for ENTRY factor: GID  with value: -49
INFO SwingWorker-pool-1-thread-3 org.cimmyt.cril.ibwb.provider.helpers.HelperFactor - Saving level for ENTRY factor: ENTRY NUMBER  with value: 50
INFO SwingWorker-pool-1-thread-3 org.cimmyt.cril.ibwb.provider.helpers.HelperFactor - Saving level for ENTRY factor: ENTRY CD  with value: E0050
INFO SwingWorker-pool-1-thread-3 org.cimmyt.cril.ibwb.provider.helpers.HelperFactor - Saving level for ENTRY factor: DESIG  with value: (CML 451 X (RCYA 99-20)-B-B-42-2)-B-34-1-2/(CML 451 X P 390AM/CML C 4 F 68-B-1-B)-B-11-3-1
INFO SwingWorker-pool-1-thread-3 org.cimmyt.cril.ibwb.provider.helpers.HelperFactor - Saving level for ENTRY factor: GID  with value: -50
INFO SwingWorker-pool-1-thread-3 org.cimmyt.cril.ibwb.provider.helpers.HelperFactor - Saving level for ENTRY factor: ENTRY NUMBER  with value: 51
INFO SwingWorker-pool-1-thread-3 org.cimmyt.cril.ibwb.provider.helpers.HelperFactor - Saving level for ENTRY factor: ENTRY CD  with value: E0051
INFO SwingWorker-pool-1-thread-3 org.cimmyt.cril.ibwb.provider.helpers.HelperFactor - Saving level for ENTRY factor: DESIG  with value: (CML 451 X (RCYA 99-20)-B-B-42-2)-B-37-2-1/(CML 451 X P 390AM/CML C 4 F 68-B-1-B)-B-11-3-2
INFO SwingWorker-pool-1-thread-3 org.cimmyt.cril.ibwb.provider.helpers.HelperFactor - Saving level for ENTRY factor: GID  with value: -51
INFO SwingWorker-pool-1-thread-3 org.cimmyt.cril.ibwb.provider.helpers.HelperFactor - Saving level for ENTRY factor: ENTRY NUMBER  with value: 52
INFO SwingWorker-pool-1-thread-3 org.cimmyt.cril.ibwb.provider.helpers.HelperFactor - Saving level for ENTRY factor: ENTRY CD  with value: E0052
INFO SwingWorker-pool-1-thread-3 org.cimmyt.cril.ibwb.provider.helpers.HelperFactor - Saving level for ENTRY factor: DESIG  with value: (CML 451 X (RCYA 99-20)-B-B-42-2)-B-42-1-1/(CML 451 X P 390AM/CML C 4 F 68-B-1-B)-B-11-4-1
INFO SwingWorker-pool-1-thread-3 org.cimmyt.cril.ibwb.provider.helpers.HelperFactor - Saving level for ENTRY factor: GID  with value: -52
INFO SwingWorker-pool-1-thread-3 org.cimmyt.cril.ibwb.provider.helpers.HelperFactor - Saving level for ENTRY factor: ENTRY NUMBER  with value: 53
INFO SwingWorker-pool-1-thread-3 org.cimmyt.cril.ibwb.provider.helpers.HelperFactor - Saving level for ENTRY factor: ENTRY CD  with value: E0053
INFO SwingWorker-pool-1-thread-3 org.cimmyt.cril.ibwb.provider.helpers.HelperFactor - Saving level for ENTRY factor: DESIG  with value: (CML 451 X (RCYA 99-20)-B-B-42-2)-B-45-1-1/(CML 451 X P 390AM/CML C 4 F 68-B-1-B)-B-29-1-1
INFO SwingWorker-pool-1-thread-3 org.cimmyt.cril.ibwb.provider.helpers.HelperFactor - Saving level for ENTRY factor: GID  with value: -53
INFO SwingWorker-pool-1-thread-3 org.cimmyt.cril.ibwb.provider.helpers.HelperFactor - Saving level for ENTRY factor: ENTRY NUMBER  with value: 54
INFO SwingWorker-pool-1-thread-3 org.cimmyt.cril.ibwb.provider.helpers.HelperFactor - Saving level for ENTRY factor: ENTRY CD  with value: E0054
INFO SwingWorker-pool-1-thread-3 org.cimmyt.cril.ibwb.provider.helpers.HelperFactor - Saving level for ENTRY factor: DESIG  with value: (CML 451 X (RCYA 99-20)-B-B-42-2)-B-45-1-2/(CML 451 X P 390AM/CML C 4 F 68-B-1-B)-B-29-1-2
INFO SwingWorker-pool-1-thread-3 org.cimmyt.cril.ibwb.provider.helpers.HelperFactor - Saving level for ENTRY factor: GID  with value: -54
INFO SwingWorker-pool-1-thread-3 org.cimmyt.cril.ibwb.provider.helpers.HelperFactor - Saving level for ENTRY factor: ENTRY NUMBER  with value: 55
INFO SwingWorker-pool-1-thread-3 org.cimmyt.cril.ibwb.provider.helpers.HelperFactor - Saving level for ENTRY factor: ENTRY CD  with value: E0055
INFO SwingWorker-pool-1-thread-3 org.cimmyt.cril.ibwb.provider.helpers.HelperFactor - Saving level for ENTRY factor: DESIG  with value: (CML 451 X (RCYA 99-20)-B-B-42-2)-B-49-1-1/(CML 451 X P 390AM/CML C 4 F 68-B-1-B)-B-32-1-1
INFO SwingWorker-pool-1-thread-3 org.cimmyt.cril.ibwb.provider.helpers.HelperFactor - Saving level for ENTRY factor: GID  with value: -55
INFO SwingWorker-pool-1-thread-3 org.cimmyt.cril.ibwb.provider.helpers.HelperFactor - Saving level for ENTRY factor: ENTRY NUMBER  with value: 56
INFO SwingWorker-pool-1-thread-3 org.cimmyt.cril.ibwb.provider.helpers.HelperFactor - Saving level for ENTRY factor: ENTRY CD  with value: E0056
INFO SwingWorker-pool-1-thread-3 org.cimmyt.cril.ibwb.provider.helpers.HelperFactor - Saving level for ENTRY factor: DESIG  with value: (CML 451 X (RCYA 99-20)-B-B-42-2)-B-49-1-2/(CML 451 X P 390AM/CML C 4 F 68-B-1-B)-B-32-1-2
INFO SwingWorker-pool-1-thread-3 org.cimmyt.cril.ibwb.provider.helpers.HelperFactor - Saving level for ENTRY factor: GID  with value: -56
INFO SwingWorker-pool-1-thread-3 org.cimmyt.cril.ibwb.provider.helpers.HelperFactor - Saving level for ENTRY factor: ENTRY NUMBER  with value: 57
INFO SwingWorker-pool-1-thread-3 org.cimmyt.cril.ibwb.provider.helpers.HelperFactor - Saving level for ENTRY factor: ENTRY CD  with value: E0057
INFO SwingWorker-pool-1-thread-3 org.cimmyt.cril.ibwb.provider.helpers.HelperFactor - Saving level for ENTRY factor: DESIG  with value: (CML 451 X (RCYA 99-21)-B-B-18-1)-B-1-1-1/(CML 451 X P 390AM/CML C 4 F 68-B-1-B)-B-32-1-3
INFO SwingWorker-pool-1-thread-3 org.cimmyt.cril.ibwb.provider.helpers.HelperFactor - Saving level for ENTRY factor: GID  with value: -57
INFO SwingWorker-pool-1-thread-3 org.cimmyt.cril.ibwb.provider.helpers.HelperFactor - Saving level for ENTRY factor: ENTRY NUMBER  with value: 58
INFO SwingWorker-pool-1-thread-3 org.cimmyt.cril.ibwb.provider.helpers.HelperFactor - Saving level for ENTRY factor: ENTRY CD  with value: E0058
INFO SwingWorker-pool-1-thread-3 org.cimmyt.cril.ibwb.provider.helpers.HelperFactor - Saving level for ENTRY factor: DESIG  with value: (CML 451 X (RCYA 99-21)-B-B-18-1)-B-1-1-2/(CML 451 X C-02836=P 28 C 9 HC 113-3-1-4-BBBB-B-B)-B-12-2-1
INFO SwingWorker-pool-1-thread-3 org.cimmyt.cril.ibwb.provider.helpers.HelperFactor - Saving level for ENTRY factor: GID  with value: -58
INFO SwingWorker-pool-1-thread-3 org.cimmyt.cril.ibwb.provider.helpers.HelperFactor - Saving level for ENTRY factor: ENTRY NUMBER  with value: 59
INFO SwingWorker-pool-1-thread-3 org.cimmyt.cril.ibwb.provider.helpers.HelperFactor - Saving level for ENTRY factor: ENTRY CD  with value: E0059
INFO SwingWorker-pool-1-thread-3 org.cimmyt.cril.ibwb.provider.helpers.HelperFactor - Saving level for ENTRY factor: DESIG  with value: (CML 451 X (RCYA 99-21)-B-B-18-1)-B-1-1-3/(CML 451 X C-02836=P 28 C 9 HC 113-3-1-4-BBBB-B-B)-B-12-2-2
INFO SwingWorker-pool-1-thread-3 org.cimmyt.cril.ibwb.provider.helpers.HelperFactor - Saving level for ENTRY factor: GID  with value: -59
INFO SwingWorker-pool-1-thread-3 org.cimmyt.cril.ibwb.provider.helpers.HelperFactor - Saving level for ENTRY factor: ENTRY NUMBER  with value: 60
INFO SwingWorker-pool-1-thread-3 org.cimmyt.cril.ibwb.provider.helpers.HelperFactor - Saving level for ENTRY factor: ENTRY CD  with value: E0060
INFO SwingWorker-pool-1-thread-3 org.cimmyt.cril.ibwb.provider.helpers.HelperFactor - Saving level for ENTRY factor: DESIG  with value: (CML 451 X (RCYA 99-21)-B-B-18-1)-B-1-2-1/(CML 451 X C-02836=P 28 C 9 HC 113-3-1-4-BBBB-B-B)-B-15-1-1
INFO SwingWorker-pool-1-thread-3 org.cimmyt.cril.ibwb.provider.helpers.HelperFactor - Saving level for ENTRY factor: GID  with value: -60
INFO SwingWorker-pool-1-thread-3 org.cimmyt.cril.ibwb.provider.helpers.HelperFactor - Saving level for ENTRY factor: ENTRY NUMBER  with value: 61
INFO SwingWorker-pool-1-thread-3 org.cimmyt.cril.ibwb.provider.helpers.HelperFactor - Saving level for ENTRY factor: ENTRY CD  with value: E0061
INFO SwingWorker-pool-1-thread-3 org.cimmyt.cril.ibwb.provider.helpers.HelperFactor - Saving level for ENTRY factor: DESIG  with value: (CML 451 X (RCYA 99-21)-B-B-18-1)-B-1-2-2/(CML 451 X C-02836=P 28 C 9 HC 113-3-1-4-BBBB-B-B)-B-15-1-2
INFO SwingWorker-pool-1-thread-3 org.cimmyt.cril.ibwb.provider.helpers.HelperFactor - Saving level for ENTRY factor: GID  with value: -61
INFO SwingWorker-pool-1-thread-3 org.cimmyt.cril.ibwb.provider.helpers.HelperFactor - Saving level for ENTRY factor: ENTRY NUMBER  with value: 62
INFO SwingWorker-pool-1-thread-3 org.cimmyt.cril.ibwb.provider.helpers.HelperFactor - Saving level for ENTRY factor: ENTRY CD  with value: E0062
INFO SwingWorker-pool-1-thread-3 org.cimmyt.cril.ibwb.provider.helpers.HelperFactor - Saving level for ENTRY factor: DESIG  with value: (CML 451 X (RCYA 99-21)-B-B-18-1)-B-5-1-1/(CML 451 X C-02836=P 28 C 9 HC 113-3-1-4-BBBB-B-B)-B-16-2-1
INFO SwingWorker-pool-1-thread-3 org.cimmyt.cril.ibwb.provider.helpers.HelperFactor - Saving level for ENTRY factor: GID  with value: -62
INFO SwingWorker-pool-1-thread-3 org.cimmyt.cril.ibwb.provider.helpers.HelperFactor - Saving level for ENTRY factor: ENTRY NUMBER  with value: 63
INFO SwingWorker-pool-1-thread-3 org.cimmyt.cril.ibwb.provider.helpers.HelperFactor - Saving level for ENTRY factor: ENTRY CD  with value: E0063
INFO SwingWorker-pool-1-thread-3 org.cimmyt.cril.ibwb.provider.helpers.HelperFactor - Saving level for ENTRY factor: DESIG  with value: (CML 451 X (RCYA 99-21)-B-B-18-1)-B-5-1-2/(CML 451 X C-02836=P 28 C 9 HC 113-3-1-4-BBBB-B-B)-B-16-2-2
INFO SwingWorker-pool-1-thread-3 org.cimmyt.cril.ibwb.provider.helpers.HelperFactor - Saving level for ENTRY factor: GID  with value: -63
INFO SwingWorker-pool-1-thread-3 org.cimmyt.cril.ibwb.provider.helpers.HelperFactor - Saving level for ENTRY factor: ENTRY NUMBER  with value: 64
INFO SwingWorker-pool-1-thread-3 org.cimmyt.cril.ibwb.provider.helpers.HelperFactor - Saving level for ENTRY factor: ENTRY CD  with value: E0064
INFO SwingWorker-pool-1-thread-3 org.cimmyt.cril.ibwb.provider.helpers.HelperFactor - Saving level for ENTRY factor: DESIG  with value: (CML 451 X (RCYA 99-21)-B-B-14-1)-B-6-1-1/(CML 451 X C-02836=P 28 C 9 HC 113-3-1-4-BBBB-B-B)-B-20-2-1
INFO SwingWorker-pool-1-thread-3 org.cimmyt.cril.ibwb.provider.helpers.HelperFactor - Saving level for ENTRY factor: GID  with value: -64
INFO SwingWorker-pool-1-thread-3 org.cimmyt.cril.ibwb.provider.helpers.HelperFactor - Saving level for ENTRY factor: ENTRY NUMBER  with value: 65
INFO SwingWorker-pool-1-thread-3 org.cimmyt.cril.ibwb.provider.helpers.HelperFactor - Saving level for ENTRY factor: ENTRY CD  with value: E0065
INFO SwingWorker-pool-1-thread-3 org.cimmyt.cril.ibwb.provider.helpers.HelperFactor - Saving level for ENTRY factor: DESIG  with value: (CML 451 X (RCYA 99-21)-B-B-14-1)-B-6-1-2/(CML 451 X C-02836=P 28 C 9 HC 113-3-1-4-BBBB-B-B)-B-20-2-2
INFO SwingWorker-pool-1-thread-3 org.cimmyt.cril.ibwb.provider.helpers.HelperFactor - Saving level for ENTRY factor: GID  with value: -65
INFO SwingWorker-pool-1-thread-3 org.cimmyt.cril.ibwb.provider.helpers.HelperFactor - Saving level for ENTRY factor: ENTRY NUMBER  with value: 66
INFO SwingWorker-pool-1-thread-3 org.cimmyt.cril.ibwb.provider.helpers.HelperFactor - Saving level for ENTRY factor: ENTRY CD  with value: E0066
INFO SwingWorker-pool-1-thread-3 org.cimmyt.cril.ibwb.provider.helpers.HelperFactor - Saving level for ENTRY factor: DESIG  with value: (CML 451 X (RCYA 99-21)-B-B-14-1)-B-6-1-3/(CML 451 X C-02836=P 28 C 9 HC 113-3-1-4-BBBB-B-B)-B-21-1-1
INFO SwingWorker-pool-1-thread-3 org.cimmyt.cril.ibwb.provider.helpers.HelperFactor - Saving level for ENTRY factor: GID  with value: -66
INFO SwingWorker-pool-1-thread-3 org.cimmyt.cril.ibwb.provider.helpers.HelperFactor - Saving level for ENTRY factor: ENTRY NUMBER  with value: 67
INFO SwingWorker-pool-1-thread-3 org.cimmyt.cril.ibwb.provider.helpers.HelperFactor - Saving level for ENTRY factor: ENTRY CD  with value: E0067
INFO SwingWorker-pool-1-thread-3 org.cimmyt.cril.ibwb.provider.helpers.HelperFactor - Saving level for ENTRY factor: DESIG  with value: (CML 451 X (RCYA 99-21)-B-B-14-1)-B-8-1-1/(CML 451 X C-02836=P 28 C 9 HC 113-3-1-4-BBBB-B-B)-B-21-1-2
INFO SwingWorker-pool-1-thread-3 org.cimmyt.cril.ibwb.provider.helpers.HelperFactor - Saving level for ENTRY factor: GID  with value: -67
INFO SwingWorker-pool-1-thread-3 org.cimmyt.cril.ibwb.provider.helpers.HelperFactor - Saving level for ENTRY factor: ENTRY NUMBER  with value: 68
INFO SwingWorker-pool-1-thread-3 org.cimmyt.cril.ibwb.provider.helpers.HelperFactor - Saving level for ENTRY factor: ENTRY CD  with value: E0068
INFO SwingWorker-pool-1-thread-3 org.cimmyt.cril.ibwb.provider.helpers.HelperFactor - Saving level for ENTRY factor: DESIG  with value: (CML 451 X (RCYA 99-21)-B-B-14-1)-B-8-1-2/(CML 454 X CL RCY 16= (CL-00331*CML-287)-B-6-2-3-BBB)-B-3-1-1
INFO SwingWorker-pool-1-thread-3 org.cimmyt.cril.ibwb.provider.helpers.HelperFactor - Saving level for ENTRY factor: GID  with value: -68
INFO SwingWorker-pool-1-thread-3 org.cimmyt.cril.ibwb.provider.helpers.HelperFactor - Saving level for ENTRY factor: ENTRY NUMBER  with value: 69
INFO SwingWorker-pool-1-thread-3 org.cimmyt.cril.ibwb.provider.helpers.HelperFactor - Saving level for ENTRY factor: ENTRY CD  with value: E0069
INFO SwingWorker-pool-1-thread-3 org.cimmyt.cril.ibwb.provider.helpers.HelperFactor - Saving level for ENTRY factor: DESIG  with value: (CML 451 X (RCYA 99-21)-B-B-14-1)-B-8-2-1/(CML 454 X CL RCY 16= (CL-00331*CML-287)-B-6-2-3-BBB)-B-3-1-2
INFO SwingWorker-pool-1-thread-3 org.cimmyt.cril.ibwb.provider.helpers.HelperFactor - Saving level for ENTRY factor: GID  with value: -69
INFO SwingWorker-pool-1-thread-3 org.cimmyt.cril.ibwb.provider.helpers.HelperFactor - Saving level for ENTRY factor: ENTRY NUMBER  with value: 70
INFO SwingWorker-pool-1-thread-3 org.cimmyt.cril.ibwb.provider.helpers.HelperFactor - Saving level for ENTRY factor: ENTRY CD  with value: E0070
INFO SwingWorker-pool-1-thread-3 org.cimmyt.cril.ibwb.provider.helpers.HelperFactor - Saving level for ENTRY factor: DESIG  with value: (CML 451 X (RCYA 99-21)-B-B-14-1)-B-8-2-2/(CML 454 X CL RCY 16= (CL-00331*CML-287)-B-6-2-3-BBB)-B-4-2-1
INFO SwingWorker-pool-1-thread-3 org.cimmyt.cril.ibwb.provider.helpers.HelperFactor - Saving level for ENTRY factor: GID  with value: -70
INFO SwingWorker-pool-1-thread-3 org.cimmyt.cril.ibwb.provider.helpers.HelperFactor - Saving level for ENTRY factor: ENTRY NUMBER  with value: 71
INFO SwingWorker-pool-1-thread-3 org.cimmyt.cril.ibwb.provider.helpers.HelperFactor - Saving level for ENTRY factor: ENTRY CD  with value: E0071
INFO SwingWorker-pool-1-thread-3 org.cimmyt.cril.ibwb.provider.helpers.HelperFactor - Saving level for ENTRY factor: DESIG  with value: (CML 451 X (RCYA 99-21)-B-B-14-1)-B-11-1-1/(CML 454 X CL RCY 16= (CL-00331*CML-287)-B-6-2-3-BBB)-B-7-1-1
INFO SwingWorker-pool-1-thread-3 org.cimmyt.cril.ibwb.provider.helpers.HelperFactor - Saving level for ENTRY factor: GID  with value: -71
INFO SwingWorker-pool-1-thread-3 org.cimmyt.cril.ibwb.provider.helpers.HelperFactor - Saving level for ENTRY factor: ENTRY NUMBER  with value: 72
INFO SwingWorker-pool-1-thread-3 org.cimmyt.cril.ibwb.provider.helpers.HelperFactor - Saving level for ENTRY factor: ENTRY CD  with value: E0072
INFO SwingWorker-pool-1-thread-3 org.cimmyt.cril.ibwb.provider.helpers.HelperFactor - Saving level for ENTRY factor: DESIG  with value: (CML 451 X (RCYA 99-21)-B-B-14-1)-B-11-1-2/(CML 454 X CL RCY 16= (CL-00331*CML-287)-B-6-2-3-BBB)-B-9-3-1
INFO SwingWorker-pool-1-thread-3 org.cimmyt.cril.ibwb.provider.helpers.HelperFactor - Saving level for ENTRY factor: GID  with value: -72
INFO SwingWorker-pool-1-thread-3 org.cimmyt.cril.ibwb.provider.helpers.HelperFactor - Saving level for ENTRY factor: ENTRY NUMBER  with value: 73
INFO SwingWorker-pool-1-thread-3 org.cimmyt.cril.ibwb.provider.helpers.HelperFactor - Saving level for ENTRY factor: ENTRY CD  with value: E0073
INFO SwingWorker-pool-1-thread-3 org.cimmyt.cril.ibwb.provider.helpers.HelperFactor - Saving level for ENTRY factor: DESIG  with value: (CML 451 X (RCYA 99-21)-B-B-14-1)-B-11-1-3/(CML 454 X CL RCY 16= (CL-00331*CML-287)-B-6-2-3-BBB)-B-9-3-2
INFO SwingWorker-pool-1-thread-3 org.cimmyt.cril.ibwb.provider.helpers.HelperFactor - Saving level for ENTRY factor: GID  with value: -73
INFO SwingWorker-pool-1-thread-3 org.cimmyt.cril.ibwb.provider.helpers.HelperFactor - Saving level for ENTRY factor: ENTRY NUMBER  with value: 74
INFO SwingWorker-pool-1-thread-3 org.cimmyt.cril.ibwb.provider.helpers.HelperFactor - Saving level for ENTRY factor: ENTRY CD  with value: E0074
INFO SwingWorker-pool-1-thread-3 org.cimmyt.cril.ibwb.provider.helpers.HelperFactor - Saving level for ENTRY factor: DESIG  with value: (CML 451 X (RCYA 99-21)-B-B-14-1)-B-11-2-1/(CML 454 X CL RCY 16= (CL-00331*CML-287)-B-6-2-3-BBB)-B-9-4-1
INFO SwingWorker-pool-1-thread-3 org.cimmyt.cril.ibwb.provider.helpers.HelperFactor - Saving level for ENTRY factor: GID  with value: -74
INFO SwingWorker-pool-1-thread-3 org.cimmyt.cril.ibwb.provider.helpers.HelperFactor - Saving level for ENTRY factor: ENTRY NUMBER  with value: 75
INFO SwingWorker-pool-1-thread-3 org.cimmyt.cril.ibwb.provider.helpers.HelperFactor - Saving level for ENTRY factor: ENTRY CD  with value: E0075
INFO SwingWorker-pool-1-thread-3 org.cimmyt.cril.ibwb.provider.helpers.HelperFactor - Saving level for ENTRY factor: DESIG  with value: (CML 451 X (RCYA 99-21)-B-B-14-1)-B-11-2-2/(CML 454 X CL RCY 16= (CL-00331*CML-287)-B-6-2-3-BBB)-B-10-2-1
INFO SwingWorker-pool-1-thread-3 org.cimmyt.cril.ibwb.provider.helpers.HelperFactor - Saving level for ENTRY factor: GID  with value: -75
INFO SwingWorker-pool-1-thread-3 org.cimmyt.cril.ibwb.provider.helpers.HelperFactor - Saving level for ENTRY factor: ENTRY NUMBER  with value: 76
INFO SwingWorker-pool-1-thread-3 org.cimmyt.cril.ibwb.provider.helpers.HelperFactor - Saving level for ENTRY factor: ENTRY CD  with value: E0076
INFO SwingWorker-pool-1-thread-3 org.cimmyt.cril.ibwb.provider.helpers.HelperFactor - Saving level for ENTRY factor: DESIG  with value: (CML 451 X (RCYA 99-21)-B-B-14-1)-B-28-1-1/(CML 454 X CL RCY 16= (CL-00331*CML-287)-B-6-2-3-BBB)-B-10-2-2
INFO SwingWorker-pool-1-thread-3 org.cimmyt.cril.ibwb.provider.helpers.HelperFactor - Saving level for ENTRY factor: GID  with value: -76
INFO SwingWorker-pool-1-thread-3 org.cimmyt.cril.ibwb.provider.helpers.HelperFactor - Saving level for ENTRY factor: ENTRY NUMBER  with value: 77
INFO SwingWorker-pool-1-thread-3 org.cimmyt.cril.ibwb.provider.helpers.HelperFactor - Saving level for ENTRY factor: ENTRY CD  with value: E0077
INFO SwingWorker-pool-1-thread-3 org.cimmyt.cril.ibwb.provider.helpers.HelperFactor - Saving level for ENTRY factor: DESIG  with value: (CML 451 X (RCYA 99-21)-B-B-14-1)-B-28-1-2/(CML 454 X CL RCY 16= (CL-00331*CML-287)-B-6-2-3-BBB)-B-11-1-1
INFO SwingWorker-pool-1-thread-3 org.cimmyt.cril.ibwb.provider.helpers.HelperFactor - Saving level for ENTRY factor: GID  with value: -77
INFO SwingWorker-pool-1-thread-3 org.cimmyt.cril.ibwb.provider.helpers.HelperFactor - Saving level for ENTRY factor: ENTRY NUMBER  with value: 78
INFO SwingWorker-pool-1-thread-3 org.cimmyt.cril.ibwb.provider.helpers.HelperFactor - Saving level for ENTRY factor: ENTRY CD  with value: E0078
INFO SwingWorker-pool-1-thread-3 org.cimmyt.cril.ibwb.provider.helpers.HelperFactor - Saving level for ENTRY factor: DESIG  with value: (CML 451 X (RCYA 99-21)-B-B-14-1)-B-28-2-1/(CML 454 X CL RCY 16= (CL-00331*CML-287)-B-6-2-3-BBB)-B-11-1-2
INFO SwingWorker-pool-1-thread-3 org.cimmyt.cril.ibwb.provider.helpers.HelperFactor - Saving level for ENTRY factor: GID  with value: -78
INFO SwingWorker-pool-1-thread-3 org.cimmyt.cril.ibwb.provider.helpers.HelperFactor - Saving level for ENTRY factor: ENTRY NUMBER  with value: 79
INFO SwingWorker-pool-1-thread-3 org.cimmyt.cril.ibwb.provider.helpers.HelperFactor - Saving level for ENTRY factor: ENTRY CD  with value: E0079
INFO SwingWorker-pool-1-thread-3 org.cimmyt.cril.ibwb.provider.helpers.HelperFactor - Saving level for ENTRY factor: DESIG  with value: (CML 451 X (RCYA 99-21)-B-B-14-1)-B-28-2-2/(CML 454 X CL RCY 16= (CL-00331*CML-287)-B-6-2-3-BBB)-B-11-2-1
INFO SwingWorker-pool-1-thread-3 org.cimmyt.cril.ibwb.provider.helpers.HelperFactor - Saving level for ENTRY factor: GID  with value: -79
INFO SwingWorker-pool-1-thread-3 org.cimmyt.cril.ibwb.provider.helpers.HelperFactor - Saving level for ENTRY factor: ENTRY NUMBER  with value: 80
INFO SwingWorker-pool-1-thread-3 org.cimmyt.cril.ibwb.provider.helpers.HelperFactor - Saving level for ENTRY factor: ENTRY CD  with value: E0080
INFO SwingWorker-pool-1-thread-3 org.cimmyt.cril.ibwb.provider.helpers.HelperFactor - Saving level for ENTRY factor: DESIG  with value: (CML 451 X (RCYA 99-21)-B-B-14-1)-B-42-2-1/(CML 454 X CL RCY 16= (CL-00331*CML-287)-B-6-2-3-BBB)-B-11-2-2
INFO SwingWorker-pool-1-thread-3 org.cimmyt.cril.ibwb.provider.helpers.HelperFactor - Saving level for ENTRY factor: GID  with value: -80
INFO SwingWorker-pool-1-thread-3 org.cimmyt.cril.ibwb.provider.helpers.HelperFactor - Saving level for ENTRY factor: ENTRY NUMBER  with value: 81
INFO SwingWorker-pool-1-thread-3 org.cimmyt.cril.ibwb.provider.helpers.HelperFactor - Saving level for ENTRY factor: ENTRY CD  with value: E0081
INFO SwingWorker-pool-1-thread-3 org.cimmyt.cril.ibwb.provider.helpers.HelperFactor - Saving level for ENTRY factor: DESIG  with value: (CML 451 X (RCYA 99-21)-B-B-14-1)-B-43-1-1/(CML 454 X CL RCY 16= (CL-00331*CML-287)-B-6-2-3-BBB)-B-14-2-1
INFO SwingWorker-pool-1-thread-3 org.cimmyt.cril.ibwb.provider.helpers.HelperFactor - Saving level for ENTRY factor: GID  with value: -81
INFO SwingWorker-pool-1-thread-3 org.cimmyt.cril.ibwb.provider.helpers.HelperFactor - Saving level for ENTRY factor: ENTRY NUMBER  with value: 82
INFO SwingWorker-pool-1-thread-3 org.cimmyt.cril.ibwb.provider.helpers.HelperFactor - Saving level for ENTRY factor: ENTRY CD  with value: E0082
INFO SwingWorker-pool-1-thread-3 org.cimmyt.cril.ibwb.provider.helpers.HelperFactor - Saving level for ENTRY factor: DESIG  with value: (CML 451 X (RCYA 99-21)-B-B-14-1)-B-43-1-2/(CML 454 X CL RCY 16= (CL-00331*CML-287)-B-6-2-3-BBB)-B-14-2-2
INFO SwingWorker-pool-1-thread-3 org.cimmyt.cril.ibwb.provider.helpers.HelperFactor - Saving level for ENTRY factor: GID  with value: -82
INFO SwingWorker-pool-1-thread-3 org.cimmyt.cril.ibwb.provider.helpers.HelperFactor - Saving level for ENTRY factor: ENTRY NUMBER  with value: 83
INFO SwingWorker-pool-1-thread-3 org.cimmyt.cril.ibwb.provider.helpers.HelperFactor - Saving level for ENTRY factor: ENTRY CD  with value: E0083
INFO SwingWorker-pool-1-thread-3 org.cimmyt.cril.ibwb.provider.helpers.HelperFactor - Saving level for ENTRY factor: DESIG  with value: (CML 451 X (RCYA 99-21)-B-B-14-1)-B-43-2-1/(CML 451 X IBP 4 C 3 TLYF-88-2-3-2-1-B)-B-12-1-1
INFO SwingWorker-pool-1-thread-3 org.cimmyt.cril.ibwb.provider.helpers.HelperFactor - Saving level for ENTRY factor: GID  with value: -83
INFO SwingWorker-pool-1-thread-3 org.cimmyt.cril.ibwb.provider.helpers.HelperFactor - Saving level for ENTRY factor: ENTRY NUMBER  with value: 84
INFO SwingWorker-pool-1-thread-3 org.cimmyt.cril.ibwb.provider.helpers.HelperFactor - Saving level for ENTRY factor: ENTRY CD  with value: E0084
INFO SwingWorker-pool-1-thread-3 org.cimmyt.cril.ibwb.provider.helpers.HelperFactor - Saving level for ENTRY factor: DESIG  with value: (CML 451 X (RCYA 99-21)-B-B-14-1)-B-43-2-2/(CML 451 X IBP 4 C 3 TLYF-88-2-3-2-1-B)-B-12-1-2
INFO SwingWorker-pool-1-thread-3 org.cimmyt.cril.ibwb.provider.helpers.HelperFactor - Saving level for ENTRY factor: GID  with value: -84
INFO SwingWorker-pool-1-thread-3 org.cimmyt.cril.ibwb.provider.helpers.HelperFactor - Saving level for ENTRY factor: ENTRY NUMBER  with value: 85
INFO SwingWorker-pool-1-thread-3 org.cimmyt.cril.ibwb.provider.helpers.HelperFactor - Saving level for ENTRY factor: ENTRY CD  with value: E0085
INFO SwingWorker-pool-1-thread-3 org.cimmyt.cril.ibwb.provider.helpers.HelperFactor - Saving level for ENTRY factor: DESIG  with value: (CML 451 X (RCYA 99-21)-B-B-14-1)-B-45-1-1/(CML 451 X IBP 4 C 3 TLYF-88-2-3-2-1-B)-B-19-1-1
INFO SwingWorker-pool-1-thread-3 org.cimmyt.cril.ibwb.provider.helpers.HelperFactor - Saving level for ENTRY factor: GID  with value: -85
INFO SwingWorker-pool-1-thread-3 org.cimmyt.cril.ibwb.provider.helpers.HelperFactor - Saving level for ENTRY factor: ENTRY NUMBER  with value: 86
INFO SwingWorker-pool-1-thread-3 org.cimmyt.cril.ibwb.provider.helpers.HelperFactor - Saving level for ENTRY factor: ENTRY CD  with value: E0086
INFO SwingWorker-pool-1-thread-3 org.cimmyt.cril.ibwb.provider.helpers.HelperFactor - Saving level for ENTRY factor: DESIG  with value: (CML 451 X (RCYA 99-21)-B-B-14-1)-B-45-1-2/(CML 451 X IBP 4 C 3 TLYF-88-2-3-2-1-B)-B-29-1-1
INFO SwingWorker-pool-1-thread-3 org.cimmyt.cril.ibwb.provider.helpers.HelperFactor - Saving level for ENTRY factor: GID  with value: -86
INFO SwingWorker-pool-1-thread-3 org.cimmyt.cril.ibwb.provider.helpers.HelperFactor - Saving level for ENTRY factor: ENTRY NUMBER  with value: 87
INFO SwingWorker-pool-1-thread-3 org.cimmyt.cril.ibwb.provider.helpers.HelperFactor - Saving level for ENTRY factor: ENTRY CD  with value: E0087
INFO SwingWorker-pool-1-thread-3 org.cimmyt.cril.ibwb.provider.helpers.HelperFactor - Saving level for ENTRY factor: DESIG  with value: (CML 451 X (RCYA 99-20)-B-B-47-3-B)-B-34-1-1/(CML 451 X IBP 4 C 3 TLYF-88-2-3-2-1-B)-B-29-1-2
INFO SwingWorker-pool-1-thread-3 org.cimmyt.cril.ibwb.provider.helpers.HelperFactor - Saving level for ENTRY factor: GID  with value: -87
INFO SwingWorker-pool-1-thread-3 org.cimmyt.cril.ibwb.provider.helpers.HelperFactor - Saving level for ENTRY factor: ENTRY NUMBER  with value: 88
INFO SwingWorker-pool-1-thread-3 org.cimmyt.cril.ibwb.provider.helpers.HelperFactor - Saving level for ENTRY factor: ENTRY CD  with value: E0088
INFO SwingWorker-pool-1-thread-3 org.cimmyt.cril.ibwb.provider.helpers.HelperFactor - Saving level for ENTRY factor: DESIG  with value: (CML 451 X (RCYA 99-17)-B-B-14-1)-B-16-2-1/(CML 451 X IBP 4 C 3 TLYF-88-2-3-2-1-B)-B-29-2-1
INFO SwingWorker-pool-1-thread-3 org.cimmyt.cril.ibwb.provider.helpers.HelperFactor - Saving level for ENTRY factor: GID  with value: -88
INFO SwingWorker-pool-1-thread-3 org.cimmyt.cril.ibwb.provider.helpers.HelperFactor - Saving level for ENTRY factor: ENTRY NUMBER  with value: 89
INFO SwingWorker-pool-1-thread-3 org.cimmyt.cril.ibwb.provider.helpers.HelperFactor - Saving level for ENTRY factor: ENTRY CD  with value: E0089
INFO SwingWorker-pool-1-thread-3 org.cimmyt.cril.ibwb.provider.helpers.HelperFactor - Saving level for ENTRY factor: DESIG  with value: (CML 451 X (RCYA 99-17)-B-B-14-1)-B-16-2-2/(CML 451 X IBP 4 C 3 TLYF-88-2-3-2-1-B)-B-29-3-1
INFO SwingWorker-pool-1-thread-3 org.cimmyt.cril.ibwb.provider.helpers.HelperFactor - Saving level for ENTRY factor: GID  with value: -89
INFO SwingWorker-pool-1-thread-3 org.cimmyt.cril.ibwb.provider.helpers.HelperFactor - Saving level for ENTRY factor: ENTRY NUMBER  with value: 90
INFO SwingWorker-pool-1-thread-3 org.cimmyt.cril.ibwb.provider.helpers.HelperFactor - Saving level for ENTRY factor: ENTRY CD  with value: E0090
INFO SwingWorker-pool-1-thread-3 org.cimmyt.cril.ibwb.provider.helpers.HelperFactor - Saving level for ENTRY factor: DESIG  with value: (CML 451 X (RCYA 99-17)-B-B-14-1)-B-22-1-1/(CML 451 X IBP 4 C 3 TLYF-88-2-3-2-1-B)-B-29-3-2
INFO SwingWorker-pool-1-thread-3 org.cimmyt.cril.ibwb.provider.helpers.HelperFactor - Saving level for ENTRY factor: GID  with value: -90
INFO SwingWorker-pool-1-thread-3 org.cimmyt.cril.ibwb.provider.helpers.HelperFactor - Saving level for ENTRY factor: ENTRY NUMBER  with value: 91
INFO SwingWorker-pool-1-thread-3 org.cimmyt.cril.ibwb.provider.helpers.HelperFactor - Saving level for ENTRY factor: ENTRY CD  with value: E0091
INFO SwingWorker-pool-1-thread-3 org.cimmyt.cril.ibwb.provider.helpers.HelperFactor - Saving level for ENTRY factor: DESIG  with value: (CML 451 X (RCYA 99-17)-B-B-14-1)-B-22-1-2/(CML 451 X IBP 4 C 3 TLYF-88-2-3-2-1-B)-B-29-3-3
INFO SwingWorker-pool-1-thread-3 org.cimmyt.cril.ibwb.provider.helpers.HelperFactor - Saving level for ENTRY factor: GID  with value: -91
INFO SwingWorker-pool-1-thread-3 org.cimmyt.cril.ibwb.provider.helpers.HelperFactor - Saving level for ENTRY factor: ENTRY NUMBER  with value: 92
INFO SwingWorker-pool-1-thread-3 org.cimmyt.cril.ibwb.provider.helpers.HelperFactor - Saving level for ENTRY factor: ENTRY CD  with value: E0092
INFO SwingWorker-pool-1-thread-3 org.cimmyt.cril.ibwb.provider.helpers.HelperFactor - Saving level for ENTRY factor: DESIG  with value: (CML 451 X (RCYA 99-17)-B-B-14-1)-B-22-2-1/(CML 451 X IBP 4 C 3 TLYF-88-2-3-2-1-B)-B-34-1-1
INFO SwingWorker-pool-1-thread-3 org.cimmyt.cril.ibwb.provider.helpers.HelperFactor - Saving level for ENTRY factor: GID  with value: -92
INFO SwingWorker-pool-1-thread-3 org.cimmyt.cril.ibwb.provider.helpers.HelperFactor - Saving level for ENTRY factor: ENTRY NUMBER  with value: 93
INFO SwingWorker-pool-1-thread-3 org.cimmyt.cril.ibwb.provider.helpers.HelperFactor - Saving level for ENTRY factor: ENTRY CD  with value: E0093
INFO SwingWorker-pool-1-thread-3 org.cimmyt.cril.ibwb.provider.helpers.HelperFactor - Saving level for ENTRY factor: DESIG  with value: (CML 451 X (RCYA 99-17)-B-B-14-1)-B-22-2-2/(CML 451 X IBP 4 C 3 TLYF-88-2-3-2-1-B)-B-34-3-1
INFO SwingWorker-pool-1-thread-3 org.cimmyt.cril.ibwb.provider.helpers.HelperFactor - Saving level for ENTRY factor: GID  with value: -93
INFO SwingWorker-pool-1-thread-3 org.cimmyt.cril.ibwb.provider.helpers.HelperWorkbook - Saving levels for entrys DONE!
INFO SwingWorker-pool-1-thread-3 org.cimmyt.cril.ibwb.provider.helpers.HelperWorkbook - Saving levels for plots....
INFO SwingWorker-pool-1-thread-3 org.cimmyt.cril.ibwb.provider.helpers.HelperWorkbook - Saving levels for plots DONE!
INFO SwingWorker-pool-1-thread-3 org.cimmyt.cril.ibwb.provider.IBWBAppServicesImpl - Savin workbook DONE!
INFO AWT-EventQueue-1 org.cimmyt.cril.ibwb.provider.dao.TraitsDAO - Checking if Traits table exists
INFO AWT-EventQueue-1 org.cimmyt.cril.ibwb.provider.dao.TraitsDAO - Traits table found!
INFO AWT-EventQueue-1 org.cimmyt.cril.ibwb.provider.dao.TraitsDAO - Checking if Traits table exists DONE....
INFO AWT-EventQueue-1 org.cimmyt.cril.ibwb.provider.dao.TraitsDAO - Checking if Traits table exists
INFO AWT-EventQueue-1 org.cimmyt.cril.ibwb.provider.dao.TraitsDAO - Traits table found!
INFO AWT-EventQueue-1 org.cimmyt.cril.ibwb.provider.dao.TraitsDAO - Checking if Traits table exists DONE....
INFO AWT-EventQueue-1 org.cimmyt.cril.ibwb.provider.dao.TransformationsDAO - Checking if TmsTransformations table exists
INFO AWT-EventQueue-1 org.cimmyt.cril.ibwb.provider.dao.TransformationsDAO - TmsTransformations table found!
INFO AWT-EventQueue-1 org.cimmyt.cril.ibwb.provider.dao.TransformationsDAO - Checking if TmsTransformations table exists DONE....
INFO AWT-EventQueue-1 org.cimmyt.cril.ibwb.provider.dao.TransformationsDAO - Checking if TmsTransformations table exists
INFO AWT-EventQueue-1 org.cimmyt.cril.ibwb.provider.dao.TransformationsDAO - TmsTransformations table found!
INFO AWT-EventQueue-1 org.cimmyt.cril.ibwb.provider.dao.TransformationsDAO - Checking if TmsTransformations table exists DONE....
INFO AWT-EventQueue-1 org.cimmyt.cril.ibwb.provider.dao.ContinuousConversionDAO - Checking if TmsContinuous-conversion table exists
INFO AWT-EventQueue-1 org.cimmyt.cril.ibwb.provider.dao.ContinuousConversionDAO - TmsContinuous-conversion table found!
INFO AWT-EventQueue-1 org.cimmyt.cril.ibwb.provider.dao.ContinuousConversionDAO - Checking if TmsContinuous-conversion table exists DONE....
INFO AWT-EventQueue-1 org.cimmyt.cril.ibwb.provider.dao.ContinuousConversionDAO - Checking if TmsContinuous-conversion table exists
INFO AWT-EventQueue-1 org.cimmyt.cril.ibwb.provider.dao.ContinuousConversionDAO - TmsContinuous-conversion table found!
INFO AWT-EventQueue-1 org.cimmyt.cril.ibwb.provider.dao.ContinuousConversionDAO - Checking if TmsContinuous-conversion table exists DONE....
INFO AWT-EventQueue-1 org.cimmyt.cril.ibwb.provider.dao.ContinuousFunctionDAO - Checking if TmsContinuous-function table exists
INFO AWT-EventQueue-1 org.cimmyt.cril.ibwb.provider.dao.ContinuousFunctionDAO - TmsContinuous-function table found!
INFO AWT-EventQueue-1 org.cimmyt.cril.ibwb.provider.dao.ContinuousFunctionDAO - Checking if TmsContinuous-function table exists DONE....
INFO AWT-EventQueue-1 org.cimmyt.cril.ibwb.provider.dao.ContinuousFunctionDAO - Checking if TmsContinuous-function table exists
INFO AWT-EventQueue-1 org.cimmyt.cril.ibwb.provider.dao.ContinuousFunctionDAO - TmsContinuous-function table found!
INFO AWT-EventQueue-1 org.cimmyt.cril.ibwb.provider.dao.ContinuousFunctionDAO - Checking if TmsContinuous-function table exists DONE....
INFO AWT-EventQueue-1 org.cimmyt.cril.ibwb.provider.dao.DiscreteConversionDAO - Checking if TmsDiscrete-conversion table exists
INFO AWT-EventQueue-1 org.cimmyt.cril.ibwb.provider.dao.DiscreteConversionDAO - TmsDiscrete-conversion table found!
INFO AWT-EventQueue-1 org.cimmyt.cril.ibwb.provider.dao.DiscreteConversionDAO - Checking if TmsDiscrete-conversion table exists DONE....
INFO AWT-EventQueue-1 org.cimmyt.cril.ibwb.provider.dao.DiscreteConversionDAO - Checking if TmsDiscrete-conversion table exists
INFO AWT-EventQueue-1 org.cimmyt.cril.ibwb.provider.dao.DiscreteConversionDAO - TmsDiscrete-conversion table found!
INFO AWT-EventQueue-1 org.cimmyt.cril.ibwb.provider.dao.DiscreteConversionDAO - Checking if TmsDiscrete-conversion table exists DONE....
INFO AWT-EventQueue-1 org.cimmyt.cril.ibwb.provider.dao.TmsConsistencyChecksDAO - Checking if TmsConsistency-checks table exists
INFO AWT-EventQueue-1 org.cimmyt.cril.ibwb.provider.dao.TmsConsistencyChecksDAO - TmsConsistency-checks table found!
INFO AWT-EventQueue-1 org.cimmyt.cril.ibwb.provider.dao.TmsConsistencyChecksDAO - Checking if TmsConsistency-checks table exists DONE....
INFO AWT-EventQueue-1 org.cimmyt.cril.ibwb.provider.dao.TmsConsistencyChecksDAO - Checking if TmsConsistency-checks table exists
INFO AWT-EventQueue-1 org.cimmyt.cril.ibwb.provider.dao.TmsConsistencyChecksDAO - TmsConsistency-checks table found!
INFO AWT-EventQueue-1 org.cimmyt.cril.ibwb.provider.dao.TmsConsistencyChecksDAO - Checking if TmsConsistency-checks table exists DONE....
