INFO AWT-EventQueue-1 org.cimmyt.cril.ibwb.provider.helpers.HelperGermplasm - Germplsm gid : 4905617
INFO AWT-EventQueue-1 org.cimmyt.cril.ibwb.provider.helpers.HelperGermplasm - Gid : 4905617
INFO AWT-EventQueue-1 org.cimmyt.cril.ibwb.provider.helpers.HelperGermplasm - Germplsm gid : 4905617
INFO AWT-EventQueue-1 org.cimmyt.cril.ibwb.provider.helpers.HelperGermplasm - Gid : 4905617
INFO AWT-EventQueue-1 org.cimmyt.cril.ibwb.provider.helpers.HelperGermplasm - Germplsm gid : 4905617
INFO AWT-EventQueue-1 org.cimmyt.cril.ibwb.provider.helpers.HelperGermplasm - Gid : 5106250
INFO AWT-EventQueue-1 org.cimmyt.cril.ibwb.provider.helpers.HelperGermplasm - Germplsm gid : 5106250
INFO AWT-EventQueue-1 org.cimmyt.cril.ibwb.provider.helpers.HelperGermplasm - Gid : 5106250
INFO AWT-EventQueue-1 org.cimmyt.cril.ibwb.provider.helpers.HelperGermplasm - Germplsm gid : 5106250
INFO AWT-EventQueue-1 org.cimmyt.cril.ibwb.provider.helpers.HelperGermplasm - Gid : 5106646
INFO AWT-EventQueue-1 org.cimmyt.cril.ibwb.provider.helpers.HelperGermplasm - Germplsm gid : 5106646
INFO AWT-EventQueue-1 org.cimmyt.cril.ibwb.provider.helpers.HelperGermplasm - Gid : 5106646
INFO AWT-EventQueue-1 org.cimmyt.cril.ibwb.provider.helpers.HelperGermplasm - Germplsm gid : 5106646
INFO AWT-EventQueue-1 org.cimmyt.cril.ibwb.provider.helpers.HelperGermplasm - Gid : 5106646
INFO AWT-EventQueue-1 org.cimmyt.cril.ibwb.provider.helpers.HelperGermplasm - Germplsm gid : 5106646
INFO AWT-EventQueue-1 org.cimmyt.cril.ibwb.provider.helpers.HelperGermplasm - Iniciando el proceso de recuperacion de maximos para los fmale
INFO AWT-EventQueue-1 org.cimmyt.cril.ibwb.provider.helpers.HelperGermplasm - seteando los datos del male a los objetos GermplasmSearchFmale
INFO AWT-EventQueue-1 org.cimmyt.cril.ibwb.provider.helpers.HelperGermplasm - Extrayendo las diferentes convinaciones de studio y trial para fmale
INFO AWT-EventQueue-1 org.cimmyt.cril.ibwb.provider.helpers.HelperGermplasm - Recuperando la organization, program, harvdate y lid
INFO AWT-EventQueue-1 org.cimmyt.cril.ibwb.provider.helpers.HelperFactor - Factor Name: Organization   FactorId: 1702955
INFO AWT-EventQueue-1 org.cimmyt.cril.ibwb.provider.helpers.HelperFactor - Cargando Measuredin con tid: 1803 scaleid: 1002 tmethid: 3012
INFO AWT-EventQueue-1 org.cimmyt.cril.ibwb.provider.helpers.HelperFactor - Cargando levels del factor: Organization labelid: 1702960
INFO AWT-EventQueue-1 org.cimmyt.cril.ibwb.provider.helpers.HelperFactor - Level tipo C.
INFO AWT-EventQueue-1 org.cimmyt.cril.ibwb.provider.helpers.HelperFactor - Factor Name: HARVDATE   FactorId: 1702964
INFO AWT-EventQueue-1 org.cimmyt.cril.ibwb.provider.helpers.HelperFactor - Cargando Measuredin con tid: 1818 scaleid: 1001 tmethid: 3027
INFO AWT-EventQueue-1 org.cimmyt.cril.ibwb.provider.helpers.HelperFactor - Cargando levels del factor: HARVDATE labelid: 1702977
INFO AWT-EventQueue-1 org.cimmyt.cril.ibwb.provider.helpers.HelperFactor - Level tipo N.
INFO AWT-EventQueue-1 org.cimmyt.cril.ibwb.provider.helpers.HelperFactor - Factor Name: LID   FactorId: 1702964
INFO AWT-EventQueue-1 org.cimmyt.cril.ibwb.provider.helpers.HelperFactor - Cargando Measuredin con tid: 1811 scaleid: 1002 tmethid: 3020
INFO AWT-EventQueue-1 org.cimmyt.cril.ibwb.provider.helpers.HelperFactor - Cargando levels del factor: LID labelid: 1702968
INFO AWT-EventQueue-1 org.cimmyt.cril.ibwb.provider.helpers.HelperFactor - Level tipo C.
INFO AWT-EventQueue-1 org.cimmyt.cril.ibwb.provider.helpers.HelperGermplasm - Extrayendo las diferentes convinaciones de studio y trial para Male
INFO AWT-EventQueue-1 org.cimmyt.cril.ibwb.provider.helpers.HelperGermplasm - Recuperando lista de factores por estudio y trial detectado para ejecutarquery center 
INFO AWT-EventQueue-1 org.cimmyt.cril.ibwb.provider.dao.helpers.HelperGmsReader - Definiendo orden de busquedas
INFO AWT-EventQueue-1 org.cimmyt.cril.ibwb.provider.dao.helpers.HelperGmsReader - --> Recuperando el nombre del estudio
INFO AWT-EventQueue-1 org.cimmyt.cril.ibwb.provider.dao.helpers.HelperGmsReader - --> Termina Recuperacion del nombre del estudio.
INFO AWT-EventQueue-1 org.cimmyt.cril.ibwb.provider.dao.helpers.HelperGmsReader - --> Recuperando factores principales.
INFO AWT-EventQueue-1 org.cimmyt.cril.ibwb.provider.dao.helpers.HelperGmsReader - --> Termina Recuperando factores principales.
INFO AWT-EventQueue-1 org.cimmyt.cril.ibwb.provider.dao.helpers.HelperGmsReader - --> Recuperando factores salida.
INFO AWT-EventQueue-1 org.cimmyt.cril.ibwb.provider.dao.helpers.HelperGmsReader - --> Termina Recuperando factores salida.
INFO AWT-EventQueue-1 org.cimmyt.cril.ibwb.provider.dao.helpers.HelperGmsReader - Getting trial randomization
INFO AWT-EventQueue-1 org.cimmyt.cril.ibwb.provider.dao.helpers.HelperGmsReader - Getting trial randomization.... DONE
INFO AWT-EventQueue-1 org.cimmyt.cril.ibwb.provider.dao.helpers.HelperGmsReader - Definiendo orden de busquedas
INFO AWT-EventQueue-1 org.cimmyt.cril.ibwb.provider.dao.helpers.HelperGmsReader - --> Recuperando el nombre del estudio
INFO AWT-EventQueue-1 org.cimmyt.cril.ibwb.provider.dao.helpers.HelperGmsReader - --> Termina Recuperacion del nombre del estudio.
INFO AWT-EventQueue-1 org.cimmyt.cril.ibwb.provider.dao.helpers.HelperGmsReader - --> Recuperando factores principales.
INFO AWT-EventQueue-1 org.cimmyt.cril.ibwb.provider.dao.helpers.HelperGmsReader - --> Termina Recuperando factores principales.
INFO AWT-EventQueue-1 org.cimmyt.cril.ibwb.provider.dao.helpers.HelperGmsReader - --> Recuperando factores salida.
INFO AWT-EventQueue-1 org.cimmyt.cril.ibwb.provider.dao.helpers.HelperGmsReader - --> Termina Recuperando factores salida.
INFO AWT-EventQueue-1 org.cimmyt.cril.ibwb.provider.dao.helpers.HelperGmsReader - Getting trial randomization
INFO AWT-EventQueue-1 org.cimmyt.cril.ibwb.provider.dao.helpers.HelperGmsReader - Getting trial randomization.... DONE
INFO AWT-EventQueue-1 org.cimmyt.cril.ibwb.provider.helpers.HelperGermplasm - Iterando en los resulset para optener el gid del germoplasma
INFO AWT-EventQueue-1 org.cimmyt.cril.ibwb.provider.helpers.HelperGermplasm - Y recuperar los germplasm y los names
INFO AWT-EventQueue-1 org.cimmyt.cril.ibwb.provider.helpers.HelperGermplasm - Gid : 4988512
INFO AWT-EventQueue-1 org.cimmyt.cril.ibwb.provider.helpers.HelperGermplasm - Germplsm gid : 4988512
INFO AWT-EventQueue-1 org.cimmyt.cril.ibwb.provider.helpers.HelperGermplasm - Gid : 4988511
INFO AWT-EventQueue-1 org.cimmyt.cril.ibwb.provider.helpers.HelperGermplasm - Germplsm gid : 4988511
INFO AWT-EventQueue-1 org.cimmyt.cril.ibwb.provider.helpers.HelperGermplasm - Gid : 4988510
INFO AWT-EventQueue-1 org.cimmyt.cril.ibwb.provider.helpers.HelperGermplasm - Germplsm gid : 4988510
INFO AWT-EventQueue-1 org.cimmyt.cril.ibwb.provider.helpers.HelperGermplasm - Gid : 4988509
INFO AWT-EventQueue-1 org.cimmyt.cril.ibwb.provider.helpers.HelperGermplasm - Germplsm gid : 4988509
INFO AWT-EventQueue-1 org.cimmyt.cril.ibwb.provider.helpers.HelperGermplasm - Gid : 4988508
INFO AWT-EventQueue-1 org.cimmyt.cril.ibwb.provider.helpers.HelperGermplasm - Germplsm gid : 4988508
INFO AWT-EventQueue-1 org.cimmyt.cril.ibwb.provider.helpers.HelperGermplasm - Gid : 4988507
INFO AWT-EventQueue-1 org.cimmyt.cril.ibwb.provider.helpers.HelperGermplasm - Germplsm gid : 4988507
INFO AWT-EventQueue-1 org.cimmyt.cril.ibwb.provider.helpers.HelperGermplasm - Gid : 4988506
INFO AWT-EventQueue-1 org.cimmyt.cril.ibwb.provider.helpers.HelperGermplasm - Germplsm gid : 4988506
INFO AWT-EventQueue-1 org.cimmyt.cril.ibwb.provider.helpers.HelperGermplasm - Gid : 4988505
INFO AWT-EventQueue-1 org.cimmyt.cril.ibwb.provider.helpers.HelperGermplasm - Germplsm gid : 4988505
INFO AWT-EventQueue-1 org.cimmyt.cril.ibwb.provider.helpers.HelperGermplasm - Gid : 4988504
INFO AWT-EventQueue-1 org.cimmyt.cril.ibwb.provider.helpers.HelperGermplasm - Germplsm gid : 4988504
INFO AWT-EventQueue-1 org.cimmyt.cril.ibwb.provider.helpers.HelperGermplasm - Gid : 4988503
INFO AWT-EventQueue-1 org.cimmyt.cril.ibwb.provider.helpers.HelperGermplasm - Germplsm gid : 4988503
INFO AWT-EventQueue-1 org.cimmyt.cril.ibwb.provider.helpers.HelperGermplasm - Gid : 4905617
INFO AWT-EventQueue-1 org.cimmyt.cril.ibwb.provider.helpers.HelperGermplasm - Germplsm gid : 4905617
INFO AWT-EventQueue-1 org.cimmyt.cril.ibwb.provider.helpers.HelperGermplasm - Gid : 4905617
INFO AWT-EventQueue-1 org.cimmyt.cril.ibwb.provider.helpers.HelperGermplasm - Germplsm gid : 4905617
INFO AWT-EventQueue-1 org.cimmyt.cril.ibwb.provider.helpers.HelperGermplasm - Gid : 4905617
INFO AWT-EventQueue-1 org.cimmyt.cril.ibwb.provider.helpers.HelperGermplasm - Germplsm gid : 4905617
INFO AWT-EventQueue-1 org.cimmyt.cril.ibwb.provider.helpers.HelperGermplasm - Gid : 4905617
INFO AWT-EventQueue-1 org.cimmyt.cril.ibwb.provider.helpers.HelperGermplasm - Germplsm gid : 4905617
INFO AWT-EventQueue-1 org.cimmyt.cril.ibwb.provider.helpers.HelperGermplasm - Gid : 4905617
INFO AWT-EventQueue-1 org.cimmyt.cril.ibwb.provider.helpers.HelperGermplasm - Germplsm gid : 4905617
INFO AWT-EventQueue-1 org.cimmyt.cril.ibwb.provider.helpers.HelperGermplasm - Gid : 5106250
INFO AWT-EventQueue-1 org.cimmyt.cril.ibwb.provider.helpers.HelperGermplasm - Germplsm gid : 5106250
INFO AWT-EventQueue-1 org.cimmyt.cril.ibwb.provider.helpers.HelperGermplasm - Gid : 5106250
INFO AWT-EventQueue-1 org.cimmyt.cril.ibwb.provider.helpers.HelperGermplasm - Germplsm gid : 5106250
INFO AWT-EventQueue-1 org.cimmyt.cril.ibwb.provider.helpers.HelperGermplasm - Gid : 5106646
INFO AWT-EventQueue-1 org.cimmyt.cril.ibwb.provider.helpers.HelperGermplasm - Germplsm gid : 5106646
INFO AWT-EventQueue-1 org.cimmyt.cril.ibwb.provider.helpers.HelperGermplasm - Gid : 5106646
INFO AWT-EventQueue-1 org.cimmyt.cril.ibwb.provider.helpers.HelperGermplasm - Germplsm gid : 5106646
INFO AWT-EventQueue-1 org.cimmyt.cril.ibwb.provider.helpers.HelperGermplasm - Gid : 5106646
INFO AWT-EventQueue-1 org.cimmyt.cril.ibwb.provider.helpers.HelperGermplasm - Germplsm gid : 5106646
INFO AWT-EventQueue-1 org.cimmyt.cril.ibwb.provider.helpers.HelperGermplasm - Iniciando el proceso de recuperacion de maximos para los fmale
INFO AWT-EventQueue-1 org.cimmyt.cril.ibwb.provider.helpers.HelperGermplasm - seteando los datos del male a los objetos GermplasmSearchFmale
INFO AWT-EventQueue-1 org.cimmyt.cril.ibwb.provider.dao.TraitsDAO - Checking if Traits table exists
INFO AWT-EventQueue-1 org.cimmyt.cril.ibwb.provider.dao.TraitsDAO - Traits table found!
INFO AWT-EventQueue-1 org.cimmyt.cril.ibwb.provider.dao.TraitsDAO - Checking if Traits table exists DONE....
INFO AWT-EventQueue-1 org.cimmyt.cril.ibwb.provider.dao.TraitsDAO - Checking if Traits table exists
INFO AWT-EventQueue-1 org.cimmyt.cril.ibwb.provider.dao.TraitsDAO - Traits table found!
INFO AWT-EventQueue-1 org.cimmyt.cril.ibwb.provider.dao.TraitsDAO - Checking if Traits table exists DONE....
