ERROR Default RequestProcessor org.cimmyt.cril.ibwb.provider.dao.NamesDAO - Mas de un resultado para: 13358 type: 1027
org.hibernate.NonUniqueResultException: query did not return a unique result: 2
	at org.hibernate.impl.AbstractQueryImpl.uniqueElement(AbstractQueryImpl.java:868)
	at org.hibernate.impl.AbstractQueryImpl.uniqueResult(AbstractQueryImpl.java:859)
	at org.cimmyt.cril.ibwb.provider.dao.NamesDAO.getNames(NamesDAO.java:341)
	at org.cimmyt.cril.ibwb.provider.dao.NamesDAO.access$100(NamesDAO.java:23)
	at org.cimmyt.cril.ibwb.provider.dao.NamesDAO$1.doInHibernate(NamesDAO.java:278)
	at org.springframework.orm.hibernate3.HibernateTemplate.doExecute(HibernateTemplate.java:419)
	at org.springframework.orm.hibernate3.HibernateTemplate.execute(HibernateTemplate.java:339)
	at org.cimmyt.cril.ibwb.provider.dao.NamesDAO.getNamesCentral(NamesDAO.java:235)
	at org.cimmyt.cril.ibwb.provider.CommonServicesImpl.getNamesCentral(CommonServicesImpl.java:1367)
	at org.cimmyt.cril.ibwb.provider.IBWBAppServicesImpl.getFullListnms(IBWBAppServicesImpl.java:727)
	at ibfb.ui.core.JDExpert.completeFullDataFromDatabase(JDExpert.java:1294)
	at ibfb.ui.core.JDExpert.access$2300(JDExpert.java:40)
	at ibfb.ui.core.JDExpert$21.run(JDExpert.java:564)
	at org.netbeans.modules.progress.ui.RunOffEDTImpl$ProgressBackgroundRunner$RunnablePR.run(RunOffEDTImpl.java:396)
	at org.netbeans.modules.progress.ui.RunOffEDTImpl$ProgressBackgroundRunner.runBackground(RunOffEDTImpl.java:373)
	at org.netbeans.modules.progress.ui.AbstractWindowRunner.call(AbstractWindowRunner.java:107)
	at java.util.concurrent.FutureTask$Sync.innerRun(FutureTask.java:303)
	at java.util.concurrent.FutureTask.run(FutureTask.java:138)
	at org.openide.util.RequestProcessor$Task.run(RequestProcessor.java:1452)
	at org.openide.util.RequestProcessor$Processor.run(RequestProcessor.java:2032)
ERROR Default RequestProcessor org.cimmyt.cril.ibwb.provider.dao.NamesDAO - Mas de un resultado para: 13358 type: 1027
org.hibernate.NonUniqueResultException: query did not return a unique result: 2
	at org.hibernate.impl.AbstractQueryImpl.uniqueElement(AbstractQueryImpl.java:868)
	at org.hibernate.impl.AbstractQueryImpl.uniqueResult(AbstractQueryImpl.java:859)
	at org.cimmyt.cril.ibwb.provider.dao.NamesDAO.getNames(NamesDAO.java:341)
	at org.cimmyt.cril.ibwb.provider.dao.NamesDAO.access$100(NamesDAO.java:23)
	at org.cimmyt.cril.ibwb.provider.dao.NamesDAO$1.doInHibernate(NamesDAO.java:278)
	at org.springframework.orm.hibernate3.HibernateTemplate.doExecute(HibernateTemplate.java:419)
	at org.springframework.orm.hibernate3.HibernateTemplate.execute(HibernateTemplate.java:339)
	at org.cimmyt.cril.ibwb.provider.dao.NamesDAO.getNamesCentral(NamesDAO.java:235)
	at org.cimmyt.cril.ibwb.provider.CommonServicesImpl.getNamesCentral(CommonServicesImpl.java:1367)
	at org.cimmyt.cril.ibwb.provider.IBWBAppServicesImpl.getFullListnms(IBWBAppServicesImpl.java:727)
	at ibfb.ui.core.JDExpert.completeFullDataFromDatabase(JDExpert.java:1294)
	at ibfb.ui.core.JDExpert.access$2300(JDExpert.java:40)
	at ibfb.ui.core.JDExpert$21.run(JDExpert.java:564)
	at org.netbeans.modules.progress.ui.RunOffEDTImpl$ProgressBackgroundRunner$RunnablePR.run(RunOffEDTImpl.java:396)
	at org.netbeans.modules.progress.ui.RunOffEDTImpl$ProgressBackgroundRunner.runBackground(RunOffEDTImpl.java:373)
	at org.netbeans.modules.progress.ui.AbstractWindowRunner.call(AbstractWindowRunner.java:107)
	at java.util.concurrent.FutureTask$Sync.innerRun(FutureTask.java:303)
	at java.util.concurrent.FutureTask.run(FutureTask.java:138)
	at org.openide.util.RequestProcessor$Task.run(RequestProcessor.java:1452)
	at org.openide.util.RequestProcessor$Processor.run(RequestProcessor.java:2032)
ERROR Default RequestProcessor org.cimmyt.cril.ibwb.provider.dao.NamesDAO - Mas de un resultado para: 13358 type: 1027
org.hibernate.NonUniqueResultException: query did not return a unique result: 2
	at org.hibernate.impl.AbstractQueryImpl.uniqueElement(AbstractQueryImpl.java:868)
	at org.hibernate.impl.AbstractQueryImpl.uniqueResult(AbstractQueryImpl.java:859)
	at org.cimmyt.cril.ibwb.provider.dao.NamesDAO.getNames(NamesDAO.java:341)
	at org.cimmyt.cril.ibwb.provider.dao.NamesDAO.access$100(NamesDAO.java:23)
	at org.cimmyt.cril.ibwb.provider.dao.NamesDAO$1.doInHibernate(NamesDAO.java:278)
	at org.springframework.orm.hibernate3.HibernateTemplate.doExecute(HibernateTemplate.java:419)
	at org.springframework.orm.hibernate3.HibernateTemplate.execute(HibernateTemplate.java:339)
	at org.cimmyt.cril.ibwb.provider.dao.NamesDAO.getNamesCentral(NamesDAO.java:235)
	at org.cimmyt.cril.ibwb.provider.CommonServicesImpl.getNamesCentral(CommonServicesImpl.java:1367)
	at org.cimmyt.cril.ibwb.provider.IBWBAppServicesImpl.getFullListnms(IBWBAppServicesImpl.java:727)
	at ibfb.ui.core.JDExpert.completeFullDataFromDatabase(JDExpert.java:1294)
	at ibfb.ui.core.JDExpert.access$2300(JDExpert.java:40)
	at ibfb.ui.core.JDExpert$21.run(JDExpert.java:564)
	at org.netbeans.modules.progress.ui.RunOffEDTImpl$ProgressBackgroundRunner$RunnablePR.run(RunOffEDTImpl.java:396)
	at org.netbeans.modules.progress.ui.RunOffEDTImpl$ProgressBackgroundRunner.runBackground(RunOffEDTImpl.java:373)
	at org.netbeans.modules.progress.ui.AbstractWindowRunner.call(AbstractWindowRunner.java:107)
	at java.util.concurrent.FutureTask$Sync.innerRun(FutureTask.java:303)
	at java.util.concurrent.FutureTask.run(FutureTask.java:138)
	at org.openide.util.RequestProcessor$Task.run(RequestProcessor.java:1452)
	at org.openide.util.RequestProcessor$Processor.run(RequestProcessor.java:2032)
INFO AWT-EventQueue-1 ibfb.workbook.core.WorkbookExcelReaderImpl - Excel file read BEGIN
INFO AWT-EventQueue-1 ibfb.workbook.core.WorkbookExcelReaderImpl - Opening file...
INFO AWT-EventQueue-1 ibfb.workbook.core.WorkbookExcelReaderImpl - Number of sheets in book2
INFO AWT-EventQueue-1 ibfb.workbook.core.WorkbookExcelReaderImpl - Total study conditions found: 4
INFO AWT-EventQueue-1 ibfb.workbook.core.WorkbookExcelReaderImpl - Total conditions found: 7
INFO AWT-EventQueue-1 ibfb.workbook.core.WorkbookExcelReaderImpl - Total factors found: 6
INFO AWT-EventQueue-1 ibfb.workbook.core.WorkbookExcelReaderImpl - Data for Constant: SDATE (date)
INFO AWT-EventQueue-1 ibfb.workbook.core.WorkbookExcelReaderImpl - Data for Constant: NOROWS (integer)
INFO AWT-EventQueue-1 ibfb.workbook.core.WorkbookExcelReaderImpl - Data for Constant: LEROWS (m)
INFO AWT-EventQueue-1 ibfb.workbook.core.WorkbookExcelReaderImpl - Data for Constant: SPAROW (cm)
INFO AWT-EventQueue-1 ibfb.workbook.core.WorkbookExcelReaderImpl - Data for Constant: SOIDRZ (cm)
INFO AWT-EventQueue-1 ibfb.workbook.core.WorkbookExcelReaderImpl - Data for Constant: SOILAV (real)
INFO AWT-EventQueue-1 ibfb.workbook.core.WorkbookExcelReaderImpl - Data for Constant: SOILCL (TEXT)
INFO AWT-EventQueue-1 ibfb.workbook.core.WorkbookExcelReaderImpl - Data for Constant: SOILTX (TEXT)
INFO AWT-EventQueue-1 ibfb.workbook.core.WorkbookExcelReaderImpl - Data for Constant: SOIRBA (Y/N/U)
INFO AWT-EventQueue-1 ibfb.workbook.core.WorkbookExcelReaderImpl - Data for Constant: USEPRE (TEXT)
INFO AWT-EventQueue-1 ibfb.workbook.core.WorkbookExcelReaderImpl - Data for Constant: USESCR (TEXT)
INFO AWT-EventQueue-1 ibfb.workbook.core.WorkbookExcelReaderImpl - Data for Constant: FERTAP (Y/N)
INFO AWT-EventQueue-1 ibfb.workbook.core.WorkbookExcelReaderImpl - Data for Constant: FERTI1 (date)
INFO AWT-EventQueue-1 ibfb.workbook.core.WorkbookExcelReaderImpl - Data for Constant: FERKG1 (kg/ha)
INFO AWT-EventQueue-1 ibfb.workbook.core.WorkbookExcelReaderImpl - Data for Constant: FER%N1 (%)
INFO AWT-EventQueue-1 ibfb.workbook.core.WorkbookExcelReaderImpl - Data for Constant: F%P2O51 (%)
INFO AWT-EventQueue-1 ibfb.workbook.core.WorkbookExcelReaderImpl - Data for Constant: F%K2O1 (%)
INFO AWT-EventQueue-1 ibfb.workbook.core.WorkbookExcelReaderImpl - Data for Constant: FERTI2 (date)
INFO AWT-EventQueue-1 ibfb.workbook.core.WorkbookExcelReaderImpl - Data for Constant: FERKG2 (kg/ha)
INFO AWT-EventQueue-1 ibfb.workbook.core.WorkbookExcelReaderImpl - Data for Constant: FER%N2 (%)
INFO AWT-EventQueue-1 ibfb.workbook.core.WorkbookExcelReaderImpl - Data for Constant: F%P2O52 (%)
INFO AWT-EventQueue-1 ibfb.workbook.core.WorkbookExcelReaderImpl - Data for Constant: F%K2O2 (%)
INFO AWT-EventQueue-1 ibfb.workbook.core.WorkbookExcelReaderImpl - Data for Constant: FERTI3 (date)
INFO AWT-EventQueue-1 ibfb.workbook.core.WorkbookExcelReaderImpl - Data for Constant: FERKG3 (kg/ha)
INFO AWT-EventQueue-1 ibfb.workbook.core.WorkbookExcelReaderImpl - Data for Constant: FER%N3 (%)
INFO AWT-EventQueue-1 ibfb.workbook.core.WorkbookExcelReaderImpl - Data for Constant: F%P2O53 (%)
INFO AWT-EventQueue-1 ibfb.workbook.core.WorkbookExcelReaderImpl - Data for Constant: F%K2O3 (%)
INFO AWT-EventQueue-1 ibfb.workbook.core.WorkbookExcelReaderImpl - Data for Constant: TP_12M (mm)
INFO AWT-EventQueue-1 ibfb.workbook.core.WorkbookExcelReaderImpl - Data for Constant: RESH2O (mm)
INFO AWT-EventQueue-1 ibfb.workbook.core.WorkbookExcelReaderImpl - Data for Constant: IRRIGD (Y/N)
INFO AWT-EventQueue-1 ibfb.workbook.core.WorkbookExcelReaderImpl - Data for Constant: PPNCYC (mm)
INFO AWT-EventQueue-1 ibfb.workbook.core.WorkbookExcelReaderImpl - Data for Constant: ALTOXI (Y/N)
INFO AWT-EventQueue-1 ibfb.workbook.core.WorkbookExcelReaderImpl - Data for Constant: OMNTYN (Y/N)
INFO AWT-EventQueue-1 ibfb.workbook.core.WorkbookExcelReaderImpl - Data for Constant: DMGBIR (N/T/S/M/V)
INFO AWT-EventQueue-1 ibfb.workbook.core.WorkbookExcelReaderImpl - Data for Constant: DMGFRS (N/T/S/M/V)
INFO AWT-EventQueue-1 ibfb.workbook.core.WorkbookExcelReaderImpl - Data for Constant: DMGHAI (N/T/S/M/V)
INFO AWT-EventQueue-1 ibfb.workbook.core.WorkbookExcelReaderImpl - Data for Constant: DMGHER (N/T/S/M/V)
INFO AWT-EventQueue-1 ibfb.workbook.core.WorkbookExcelReaderImpl - Data for Constant: ELODGE (N/T/S/M/V)
INFO AWT-EventQueue-1 ibfb.workbook.core.WorkbookExcelReaderImpl - Data for Constant: EMERGE (E/N/L)
INFO AWT-EventQueue-1 ibfb.workbook.core.WorkbookExcelReaderImpl - Data for Constant: EMGDAT (date)
INFO AWT-EventQueue-1 ibfb.workbook.core.WorkbookExcelReaderImpl - Data for Constant: ESTAND (S/N/D)
INFO AWT-EventQueue-1 ibfb.workbook.core.WorkbookExcelReaderImpl - Data for Constant: FOLDIS (N/T/S/M/V)
INFO AWT-EventQueue-1 ibfb.workbook.core.WorkbookExcelReaderImpl - Data for Constant: HRSDAT (date)
INFO AWT-EventQueue-1 ibfb.workbook.core.WorkbookExcelReaderImpl - Data for Constant: HRFDAT (date)
INFO AWT-EventQueue-1 ibfb.workbook.core.WorkbookExcelReaderImpl - Data for Constant: LEROWH (m)
INFO AWT-EventQueue-1 ibfb.workbook.core.WorkbookExcelReaderImpl - Data for Constant: NOROWH (integer)
INFO AWT-EventQueue-1 ibfb.workbook.core.WorkbookExcelReaderImpl - Data for Constant: ROODIS (N/T/S/M/V)
INFO AWT-EventQueue-1 ibfb.workbook.core.WorkbookExcelReaderImpl - Data for Constant: SPKDIS (N/T/S/M/V)
INFO AWT-EventQueue-1 ibfb.workbook.core.WorkbookExcelReaderImpl - Data for Constant: WEACOM (TEXT)
INFO AWT-EventQueue-1 ibfb.workbook.core.WorkbookExcelReaderImpl - Data for Constant: WEEDPR (N/T/S/M/V)
INFO AWT-EventQueue-1 ibfb.workbook.core.WorkbookExcelReaderImpl - Data for Constant: YLDFAC (real)
INFO AWT-EventQueue-1 ibfb.workbook.core.WorkbookExcelReaderImpl - Excel file read END
INFO AWT-EventQueue-1 ibfb.workbook.core.WorkbookExcelReaderImpl - Excel file read BEGIN
INFO AWT-EventQueue-1 ibfb.workbook.core.WorkbookExcelReaderImpl - Opening file...
INFO AWT-EventQueue-1 ibfb.workbook.core.WorkbookExcelReaderImpl - Number of sheets in book2
INFO AWT-EventQueue-1 ibfb.workbook.core.WorkbookExcelReaderImpl - Total study conditions found: 4
INFO AWT-EventQueue-1 ibfb.workbook.core.WorkbookExcelReaderImpl - Total conditions found: 7
INFO AWT-EventQueue-1 ibfb.workbook.core.WorkbookExcelReaderImpl - Total factors found: 6
INFO AWT-EventQueue-1 ibfb.workbook.core.WorkbookExcelReaderImpl - Data for Constant: SDATE (date)
INFO AWT-EventQueue-1 ibfb.workbook.core.WorkbookExcelReaderImpl - Data for Constant: NOROWS (integer)
INFO AWT-EventQueue-1 ibfb.workbook.core.WorkbookExcelReaderImpl - Data for Constant: LEROWS (m)
INFO AWT-EventQueue-1 ibfb.workbook.core.WorkbookExcelReaderImpl - Data for Constant: SPAROW (cm)
INFO AWT-EventQueue-1 ibfb.workbook.core.WorkbookExcelReaderImpl - Data for Constant: SOIDRZ (cm)
INFO AWT-EventQueue-1 ibfb.workbook.core.WorkbookExcelReaderImpl - Data for Constant: SOILAV (real)
INFO AWT-EventQueue-1 ibfb.workbook.core.WorkbookExcelReaderImpl - Data for Constant: SOILCL (TEXT)
INFO AWT-EventQueue-1 ibfb.workbook.core.WorkbookExcelReaderImpl - Data for Constant: SOILTX (TEXT)
INFO AWT-EventQueue-1 ibfb.workbook.core.WorkbookExcelReaderImpl - Data for Constant: SOIRBA (Y/N/U)
INFO AWT-EventQueue-1 ibfb.workbook.core.WorkbookExcelReaderImpl - Data for Constant: USEPRE (TEXT)
INFO AWT-EventQueue-1 ibfb.workbook.core.WorkbookExcelReaderImpl - Data for Constant: USESCR (TEXT)
INFO AWT-EventQueue-1 ibfb.workbook.core.WorkbookExcelReaderImpl - Data for Constant: FERTAP (Y/N)
INFO AWT-EventQueue-1 ibfb.workbook.core.WorkbookExcelReaderImpl - Data for Constant: FERTI1 (date)
INFO AWT-EventQueue-1 ibfb.workbook.core.WorkbookExcelReaderImpl - Data for Constant: FERKG1 (kg/ha)
INFO AWT-EventQueue-1 ibfb.workbook.core.WorkbookExcelReaderImpl - Data for Constant: FER%N1 (%)
INFO AWT-EventQueue-1 ibfb.workbook.core.WorkbookExcelReaderImpl - Data for Constant: F%P2O51 (%)
INFO AWT-EventQueue-1 ibfb.workbook.core.WorkbookExcelReaderImpl - Data for Constant: F%K2O1 (%)
INFO AWT-EventQueue-1 ibfb.workbook.core.WorkbookExcelReaderImpl - Data for Constant: FERTI2 (date)
INFO AWT-EventQueue-1 ibfb.workbook.core.WorkbookExcelReaderImpl - Data for Constant: FERKG2 (kg/ha)
INFO AWT-EventQueue-1 ibfb.workbook.core.WorkbookExcelReaderImpl - Data for Constant: FER%N2 (%)
INFO AWT-EventQueue-1 ibfb.workbook.core.WorkbookExcelReaderImpl - Data for Constant: F%P2O52 (%)
INFO AWT-EventQueue-1 ibfb.workbook.core.WorkbookExcelReaderImpl - Data for Constant: F%K2O2 (%)
INFO AWT-EventQueue-1 ibfb.workbook.core.WorkbookExcelReaderImpl - Data for Constant: FERTI3 (date)
INFO AWT-EventQueue-1 ibfb.workbook.core.WorkbookExcelReaderImpl - Data for Constant: FERKG3 (kg/ha)
INFO AWT-EventQueue-1 ibfb.workbook.core.WorkbookExcelReaderImpl - Data for Constant: FER%N3 (%)
INFO AWT-EventQueue-1 ibfb.workbook.core.WorkbookExcelReaderImpl - Data for Constant: F%P2O53 (%)
INFO AWT-EventQueue-1 ibfb.workbook.core.WorkbookExcelReaderImpl - Data for Constant: F%K2O3 (%)
INFO AWT-EventQueue-1 ibfb.workbook.core.WorkbookExcelReaderImpl - Data for Constant: TP_12M (mm)
INFO AWT-EventQueue-1 ibfb.workbook.core.WorkbookExcelReaderImpl - Data for Constant: RESH2O (mm)
INFO AWT-EventQueue-1 ibfb.workbook.core.WorkbookExcelReaderImpl - Data for Constant: IRRIGD (Y/N)
INFO AWT-EventQueue-1 ibfb.workbook.core.WorkbookExcelReaderImpl - Data for Constant: PPNCYC (mm)
INFO AWT-EventQueue-1 ibfb.workbook.core.WorkbookExcelReaderImpl - Data for Constant: ALTOXI (Y/N)
INFO AWT-EventQueue-1 ibfb.workbook.core.WorkbookExcelReaderImpl - Data for Constant: OMNTYN (Y/N)
INFO AWT-EventQueue-1 ibfb.workbook.core.WorkbookExcelReaderImpl - Data for Constant: DMGBIR (N/T/S/M/V)
INFO AWT-EventQueue-1 ibfb.workbook.core.WorkbookExcelReaderImpl - Data for Constant: DMGFRS (N/T/S/M/V)
INFO AWT-EventQueue-1 ibfb.workbook.core.WorkbookExcelReaderImpl - Data for Constant: DMGHAI (N/T/S/M/V)
INFO AWT-EventQueue-1 ibfb.workbook.core.WorkbookExcelReaderImpl - Data for Constant: DMGHER (N/T/S/M/V)
INFO AWT-EventQueue-1 ibfb.workbook.core.WorkbookExcelReaderImpl - Data for Constant: ELODGE (N/T/S/M/V)
INFO AWT-EventQueue-1 ibfb.workbook.core.WorkbookExcelReaderImpl - Data for Constant: EMERGE (E/N/L)
INFO AWT-EventQueue-1 ibfb.workbook.core.WorkbookExcelReaderImpl - Data for Constant: EMGDAT (date)
INFO AWT-EventQueue-1 ibfb.workbook.core.WorkbookExcelReaderImpl - Data for Constant: ESTAND (S/N/D)
INFO AWT-EventQueue-1 ibfb.workbook.core.WorkbookExcelReaderImpl - Data for Constant: FOLDIS (N/T/S/M/V)
INFO AWT-EventQueue-1 ibfb.workbook.core.WorkbookExcelReaderImpl - Data for Constant: HRSDAT (date)
INFO AWT-EventQueue-1 ibfb.workbook.core.WorkbookExcelReaderImpl - Data for Constant: HRFDAT (date)
INFO AWT-EventQueue-1 ibfb.workbook.core.WorkbookExcelReaderImpl - Data for Constant: LEROWH (m)
INFO AWT-EventQueue-1 ibfb.workbook.core.WorkbookExcelReaderImpl - Data for Constant: NOROWH (integer)
INFO AWT-EventQueue-1 ibfb.workbook.core.WorkbookExcelReaderImpl - Data for Constant: ROODIS (N/T/S/M/V)
INFO AWT-EventQueue-1 ibfb.workbook.core.WorkbookExcelReaderImpl - Data for Constant: SPKDIS (N/T/S/M/V)
INFO AWT-EventQueue-1 ibfb.workbook.core.WorkbookExcelReaderImpl - Data for Constant: WEACOM (TEXT)
INFO AWT-EventQueue-1 ibfb.workbook.core.WorkbookExcelReaderImpl - Data for Constant: WEEDPR (N/T/S/M/V)
INFO AWT-EventQueue-1 ibfb.workbook.core.WorkbookExcelReaderImpl - Data for Constant: YLDFAC (real)
INFO AWT-EventQueue-1 ibfb.workbook.core.WorkbookExcelReaderImpl - Excel file read END
INFO AWT-EventQueue-1 ibfb.workbook.core.WorkbookExcelReaderImpl - Excel file read BEGIN
INFO AWT-EventQueue-1 ibfb.workbook.core.WorkbookExcelReaderImpl - Opening file...
INFO AWT-EventQueue-1 ibfb.workbook.core.WorkbookExcelReaderImpl - Number of sheets in book2
INFO AWT-EventQueue-1 ibfb.workbook.core.WorkbookExcelReaderImpl - Total study conditions found: 4
INFO AWT-EventQueue-1 ibfb.workbook.core.WorkbookExcelReaderImpl - Total conditions found: 7
INFO AWT-EventQueue-1 ibfb.workbook.core.WorkbookExcelReaderImpl - Total factors found: 6
INFO AWT-EventQueue-1 ibfb.workbook.core.WorkbookExcelReaderImpl - Data for Constant: SDATE (date)
INFO AWT-EventQueue-1 ibfb.workbook.core.WorkbookExcelReaderImpl - Data for Constant: NOROWS (integer)
INFO AWT-EventQueue-1 ibfb.workbook.core.WorkbookExcelReaderImpl - Data for Constant: LEROWS (m)
INFO AWT-EventQueue-1 ibfb.workbook.core.WorkbookExcelReaderImpl - Data for Constant: SPAROW (cm)
INFO AWT-EventQueue-1 ibfb.workbook.core.WorkbookExcelReaderImpl - Data for Constant: SOIDRZ (cm)
INFO AWT-EventQueue-1 ibfb.workbook.core.WorkbookExcelReaderImpl - Data for Constant: SOILAV (real)
INFO AWT-EventQueue-1 ibfb.workbook.core.WorkbookExcelReaderImpl - Data for Constant: SOILCL (TEXT)
INFO AWT-EventQueue-1 ibfb.workbook.core.WorkbookExcelReaderImpl - Data for Constant: SOILTX (TEXT)
INFO AWT-EventQueue-1 ibfb.workbook.core.WorkbookExcelReaderImpl - Data for Constant: SOIRBA (Y/N/U)
INFO AWT-EventQueue-1 ibfb.workbook.core.WorkbookExcelReaderImpl - Data for Constant: USEPRE (TEXT)
INFO AWT-EventQueue-1 ibfb.workbook.core.WorkbookExcelReaderImpl - Data for Constant: USESCR (TEXT)
INFO AWT-EventQueue-1 ibfb.workbook.core.WorkbookExcelReaderImpl - Data for Constant: FERTAP (Y/N)
INFO AWT-EventQueue-1 ibfb.workbook.core.WorkbookExcelReaderImpl - Data for Constant: FERTI1 (date)
INFO AWT-EventQueue-1 ibfb.workbook.core.WorkbookExcelReaderImpl - Data for Constant: FERKG1 (kg/ha)
INFO AWT-EventQueue-1 ibfb.workbook.core.WorkbookExcelReaderImpl - Data for Constant: FER%N1 (%)
INFO AWT-EventQueue-1 ibfb.workbook.core.WorkbookExcelReaderImpl - Data for Constant: F%P2O51 (%)
INFO AWT-EventQueue-1 ibfb.workbook.core.WorkbookExcelReaderImpl - Data for Constant: F%K2O1 (%)
INFO AWT-EventQueue-1 ibfb.workbook.core.WorkbookExcelReaderImpl - Data for Constant: FERTI2 (date)
INFO AWT-EventQueue-1 ibfb.workbook.core.WorkbookExcelReaderImpl - Data for Constant: FERKG2 (kg/ha)
INFO AWT-EventQueue-1 ibfb.workbook.core.WorkbookExcelReaderImpl - Data for Constant: FER%N2 (%)
INFO AWT-EventQueue-1 ibfb.workbook.core.WorkbookExcelReaderImpl - Data for Constant: F%P2O52 (%)
INFO AWT-EventQueue-1 ibfb.workbook.core.WorkbookExcelReaderImpl - Data for Constant: F%K2O2 (%)
INFO AWT-EventQueue-1 ibfb.workbook.core.WorkbookExcelReaderImpl - Data for Constant: FERTI3 (date)
INFO AWT-EventQueue-1 ibfb.workbook.core.WorkbookExcelReaderImpl - Data for Constant: FERKG3 (kg/ha)
INFO AWT-EventQueue-1 ibfb.workbook.core.WorkbookExcelReaderImpl - Data for Constant: FER%N3 (%)
INFO AWT-EventQueue-1 ibfb.workbook.core.WorkbookExcelReaderImpl - Data for Constant: F%P2O53 (%)
INFO AWT-EventQueue-1 ibfb.workbook.core.WorkbookExcelReaderImpl - Data for Constant: F%K2O3 (%)
INFO AWT-EventQueue-1 ibfb.workbook.core.WorkbookExcelReaderImpl - Data for Constant: TP_12M (mm)
INFO AWT-EventQueue-1 ibfb.workbook.core.WorkbookExcelReaderImpl - Data for Constant: RESH2O (mm)
INFO AWT-EventQueue-1 ibfb.workbook.core.WorkbookExcelReaderImpl - Data for Constant: IRRIGD (Y/N)
INFO AWT-EventQueue-1 ibfb.workbook.core.WorkbookExcelReaderImpl - Data for Constant: PPNCYC (mm)
INFO AWT-EventQueue-1 ibfb.workbook.core.WorkbookExcelReaderImpl - Data for Constant: ALTOXI (Y/N)
INFO AWT-EventQueue-1 ibfb.workbook.core.WorkbookExcelReaderImpl - Data for Constant: OMNTYN (Y/N)
INFO AWT-EventQueue-1 ibfb.workbook.core.WorkbookExcelReaderImpl - Data for Constant: DMGBIR (N/T/S/M/V)
INFO AWT-EventQueue-1 ibfb.workbook.core.WorkbookExcelReaderImpl - Data for Constant: DMGFRS (N/T/S/M/V)
INFO AWT-EventQueue-1 ibfb.workbook.core.WorkbookExcelReaderImpl - Data for Constant: DMGHAI (N/T/S/M/V)
INFO AWT-EventQueue-1 ibfb.workbook.core.WorkbookExcelReaderImpl - Data for Constant: DMGHER (N/T/S/M/V)
INFO AWT-EventQueue-1 ibfb.workbook.core.WorkbookExcelReaderImpl - Data for Constant: ELODGE (N/T/S/M/V)
INFO AWT-EventQueue-1 ibfb.workbook.core.WorkbookExcelReaderImpl - Data for Constant: EMERGE (E/N/L)
INFO AWT-EventQueue-1 ibfb.workbook.core.WorkbookExcelReaderImpl - Data for Constant: EMGDAT (date)
INFO AWT-EventQueue-1 ibfb.workbook.core.WorkbookExcelReaderImpl - Data for Constant: ESTAND (S/N/D)
INFO AWT-EventQueue-1 ibfb.workbook.core.WorkbookExcelReaderImpl - Data for Constant: FOLDIS (N/T/S/M/V)
INFO AWT-EventQueue-1 ibfb.workbook.core.WorkbookExcelReaderImpl - Data for Constant: HRSDAT (date)
INFO AWT-EventQueue-1 ibfb.workbook.core.WorkbookExcelReaderImpl - Data for Constant: HRFDAT (date)
INFO AWT-EventQueue-1 ibfb.workbook.core.WorkbookExcelReaderImpl - Data for Constant: LEROWH (m)
INFO AWT-EventQueue-1 ibfb.workbook.core.WorkbookExcelReaderImpl - Data for Constant: NOROWH (integer)
INFO AWT-EventQueue-1 ibfb.workbook.core.WorkbookExcelReaderImpl - Data for Constant: ROODIS (N/T/S/M/V)
INFO AWT-EventQueue-1 ibfb.workbook.core.WorkbookExcelReaderImpl - Data for Constant: SPKDIS (N/T/S/M/V)
INFO AWT-EventQueue-1 ibfb.workbook.core.WorkbookExcelReaderImpl - Data for Constant: WEACOM (TEXT)
INFO AWT-EventQueue-1 ibfb.workbook.core.WorkbookExcelReaderImpl - Data for Constant: WEEDPR (N/T/S/M/V)
INFO AWT-EventQueue-1 ibfb.workbook.core.WorkbookExcelReaderImpl - Data for Constant: YLDFAC (real)
INFO AWT-EventQueue-1 ibfb.workbook.core.WorkbookExcelReaderImpl - Excel file read END
INFO AWT-EventQueue-1 ibfb.studyeditor.core.model.DesignTableModel - Requested for rowIndex 0
INFO AWT-EventQueue-1 ibfb.studyeditor.core.model.DesignTableModel - designList.size() 1
INFO AWT-EventQueue-1 ibfb.studyeditor.core.model.DesignTableModel - bean ibfb.domain.core.DesignBean@35433a8a
INFO SwingWorker-pool-1-thread-1 ibfb.studyeditor.core.model.DesignTableModel - Requested for rowIndex 0
INFO SwingWorker-pool-1-thread-1 ibfb.studyeditor.core.model.DesignTableModel - designList.size() 1
INFO SwingWorker-pool-1-thread-1 ibfb.studyeditor.core.model.DesignTableModel - bean ibfb.domain.core.DesignBean@35433a8a
INFO AWT-EventQueue-1 org.cimmyt.cril.ibwb.provider.dao.TraitsDAO - Checking if Traits table exists
INFO AWT-EventQueue-1 org.cimmyt.cril.ibwb.provider.dao.TraitsDAO - Traits table found!
INFO AWT-EventQueue-1 org.cimmyt.cril.ibwb.provider.dao.TraitsDAO - Checking if Traits table exists DONE....
INFO AWT-EventQueue-1 org.cimmyt.cril.ibwb.provider.dao.TraitsDAO - Checking if Traits table exists
INFO AWT-EventQueue-1 org.cimmyt.cril.ibwb.provider.dao.TraitsDAO - Traits table found!
INFO AWT-EventQueue-1 org.cimmyt.cril.ibwb.provider.dao.TraitsDAO - Checking if Traits table exists DONE....
INFO AWT-EventQueue-1 org.cimmyt.cril.ibwb.provider.dao.TransformationsDAO - Checking if TmsTransformations table exists
INFO AWT-EventQueue-1 org.cimmyt.cril.ibwb.provider.dao.TransformationsDAO - TmsTransformations table found!
INFO AWT-EventQueue-1 org.cimmyt.cril.ibwb.provider.dao.TransformationsDAO - Checking if TmsTransformations table exists DONE....
INFO AWT-EventQueue-1 org.cimmyt.cril.ibwb.provider.dao.TransformationsDAO - Checking if TmsTransformations table exists
INFO AWT-EventQueue-1 org.cimmyt.cril.ibwb.provider.dao.TransformationsDAO - TmsTransformations table found!
INFO AWT-EventQueue-1 org.cimmyt.cril.ibwb.provider.dao.TransformationsDAO - Checking if TmsTransformations table exists DONE....
INFO AWT-EventQueue-1 org.cimmyt.cril.ibwb.provider.dao.ContinuousConversionDAO - Checking if TmsContinuous-conversion table exists
INFO AWT-EventQueue-1 org.cimmyt.cril.ibwb.provider.dao.ContinuousConversionDAO - TmsContinuous-conversion table found!
INFO AWT-EventQueue-1 org.cimmyt.cril.ibwb.provider.dao.ContinuousConversionDAO - Checking if TmsContinuous-conversion table exists DONE....
INFO AWT-EventQueue-1 org.cimmyt.cril.ibwb.provider.dao.ContinuousConversionDAO - Checking if TmsContinuous-conversion table exists
INFO AWT-EventQueue-1 org.cimmyt.cril.ibwb.provider.dao.ContinuousConversionDAO - TmsContinuous-conversion table found!
INFO AWT-EventQueue-1 org.cimmyt.cril.ibwb.provider.dao.ContinuousConversionDAO - Checking if TmsContinuous-conversion table exists DONE....
INFO AWT-EventQueue-1 org.cimmyt.cril.ibwb.provider.dao.ContinuousFunctionDAO - Checking if TmsContinuous-function table exists
INFO AWT-EventQueue-1 org.cimmyt.cril.ibwb.provider.dao.ContinuousFunctionDAO - TmsContinuous-function table found!
INFO AWT-EventQueue-1 org.cimmyt.cril.ibwb.provider.dao.ContinuousFunctionDAO - Checking if TmsContinuous-function table exists DONE....
INFO AWT-EventQueue-1 org.cimmyt.cril.ibwb.provider.dao.ContinuousFunctionDAO - Checking if TmsContinuous-function table exists
INFO AWT-EventQueue-1 org.cimmyt.cril.ibwb.provider.dao.ContinuousFunctionDAO - TmsContinuous-function table found!
INFO AWT-EventQueue-1 org.cimmyt.cril.ibwb.provider.dao.ContinuousFunctionDAO - Checking if TmsContinuous-function table exists DONE....
INFO AWT-EventQueue-1 org.cimmyt.cril.ibwb.provider.dao.DiscreteConversionDAO - Checking if TmsDiscrete-conversion table exists
INFO AWT-EventQueue-1 org.cimmyt.cril.ibwb.provider.dao.DiscreteConversionDAO - TmsDiscrete-conversion table found!
INFO AWT-EventQueue-1 org.cimmyt.cril.ibwb.provider.dao.DiscreteConversionDAO - Checking if TmsDiscrete-conversion table exists DONE....
INFO AWT-EventQueue-1 org.cimmyt.cril.ibwb.provider.dao.DiscreteConversionDAO - Checking if TmsDiscrete-conversion table exists
INFO AWT-EventQueue-1 org.cimmyt.cril.ibwb.provider.dao.DiscreteConversionDAO - TmsDiscrete-conversion table found!
INFO AWT-EventQueue-1 org.cimmyt.cril.ibwb.provider.dao.DiscreteConversionDAO - Checking if TmsDiscrete-conversion table exists DONE....
INFO AWT-EventQueue-1 org.cimmyt.cril.ibwb.provider.dao.TmsConsistencyChecksDAO - Checking if TmsConsistency-checks table exists
INFO AWT-EventQueue-1 org.cimmyt.cril.ibwb.provider.dao.TmsConsistencyChecksDAO - TmsConsistency-checks table found!
INFO AWT-EventQueue-1 org.cimmyt.cril.ibwb.provider.dao.TmsConsistencyChecksDAO - Checking if TmsConsistency-checks table exists DONE....
INFO AWT-EventQueue-1 org.cimmyt.cril.ibwb.provider.dao.TmsConsistencyChecksDAO - Checking if TmsConsistency-checks table exists
INFO AWT-EventQueue-1 org.cimmyt.cril.ibwb.provider.dao.TmsConsistencyChecksDAO - TmsConsistency-checks table found!
INFO AWT-EventQueue-1 org.cimmyt.cril.ibwb.provider.dao.TmsConsistencyChecksDAO - Checking if TmsConsistency-checks table exists DONE....
INFO AWT-EventQueue-1 ibfb.workbook.core.WorkbookExcelReaderImpl - Validating Excel file read BEGIN
INFO AWT-EventQueue-1 ibfb.workbook.core.WorkbookExcelReaderImpl - Excel file read BEGIN
INFO AWT-EventQueue-1 ibfb.workbook.core.WorkbookExcelReaderImpl - Opening file...
INFO AWT-EventQueue-1 ibfb.workbook.core.WorkbookExcelReaderImpl - Number of sheets in book2
INFO AWT-EventQueue-1 ibfb.workbook.core.WorkbookExcelReaderImpl - Total study conditions found: 2
INFO AWT-EventQueue-1 ibfb.workbook.core.WorkbookExcelReaderImpl - Total conditions found: 8
INFO AWT-EventQueue-1 ibfb.workbook.core.WorkbookExcelReaderImpl - Total factors found: 8
INFO AWT-EventQueue-1 ibfb.workbook.core.WorkbookExcelReaderImpl - Data for Constant: Environment (Text)
INFO AWT-EventQueue-1 ibfb.workbook.core.WorkbookExcelReaderImpl - Data for Constant: Plot size (m)
INFO AWT-EventQueue-1 ibfb.workbook.core.WorkbookExcelReaderImpl - Data for Constant: Field Management (Text)
INFO AWT-EventQueue-1 ibfb.workbook.core.WorkbookExcelReaderImpl - Excel file read END
INFO AWT-EventQueue-1 ibfb.workbook.core.WorkbookExcelReaderImpl - Excel file read BEGIN
INFO AWT-EventQueue-1 ibfb.workbook.core.WorkbookExcelReaderImpl - Opening file...
INFO AWT-EventQueue-1 ibfb.workbook.core.WorkbookExcelReaderImpl - Number of sheets in book2
INFO AWT-EventQueue-1 ibfb.workbook.core.WorkbookExcelReaderImpl - Total study conditions found: 2
INFO AWT-EventQueue-1 ibfb.workbook.core.WorkbookExcelReaderImpl - Total conditions found: 8
INFO AWT-EventQueue-1 ibfb.workbook.core.WorkbookExcelReaderImpl - Total factors found: 8
INFO AWT-EventQueue-1 ibfb.workbook.core.WorkbookExcelReaderImpl - Data for Constant: Environment (Text)
INFO AWT-EventQueue-1 ibfb.workbook.core.WorkbookExcelReaderImpl - Data for Constant: Plot size (m)
INFO AWT-EventQueue-1 ibfb.workbook.core.WorkbookExcelReaderImpl - Data for Constant: Field Management (Text)
INFO AWT-EventQueue-1 ibfb.workbook.core.WorkbookExcelReaderImpl - Excel file read END
INFO AWT-EventQueue-1 ibfb.workbook.core.WorkbookExcelReaderImpl - Excel file read BEGIN
INFO AWT-EventQueue-1 ibfb.workbook.core.WorkbookExcelReaderImpl - Opening file...
INFO AWT-EventQueue-1 ibfb.workbook.core.WorkbookExcelReaderImpl - Number of sheets in book2
INFO AWT-EventQueue-1 ibfb.workbook.core.WorkbookExcelReaderImpl - Total study conditions found: 2
INFO AWT-EventQueue-1 ibfb.workbook.core.WorkbookExcelReaderImpl - Total conditions found: 8
INFO AWT-EventQueue-1 ibfb.workbook.core.WorkbookExcelReaderImpl - Total factors found: 8
INFO AWT-EventQueue-1 ibfb.workbook.core.WorkbookExcelReaderImpl - Data for Constant: Environment (Text)
INFO AWT-EventQueue-1 ibfb.workbook.core.WorkbookExcelReaderImpl - Data for Constant: Plot size (m)
INFO AWT-EventQueue-1 ibfb.workbook.core.WorkbookExcelReaderImpl - Data for Constant: Field Management (Text)
INFO AWT-EventQueue-1 ibfb.workbook.core.WorkbookExcelReaderImpl - Excel file read END
INFO AWT-EventQueue-1 ibfb.workbook.core.WorkbookExcelReaderImpl - Excel file read BEGIN
INFO AWT-EventQueue-1 ibfb.workbook.core.WorkbookExcelReaderImpl - Opening file...
INFO AWT-EventQueue-1 ibfb.workbook.core.WorkbookExcelReaderImpl - Number of sheets in book2
INFO AWT-EventQueue-1 ibfb.workbook.core.WorkbookExcelReaderImpl - Total study conditions found: 2
INFO AWT-EventQueue-1 ibfb.workbook.core.WorkbookExcelReaderImpl - Total conditions found: 8
INFO AWT-EventQueue-1 ibfb.workbook.core.WorkbookExcelReaderImpl - Total factors found: 8
INFO AWT-EventQueue-1 ibfb.workbook.core.WorkbookExcelReaderImpl - Data for Constant: Environment (Text)
INFO AWT-EventQueue-1 ibfb.workbook.core.WorkbookExcelReaderImpl - Data for Constant: Plot size (m)
INFO AWT-EventQueue-1 ibfb.workbook.core.WorkbookExcelReaderImpl - Data for Constant: Field Management (Text)
INFO AWT-EventQueue-1 ibfb.workbook.core.WorkbookExcelReaderImpl - Excel file read END
INFO AWT-EventQueue-1 ibfb.workbook.core.WorkbookExcelReaderImpl - Excel file read BEGIN
INFO AWT-EventQueue-1 ibfb.workbook.core.WorkbookExcelReaderImpl - Opening file...
INFO AWT-EventQueue-1 ibfb.workbook.core.WorkbookExcelReaderImpl - Number of sheets in book2
INFO AWT-EventQueue-1 ibfb.workbook.core.WorkbookExcelReaderImpl - Total study conditions found: 2
INFO AWT-EventQueue-1 ibfb.workbook.core.WorkbookExcelReaderImpl - Total conditions found: 8
INFO AWT-EventQueue-1 ibfb.workbook.core.WorkbookExcelReaderImpl - Total factors found: 8
INFO AWT-EventQueue-1 ibfb.workbook.core.WorkbookExcelReaderImpl - Data for Constant: Environment (Text)
INFO AWT-EventQueue-1 ibfb.workbook.core.WorkbookExcelReaderImpl - Data for Constant: Plot size (m)
INFO AWT-EventQueue-1 ibfb.workbook.core.WorkbookExcelReaderImpl - Data for Constant: Field Management (Text)
INFO AWT-EventQueue-1 ibfb.workbook.core.WorkbookExcelReaderImpl - Excel file read END
INFO AWT-EventQueue-1 ibfb.workbook.core.WorkbookExcelReaderImpl - Excel file read BEGIN
INFO AWT-EventQueue-1 ibfb.workbook.core.WorkbookExcelReaderImpl - Opening file...
INFO AWT-EventQueue-1 ibfb.workbook.core.WorkbookExcelReaderImpl - Number of sheets in book2
INFO AWT-EventQueue-1 ibfb.workbook.core.WorkbookExcelReaderImpl - Total study conditions found: 2
INFO AWT-EventQueue-1 ibfb.workbook.core.WorkbookExcelReaderImpl - Total conditions found: 8
INFO AWT-EventQueue-1 ibfb.workbook.core.WorkbookExcelReaderImpl - Total factors found: 8
INFO AWT-EventQueue-1 ibfb.workbook.core.WorkbookExcelReaderImpl - Data for Constant: Environment (Text)
INFO AWT-EventQueue-1 ibfb.workbook.core.WorkbookExcelReaderImpl - Data for Constant: Plot size (m)
INFO AWT-EventQueue-1 ibfb.workbook.core.WorkbookExcelReaderImpl - Data for Constant: Field Management (Text)
INFO AWT-EventQueue-1 ibfb.workbook.core.WorkbookExcelReaderImpl - Excel file read END
INFO AWT-EventQueue-1 ibfb.workbook.core.WorkbookExcelReaderImpl - Excel file read BEGIN
INFO AWT-EventQueue-1 ibfb.workbook.core.WorkbookExcelReaderImpl - Opening file...
INFO AWT-EventQueue-1 ibfb.workbook.core.WorkbookExcelReaderImpl - Number of sheets in book2
INFO AWT-EventQueue-1 ibfb.workbook.core.WorkbookExcelReaderImpl - Total study conditions found: 2
INFO AWT-EventQueue-1 ibfb.workbook.core.WorkbookExcelReaderImpl - Total conditions found: 8
INFO AWT-EventQueue-1 ibfb.workbook.core.WorkbookExcelReaderImpl - Total factors found: 8
INFO AWT-EventQueue-1 ibfb.workbook.core.WorkbookExcelReaderImpl - Data for Constant: Environment (Text)
INFO AWT-EventQueue-1 ibfb.workbook.core.WorkbookExcelReaderImpl - Data for Constant: Plot size (m)
INFO AWT-EventQueue-1 ibfb.workbook.core.WorkbookExcelReaderImpl - Data for Constant: Field Management (Text)
INFO AWT-EventQueue-1 ibfb.workbook.core.WorkbookExcelReaderImpl - Excel file read END
INFO AWT-EventQueue-1 ibfb.workbook.core.WorkbookExcelReaderImpl - Excel file read BEGIN
INFO AWT-EventQueue-1 ibfb.workbook.core.WorkbookExcelReaderImpl - Opening file...
INFO AWT-EventQueue-1 ibfb.workbook.core.WorkbookExcelReaderImpl - Number of sheets in book2
INFO AWT-EventQueue-1 ibfb.workbook.core.WorkbookExcelReaderImpl - Total study conditions found: 2
INFO AWT-EventQueue-1 ibfb.workbook.core.WorkbookExcelReaderImpl - Total conditions found: 8
INFO AWT-EventQueue-1 ibfb.workbook.core.WorkbookExcelReaderImpl - Total factors found: 8
INFO AWT-EventQueue-1 ibfb.workbook.core.WorkbookExcelReaderImpl - Data for Constant: Environment (Text)
INFO AWT-EventQueue-1 ibfb.workbook.core.WorkbookExcelReaderImpl - Data for Constant: Plot size (m)
INFO AWT-EventQueue-1 ibfb.workbook.core.WorkbookExcelReaderImpl - Data for Constant: Field Management (Text)
INFO AWT-EventQueue-1 ibfb.workbook.core.WorkbookExcelReaderImpl - Excel file read END
INFO AWT-EventQueue-1 ibfb.studyeditor.core.model.DesignTableModel - Requested for rowIndex 0
INFO AWT-EventQueue-1 ibfb.studyeditor.core.model.DesignTableModel - designList.size() 1
INFO AWT-EventQueue-1 ibfb.studyeditor.core.model.DesignTableModel - bean ibfb.domain.core.DesignBean@6a2ea903
INFO AWT-EventQueue-1 org.cimmyt.cril.ibwb.provider.dao.TraitsDAO - Checking if Traits table exists
INFO AWT-EventQueue-1 org.cimmyt.cril.ibwb.provider.dao.TraitsDAO - Traits table found!
INFO AWT-EventQueue-1 org.cimmyt.cril.ibwb.provider.dao.TraitsDAO - Checking if Traits table exists DONE....
INFO AWT-EventQueue-1 org.cimmyt.cril.ibwb.provider.dao.TraitsDAO - Checking if Traits table exists
INFO AWT-EventQueue-1 org.cimmyt.cril.ibwb.provider.dao.TraitsDAO - Traits table found!
INFO AWT-EventQueue-1 org.cimmyt.cril.ibwb.provider.dao.TraitsDAO - Checking if Traits table exists DONE....
INFO AWT-EventQueue-1 org.cimmyt.cril.ibwb.provider.dao.TransformationsDAO - Checking if TmsTransformations table exists
INFO AWT-EventQueue-1 org.cimmyt.cril.ibwb.provider.dao.TransformationsDAO - TmsTransformations table found!
INFO AWT-EventQueue-1 org.cimmyt.cril.ibwb.provider.dao.TransformationsDAO - Checking if TmsTransformations table exists DONE....
INFO AWT-EventQueue-1 org.cimmyt.cril.ibwb.provider.dao.TransformationsDAO - Checking if TmsTransformations table exists
INFO AWT-EventQueue-1 org.cimmyt.cril.ibwb.provider.dao.TransformationsDAO - TmsTransformations table found!
INFO AWT-EventQueue-1 org.cimmyt.cril.ibwb.provider.dao.TransformationsDAO - Checking if TmsTransformations table exists DONE....
INFO AWT-EventQueue-1 org.cimmyt.cril.ibwb.provider.dao.ContinuousConversionDAO - Checking if TmsContinuous-conversion table exists
INFO AWT-EventQueue-1 org.cimmyt.cril.ibwb.provider.dao.ContinuousConversionDAO - TmsContinuous-conversion table found!
INFO AWT-EventQueue-1 org.cimmyt.cril.ibwb.provider.dao.ContinuousConversionDAO - Checking if TmsContinuous-conversion table exists DONE....
INFO AWT-EventQueue-1 org.cimmyt.cril.ibwb.provider.dao.ContinuousConversionDAO - Checking if TmsContinuous-conversion table exists
INFO AWT-EventQueue-1 org.cimmyt.cril.ibwb.provider.dao.ContinuousConversionDAO - TmsContinuous-conversion table found!
INFO AWT-EventQueue-1 org.cimmyt.cril.ibwb.provider.dao.ContinuousConversionDAO - Checking if TmsContinuous-conversion table exists DONE....
INFO AWT-EventQueue-1 org.cimmyt.cril.ibwb.provider.dao.ContinuousFunctionDAO - Checking if TmsContinuous-function table exists
INFO AWT-EventQueue-1 org.cimmyt.cril.ibwb.provider.dao.ContinuousFunctionDAO - TmsContinuous-function table found!
INFO AWT-EventQueue-1 org.cimmyt.cril.ibwb.provider.dao.ContinuousFunctionDAO - Checking if TmsContinuous-function table exists DONE....
INFO AWT-EventQueue-1 org.cimmyt.cril.ibwb.provider.dao.ContinuousFunctionDAO - Checking if TmsContinuous-function table exists
INFO AWT-EventQueue-1 org.cimmyt.cril.ibwb.provider.dao.ContinuousFunctionDAO - TmsContinuous-function table found!
INFO AWT-EventQueue-1 org.cimmyt.cril.ibwb.provider.dao.ContinuousFunctionDAO - Checking if TmsContinuous-function table exists DONE....
INFO AWT-EventQueue-1 org.cimmyt.cril.ibwb.provider.dao.DiscreteConversionDAO - Checking if TmsDiscrete-conversion table exists
INFO AWT-EventQueue-1 org.cimmyt.cril.ibwb.provider.dao.DiscreteConversionDAO - TmsDiscrete-conversion table found!
INFO AWT-EventQueue-1 org.cimmyt.cril.ibwb.provider.dao.DiscreteConversionDAO - Checking if TmsDiscrete-conversion table exists DONE....
INFO AWT-EventQueue-1 org.cimmyt.cril.ibwb.provider.dao.DiscreteConversionDAO - Checking if TmsDiscrete-conversion table exists
INFO AWT-EventQueue-1 org.cimmyt.cril.ibwb.provider.dao.DiscreteConversionDAO - TmsDiscrete-conversion table found!
INFO AWT-EventQueue-1 org.cimmyt.cril.ibwb.provider.dao.DiscreteConversionDAO - Checking if TmsDiscrete-conversion table exists DONE....
INFO AWT-EventQueue-1 org.cimmyt.cril.ibwb.provider.dao.TmsConsistencyChecksDAO - Checking if TmsConsistency-checks table exists
INFO AWT-EventQueue-1 org.cimmyt.cril.ibwb.provider.dao.TmsConsistencyChecksDAO - TmsConsistency-checks table found!
INFO AWT-EventQueue-1 org.cimmyt.cril.ibwb.provider.dao.TmsConsistencyChecksDAO - Checking if TmsConsistency-checks table exists DONE....
INFO AWT-EventQueue-1 org.cimmyt.cril.ibwb.provider.dao.TmsConsistencyChecksDAO - Checking if TmsConsistency-checks table exists
INFO AWT-EventQueue-1 org.cimmyt.cril.ibwb.provider.dao.TmsConsistencyChecksDAO - TmsConsistency-checks table found!
INFO AWT-EventQueue-1 org.cimmyt.cril.ibwb.provider.dao.TmsConsistencyChecksDAO - Checking if TmsConsistency-checks table exists DONE....
INFO AWT-EventQueue-1 ibfb.workbook.core.WorkbookExcelReaderImpl - Validating Excel file read BEGIN
INFO AWT-EventQueue-1 ibfb.workbook.core.WorkbookExcelReaderImpl - Excel file read BEGIN
INFO AWT-EventQueue-1 ibfb.workbook.core.WorkbookExcelReaderImpl - Opening file...
INFO AWT-EventQueue-1 ibfb.workbook.core.WorkbookExcelReaderImpl - Number of sheets in book2
INFO AWT-EventQueue-1 ibfb.workbook.core.WorkbookExcelReaderImpl - Total study conditions found: 2
INFO AWT-EventQueue-1 ibfb.workbook.core.WorkbookExcelReaderImpl - Total conditions found: 8
INFO AWT-EventQueue-1 ibfb.workbook.core.WorkbookExcelReaderImpl - Total factors found: 8
INFO AWT-EventQueue-1 ibfb.workbook.core.WorkbookExcelReaderImpl - Data for Constant: Environment (Text)
INFO AWT-EventQueue-1 ibfb.workbook.core.WorkbookExcelReaderImpl - Data for Constant: Plot size (m)
INFO AWT-EventQueue-1 ibfb.workbook.core.WorkbookExcelReaderImpl - Data for Constant: Field Management (Text)
INFO AWT-EventQueue-1 ibfb.workbook.core.WorkbookExcelReaderImpl - Excel file read END
INFO AWT-EventQueue-1 ibfb.workbook.core.WorkbookExcelReaderImpl - Excel file read BEGIN
INFO AWT-EventQueue-1 ibfb.workbook.core.WorkbookExcelReaderImpl - Opening file...
INFO AWT-EventQueue-1 ibfb.workbook.core.WorkbookExcelReaderImpl - Number of sheets in book2
INFO AWT-EventQueue-1 ibfb.workbook.core.WorkbookExcelReaderImpl - Total study conditions found: 2
INFO AWT-EventQueue-1 ibfb.workbook.core.WorkbookExcelReaderImpl - Total conditions found: 8
INFO AWT-EventQueue-1 ibfb.workbook.core.WorkbookExcelReaderImpl - Total factors found: 8
INFO AWT-EventQueue-1 ibfb.workbook.core.WorkbookExcelReaderImpl - Data for Constant: Environment (Text)
INFO AWT-EventQueue-1 ibfb.workbook.core.WorkbookExcelReaderImpl - Data for Constant: Plot size (m)
INFO AWT-EventQueue-1 ibfb.workbook.core.WorkbookExcelReaderImpl - Data for Constant: Field Management (Text)
INFO AWT-EventQueue-1 ibfb.workbook.core.WorkbookExcelReaderImpl - Excel file read END
INFO AWT-EventQueue-1 ibfb.workbook.core.WorkbookExcelReaderImpl - Excel file read BEGIN
INFO AWT-EventQueue-1 ibfb.workbook.core.WorkbookExcelReaderImpl - Opening file...
INFO AWT-EventQueue-1 ibfb.workbook.core.WorkbookExcelReaderImpl - Number of sheets in book2
INFO AWT-EventQueue-1 ibfb.workbook.core.WorkbookExcelReaderImpl - Total study conditions found: 2
INFO AWT-EventQueue-1 ibfb.workbook.core.WorkbookExcelReaderImpl - Total conditions found: 8
INFO AWT-EventQueue-1 ibfb.workbook.core.WorkbookExcelReaderImpl - Total factors found: 8
INFO AWT-EventQueue-1 ibfb.workbook.core.WorkbookExcelReaderImpl - Data for Constant: Environment (Text)
INFO AWT-EventQueue-1 ibfb.workbook.core.WorkbookExcelReaderImpl - Data for Constant: Plot size (m)
INFO AWT-EventQueue-1 ibfb.workbook.core.WorkbookExcelReaderImpl - Data for Constant: Field Management (Text)
INFO AWT-EventQueue-1 ibfb.workbook.core.WorkbookExcelReaderImpl - Excel file read END
INFO AWT-EventQueue-1 ibfb.workbook.core.WorkbookExcelReaderImpl - Excel file read BEGIN
INFO AWT-EventQueue-1 ibfb.workbook.core.WorkbookExcelReaderImpl - Opening file...
INFO AWT-EventQueue-1 ibfb.workbook.core.WorkbookExcelReaderImpl - Number of sheets in book2
INFO AWT-EventQueue-1 ibfb.workbook.core.WorkbookExcelReaderImpl - Total study conditions found: 2
INFO AWT-EventQueue-1 ibfb.workbook.core.WorkbookExcelReaderImpl - Total conditions found: 8
INFO AWT-EventQueue-1 ibfb.workbook.core.WorkbookExcelReaderImpl - Total factors found: 8
INFO AWT-EventQueue-1 ibfb.workbook.core.WorkbookExcelReaderImpl - Data for Constant: Environment (Text)
INFO AWT-EventQueue-1 ibfb.workbook.core.WorkbookExcelReaderImpl - Data for Constant: Plot size (m)
INFO AWT-EventQueue-1 ibfb.workbook.core.WorkbookExcelReaderImpl - Data for Constant: Field Management (Text)
INFO AWT-EventQueue-1 ibfb.workbook.core.WorkbookExcelReaderImpl - Excel file read END
INFO AWT-EventQueue-1 ibfb.workbook.core.WorkbookExcelReaderImpl - Excel file read BEGIN
INFO AWT-EventQueue-1 ibfb.workbook.core.WorkbookExcelReaderImpl - Opening file...
INFO AWT-EventQueue-1 ibfb.workbook.core.WorkbookExcelReaderImpl - Number of sheets in book2
INFO AWT-EventQueue-1 ibfb.workbook.core.WorkbookExcelReaderImpl - Total study conditions found: 2
INFO AWT-EventQueue-1 ibfb.workbook.core.WorkbookExcelReaderImpl - Total conditions found: 8
INFO AWT-EventQueue-1 ibfb.workbook.core.WorkbookExcelReaderImpl - Total factors found: 8
INFO AWT-EventQueue-1 ibfb.workbook.core.WorkbookExcelReaderImpl - Data for Constant: Environment (Text)
INFO AWT-EventQueue-1 ibfb.workbook.core.WorkbookExcelReaderImpl - Data for Constant: Plot size (m)
INFO AWT-EventQueue-1 ibfb.workbook.core.WorkbookExcelReaderImpl - Data for Constant: Field Management (Text)
INFO AWT-EventQueue-1 ibfb.workbook.core.WorkbookExcelReaderImpl - Excel file read END
INFO AWT-EventQueue-1 ibfb.workbook.core.WorkbookExcelReaderImpl - Excel file read BEGIN
INFO AWT-EventQueue-1 ibfb.workbook.core.WorkbookExcelReaderImpl - Opening file...
INFO AWT-EventQueue-1 ibfb.workbook.core.WorkbookExcelReaderImpl - Number of sheets in book2
INFO AWT-EventQueue-1 ibfb.workbook.core.WorkbookExcelReaderImpl - Total study conditions found: 2
INFO AWT-EventQueue-1 ibfb.workbook.core.WorkbookExcelReaderImpl - Total conditions found: 8
INFO AWT-EventQueue-1 ibfb.workbook.core.WorkbookExcelReaderImpl - Total factors found: 8
INFO AWT-EventQueue-1 ibfb.workbook.core.WorkbookExcelReaderImpl - Data for Constant: Environment (Text)
INFO AWT-EventQueue-1 ibfb.workbook.core.WorkbookExcelReaderImpl - Data for Constant: Plot size (m)
INFO AWT-EventQueue-1 ibfb.workbook.core.WorkbookExcelReaderImpl - Data for Constant: Field Management (Text)
INFO AWT-EventQueue-1 ibfb.workbook.core.WorkbookExcelReaderImpl - Excel file read END
INFO AWT-EventQueue-1 ibfb.workbook.core.WorkbookExcelReaderImpl - Excel file read BEGIN
INFO AWT-EventQueue-1 ibfb.workbook.core.WorkbookExcelReaderImpl - Opening file...
INFO AWT-EventQueue-1 ibfb.workbook.core.WorkbookExcelReaderImpl - Number of sheets in book2
INFO AWT-EventQueue-1 ibfb.workbook.core.WorkbookExcelReaderImpl - Total study conditions found: 2
INFO AWT-EventQueue-1 ibfb.workbook.core.WorkbookExcelReaderImpl - Total conditions found: 8
INFO AWT-EventQueue-1 ibfb.workbook.core.WorkbookExcelReaderImpl - Total factors found: 8
INFO AWT-EventQueue-1 ibfb.workbook.core.WorkbookExcelReaderImpl - Data for Constant: Environment (Text)
INFO AWT-EventQueue-1 ibfb.workbook.core.WorkbookExcelReaderImpl - Data for Constant: Plot size (m)
INFO AWT-EventQueue-1 ibfb.workbook.core.WorkbookExcelReaderImpl - Data for Constant: Field Management (Text)
INFO AWT-EventQueue-1 ibfb.workbook.core.WorkbookExcelReaderImpl - Excel file read END
INFO AWT-EventQueue-1 ibfb.workbook.core.WorkbookExcelReaderImpl - Excel file read BEGIN
INFO AWT-EventQueue-1 ibfb.workbook.core.WorkbookExcelReaderImpl - Opening file...
INFO AWT-EventQueue-1 ibfb.workbook.core.WorkbookExcelReaderImpl - Number of sheets in book2
INFO AWT-EventQueue-1 ibfb.workbook.core.WorkbookExcelReaderImpl - Total study conditions found: 2
INFO AWT-EventQueue-1 ibfb.workbook.core.WorkbookExcelReaderImpl - Total conditions found: 8
INFO AWT-EventQueue-1 ibfb.workbook.core.WorkbookExcelReaderImpl - Total factors found: 8
INFO AWT-EventQueue-1 ibfb.workbook.core.WorkbookExcelReaderImpl - Data for Constant: Environment (Text)
INFO AWT-EventQueue-1 ibfb.workbook.core.WorkbookExcelReaderImpl - Data for Constant: Plot size (m)
INFO AWT-EventQueue-1 ibfb.workbook.core.WorkbookExcelReaderImpl - Data for Constant: Field Management (Text)
INFO AWT-EventQueue-1 ibfb.workbook.core.WorkbookExcelReaderImpl - Excel file read END
INFO AWT-EventQueue-1 ibfb.studyeditor.core.model.DesignTableModel - Requested for rowIndex 0
INFO AWT-EventQueue-1 ibfb.studyeditor.core.model.DesignTableModel - designList.size() 1
INFO AWT-EventQueue-1 ibfb.studyeditor.core.model.DesignTableModel - bean ibfb.domain.core.DesignBean@14be291e
INFO SwingWorker-pool-1-thread-1 ibfb.studyeditor.core.model.DesignTableModel - Requested for rowIndex 0
INFO SwingWorker-pool-1-thread-1 ibfb.studyeditor.core.model.DesignTableModel - designList.size() 1
INFO SwingWorker-pool-1-thread-1 ibfb.studyeditor.core.model.DesignTableModel - bean ibfb.domain.core.DesignBean@14be291e
INFO AWT-EventQueue-1 org.cimmyt.cril.ibwb.provider.dao.TraitsDAO - Checking if Traits table exists
INFO AWT-EventQueue-1 org.cimmyt.cril.ibwb.provider.dao.TraitsDAO - Traits table found!
INFO AWT-EventQueue-1 org.cimmyt.cril.ibwb.provider.dao.TraitsDAO - Checking if Traits table exists DONE....
INFO AWT-EventQueue-1 org.cimmyt.cril.ibwb.provider.dao.TraitsDAO - Checking if Traits table exists
INFO AWT-EventQueue-1 org.cimmyt.cril.ibwb.provider.dao.TraitsDAO - Traits table found!
INFO AWT-EventQueue-1 org.cimmyt.cril.ibwb.provider.dao.TraitsDAO - Checking if Traits table exists DONE....
INFO AWT-EventQueue-1 org.cimmyt.cril.ibwb.provider.dao.TransformationsDAO - Checking if TmsTransformations table exists
INFO AWT-EventQueue-1 org.cimmyt.cril.ibwb.provider.dao.TransformationsDAO - TmsTransformations table found!
INFO AWT-EventQueue-1 org.cimmyt.cril.ibwb.provider.dao.TransformationsDAO - Checking if TmsTransformations table exists DONE....
INFO AWT-EventQueue-1 org.cimmyt.cril.ibwb.provider.dao.TransformationsDAO - Checking if TmsTransformations table exists
INFO AWT-EventQueue-1 org.cimmyt.cril.ibwb.provider.dao.TransformationsDAO - TmsTransformations table found!
INFO AWT-EventQueue-1 org.cimmyt.cril.ibwb.provider.dao.TransformationsDAO - Checking if TmsTransformations table exists DONE....
INFO AWT-EventQueue-1 org.cimmyt.cril.ibwb.provider.dao.ContinuousConversionDAO - Checking if TmsContinuous-conversion table exists
INFO AWT-EventQueue-1 org.cimmyt.cril.ibwb.provider.dao.ContinuousConversionDAO - TmsContinuous-conversion table found!
INFO AWT-EventQueue-1 org.cimmyt.cril.ibwb.provider.dao.ContinuousConversionDAO - Checking if TmsContinuous-conversion table exists DONE....
INFO AWT-EventQueue-1 org.cimmyt.cril.ibwb.provider.dao.ContinuousConversionDAO - Checking if TmsContinuous-conversion table exists
INFO AWT-EventQueue-1 org.cimmyt.cril.ibwb.provider.dao.ContinuousConversionDAO - TmsContinuous-conversion table found!
INFO AWT-EventQueue-1 org.cimmyt.cril.ibwb.provider.dao.ContinuousConversionDAO - Checking if TmsContinuous-conversion table exists DONE....
INFO AWT-EventQueue-1 org.cimmyt.cril.ibwb.provider.dao.ContinuousFunctionDAO - Checking if TmsContinuous-function table exists
INFO AWT-EventQueue-1 org.cimmyt.cril.ibwb.provider.dao.ContinuousFunctionDAO - TmsContinuous-function table found!
INFO AWT-EventQueue-1 org.cimmyt.cril.ibwb.provider.dao.ContinuousFunctionDAO - Checking if TmsContinuous-function table exists DONE....
INFO AWT-EventQueue-1 org.cimmyt.cril.ibwb.provider.dao.ContinuousFunctionDAO - Checking if TmsContinuous-function table exists
INFO AWT-EventQueue-1 org.cimmyt.cril.ibwb.provider.dao.ContinuousFunctionDAO - TmsContinuous-function table found!
INFO AWT-EventQueue-1 org.cimmyt.cril.ibwb.provider.dao.ContinuousFunctionDAO - Checking if TmsContinuous-function table exists DONE....
INFO AWT-EventQueue-1 org.cimmyt.cril.ibwb.provider.dao.DiscreteConversionDAO - Checking if TmsDiscrete-conversion table exists
INFO AWT-EventQueue-1 org.cimmyt.cril.ibwb.provider.dao.DiscreteConversionDAO - TmsDiscrete-conversion table found!
INFO AWT-EventQueue-1 org.cimmyt.cril.ibwb.provider.dao.DiscreteConversionDAO - Checking if TmsDiscrete-conversion table exists DONE....
INFO AWT-EventQueue-1 org.cimmyt.cril.ibwb.provider.dao.DiscreteConversionDAO - Checking if TmsDiscrete-conversion table exists
INFO AWT-EventQueue-1 org.cimmyt.cril.ibwb.provider.dao.DiscreteConversionDAO - TmsDiscrete-conversion table found!
INFO AWT-EventQueue-1 org.cimmyt.cril.ibwb.provider.dao.DiscreteConversionDAO - Checking if TmsDiscrete-conversion table exists DONE....
INFO AWT-EventQueue-1 org.cimmyt.cril.ibwb.provider.dao.TmsConsistencyChecksDAO - Checking if TmsConsistency-checks table exists
INFO AWT-EventQueue-1 org.cimmyt.cril.ibwb.provider.dao.TmsConsistencyChecksDAO - TmsConsistency-checks table found!
INFO AWT-EventQueue-1 org.cimmyt.cril.ibwb.provider.dao.TmsConsistencyChecksDAO - Checking if TmsConsistency-checks table exists DONE....
INFO AWT-EventQueue-1 org.cimmyt.cril.ibwb.provider.dao.TmsConsistencyChecksDAO - Checking if TmsConsistency-checks table exists
INFO AWT-EventQueue-1 org.cimmyt.cril.ibwb.provider.dao.TmsConsistencyChecksDAO - TmsConsistency-checks table found!
INFO AWT-EventQueue-1 org.cimmyt.cril.ibwb.provider.dao.TmsConsistencyChecksDAO - Checking if TmsConsistency-checks table exists DONE....
INFO AWT-EventQueue-1 ibfb.workbook.core.WorkbookExcelReaderImpl - Validating Excel file read BEGIN
INFO AWT-EventQueue-1 ibfb.workbook.core.WorkbookExcelReaderImpl - Excel file read BEGIN
INFO AWT-EventQueue-1 ibfb.workbook.core.WorkbookExcelReaderImpl - Opening file...
INFO AWT-EventQueue-1 ibfb.workbook.core.WorkbookExcelReaderImpl - Number of sheets in book2
INFO AWT-EventQueue-1 ibfb.workbook.core.WorkbookExcelReaderImpl - Total study conditions found: 2
INFO AWT-EventQueue-1 ibfb.workbook.core.WorkbookExcelReaderImpl - Total conditions found: 8
INFO AWT-EventQueue-1 ibfb.workbook.core.WorkbookExcelReaderImpl - Total factors found: 8
INFO AWT-EventQueue-1 ibfb.workbook.core.WorkbookExcelReaderImpl - Data for Constant: Environment (Text)
INFO AWT-EventQueue-1 ibfb.workbook.core.WorkbookExcelReaderImpl - Data for Constant: Plot size (m)
INFO AWT-EventQueue-1 ibfb.workbook.core.WorkbookExcelReaderImpl - Data for Constant: Field Management (Text)
INFO AWT-EventQueue-1 ibfb.workbook.core.WorkbookExcelReaderImpl - Excel file read END
INFO AWT-EventQueue-1 ibfb.workbook.core.WorkbookExcelReaderImpl - Excel file read BEGIN
INFO AWT-EventQueue-1 ibfb.workbook.core.WorkbookExcelReaderImpl - Opening file...
INFO AWT-EventQueue-1 ibfb.workbook.core.WorkbookExcelReaderImpl - Number of sheets in book2
INFO AWT-EventQueue-1 ibfb.workbook.core.WorkbookExcelReaderImpl - Total study conditions found: 2
INFO AWT-EventQueue-1 ibfb.workbook.core.WorkbookExcelReaderImpl - Total conditions found: 8
INFO AWT-EventQueue-1 ibfb.workbook.core.WorkbookExcelReaderImpl - Total factors found: 8
INFO AWT-EventQueue-1 ibfb.workbook.core.WorkbookExcelReaderImpl - Data for Constant: Environment (Text)
INFO AWT-EventQueue-1 ibfb.workbook.core.WorkbookExcelReaderImpl - Data for Constant: Plot size (m)
INFO AWT-EventQueue-1 ibfb.workbook.core.WorkbookExcelReaderImpl - Data for Constant: Field Management (Text)
INFO AWT-EventQueue-1 ibfb.workbook.core.WorkbookExcelReaderImpl - Excel file read END
INFO AWT-EventQueue-1 ibfb.workbook.core.WorkbookExcelReaderImpl - Excel file read BEGIN
INFO AWT-EventQueue-1 ibfb.workbook.core.WorkbookExcelReaderImpl - Opening file...
INFO AWT-EventQueue-1 ibfb.workbook.core.WorkbookExcelReaderImpl - Number of sheets in book2
INFO AWT-EventQueue-1 ibfb.workbook.core.WorkbookExcelReaderImpl - Total study conditions found: 2
INFO AWT-EventQueue-1 ibfb.workbook.core.WorkbookExcelReaderImpl - Total conditions found: 8
INFO AWT-EventQueue-1 ibfb.workbook.core.WorkbookExcelReaderImpl - Total factors found: 8
INFO AWT-EventQueue-1 ibfb.workbook.core.WorkbookExcelReaderImpl - Data for Constant: Environment (Text)
INFO AWT-EventQueue-1 ibfb.workbook.core.WorkbookExcelReaderImpl - Data for Constant: Plot size (m)
INFO AWT-EventQueue-1 ibfb.workbook.core.WorkbookExcelReaderImpl - Data for Constant: Field Management (Text)
INFO AWT-EventQueue-1 ibfb.workbook.core.WorkbookExcelReaderImpl - Excel file read END
INFO AWT-EventQueue-1 ibfb.studyeditor.core.model.DesignTableModel - Requested for rowIndex 0
INFO AWT-EventQueue-1 ibfb.studyeditor.core.model.DesignTableModel - designList.size() 1
INFO AWT-EventQueue-1 ibfb.studyeditor.core.model.DesignTableModel - bean ibfb.domain.core.DesignBean@cd51fae
INFO AWT-EventQueue-1 ibfb.studyeditor.core.model.DesignTableModel - Requested for rowIndex 0
INFO AWT-EventQueue-1 ibfb.studyeditor.core.model.DesignTableModel - designList.size() 1
INFO AWT-EventQueue-1 ibfb.studyeditor.core.model.DesignTableModel - bean ibfb.domain.core.DesignBean@cd51fae
INFO AWT-EventQueue-1 ibfb.studyeditor.core.model.DesignTableModel - Requested for rowIndex 0
INFO AWT-EventQueue-1 ibfb.studyeditor.core.model.DesignTableModel - designList.size() 1
INFO AWT-EventQueue-1 ibfb.studyeditor.core.model.DesignTableModel - bean ibfb.domain.core.DesignBean@cd51fae
INFO AWT-EventQueue-1 ibfb.studyeditor.core.model.DesignTableModel - Requested for rowIndex 0
INFO AWT-EventQueue-1 ibfb.studyeditor.core.model.DesignTableModel - designList.size() 1
INFO AWT-EventQueue-1 ibfb.studyeditor.core.model.DesignTableModel - bean ibfb.domain.core.DesignBean@cd51fae
INFO AWT-EventQueue-1 ibfb.studyeditor.core.model.DesignTableModel - Requested for rowIndex 0
INFO AWT-EventQueue-1 ibfb.studyeditor.core.model.DesignTableModel - designList.size() 1
INFO AWT-EventQueue-1 ibfb.studyeditor.core.model.DesignTableModel - bean ibfb.domain.core.DesignBean@cd51fae
INFO AWT-EventQueue-1 ibfb.studyeditor.core.model.DesignTableModel - Requested for rowIndex 0
INFO AWT-EventQueue-1 ibfb.studyeditor.core.model.DesignTableModel - designList.size() 1
INFO AWT-EventQueue-1 ibfb.studyeditor.core.model.DesignTableModel - bean ibfb.domain.core.DesignBean@cd51fae
INFO AWT-EventQueue-1 ibfb.studyeditor.core.model.DesignTableModel - Requested for rowIndex 0
INFO AWT-EventQueue-1 ibfb.studyeditor.core.model.DesignTableModel - designList.size() 1
INFO AWT-EventQueue-1 ibfb.studyeditor.core.model.DesignTableModel - bean ibfb.domain.core.DesignBean@cd51fae
INFO AWT-EventQueue-1 ibfb.studyeditor.core.model.DesignTableModel - Requested for rowIndex 0
INFO AWT-EventQueue-1 ibfb.studyeditor.core.model.DesignTableModel - designList.size() 1
INFO AWT-EventQueue-1 ibfb.studyeditor.core.model.DesignTableModel - bean ibfb.domain.core.DesignBean@cd51fae
INFO AWT-EventQueue-1 ibfb.studyeditor.core.model.DesignTableModel - Requested for rowIndex 0
INFO AWT-EventQueue-1 ibfb.studyeditor.core.model.DesignTableModel - designList.size() 1
INFO AWT-EventQueue-1 ibfb.studyeditor.core.model.DesignTableModel - bean ibfb.domain.core.DesignBean@cd51fae
INFO AWT-EventQueue-1 ibfb.studyeditor.core.model.DesignTableModel - Requested for rowIndex 0
INFO AWT-EventQueue-1 ibfb.studyeditor.core.model.DesignTableModel - designList.size() 1
INFO AWT-EventQueue-1 ibfb.studyeditor.core.model.DesignTableModel - bean ibfb.domain.core.DesignBean@cd51fae
INFO AWT-EventQueue-1 ibfb.studyeditor.core.model.DesignTableModel - Requested for rowIndex 0
INFO AWT-EventQueue-1 ibfb.studyeditor.core.model.DesignTableModel - designList.size() 1
INFO AWT-EventQueue-1 ibfb.studyeditor.core.model.DesignTableModel - bean ibfb.domain.core.DesignBean@cd51fae
INFO AWT-EventQueue-1 ibfb.studyeditor.core.model.DesignTableModel - Requested for rowIndex 0
INFO AWT-EventQueue-1 ibfb.studyeditor.core.model.DesignTableModel - designList.size() 1
INFO AWT-EventQueue-1 ibfb.studyeditor.core.model.DesignTableModel - bean ibfb.domain.core.DesignBean@cd51fae
