INFO AWT-EventQueue-1 ibfb.workbook.core.WorkbookExcelReaderImpl - Total study conditions found: 2
INFO AWT-EventQueue-1 ibfb.workbook.core.WorkbookExcelReaderImpl - Total conditions found: 8
INFO AWT-EventQueue-1 ibfb.workbook.core.WorkbookExcelReaderImpl - Total factors found: 8
INFO AWT-EventQueue-1 ibfb.workbook.core.WorkbookExcelReaderImpl - Data for Constant: Environment (Text)
INFO AWT-EventQueue-1 ibfb.workbook.core.WorkbookExcelReaderImpl - Data for Constant: Plot size (m)
INFO AWT-EventQueue-1 ibfb.workbook.core.WorkbookExcelReaderImpl - Data for Constant: Field Management (Text)
INFO AWT-EventQueue-1 ibfb.workbook.core.WorkbookExcelReaderImpl - Excel file read END
INFO AWT-EventQueue-1 ibfb.studyeditor.core.model.DesignTableModel - Requested for rowIndex 0
INFO AWT-EventQueue-1 ibfb.studyeditor.core.model.DesignTableModel - designList.size() 1
INFO AWT-EventQueue-1 ibfb.studyeditor.core.model.DesignTableModel - bean ibfb.domain.core.DesignBean@657fa242
INFO AWT-EventQueue-1 ibfb.studyeditor.core.model.DesignTableModel - Requested for rowIndex 0
INFO AWT-EventQueue-1 ibfb.studyeditor.core.model.DesignTableModel - designList.size() 1
INFO AWT-EventQueue-1 ibfb.studyeditor.core.model.DesignTableModel - bean ibfb.domain.core.DesignBean@657fa242
INFO AWT-EventQueue-1 ibfb.studyeditor.core.model.DesignTableModel - Requested for rowIndex 0
INFO AWT-EventQueue-1 ibfb.studyeditor.core.model.DesignTableModel - designList.size() 1
INFO AWT-EventQueue-1 ibfb.studyeditor.core.model.DesignTableModel - bean ibfb.domain.core.DesignBean@657fa242
INFO AWT-EventQueue-1 ibfb.studyeditor.core.model.DesignTableModel - Requested for rowIndex 0
INFO AWT-EventQueue-1 ibfb.studyeditor.core.model.DesignTableModel - designList.size() 1
INFO AWT-EventQueue-1 ibfb.studyeditor.core.model.DesignTableModel - bean ibfb.domain.core.DesignBean@657fa242
INFO AWT-EventQueue-1 ibfb.studyeditor.core.model.DesignTableModel - Requested for rowIndex 0
INFO AWT-EventQueue-1 ibfb.studyeditor.core.model.DesignTableModel - designList.size() 1
INFO AWT-EventQueue-1 ibfb.studyeditor.core.model.DesignTableModel - bean ibfb.domain.core.DesignBean@657fa242
INFO AWT-EventQueue-1 ibfb.studyeditor.core.model.DesignTableModel - Requested for rowIndex 0
INFO AWT-EventQueue-1 ibfb.studyeditor.core.model.DesignTableModel - designList.size() 1
INFO AWT-EventQueue-1 ibfb.studyeditor.core.model.DesignTableModel - bean ibfb.domain.core.DesignBean@657fa242
INFO AWT-EventQueue-1 ibfb.studyeditor.core.model.DesignTableModel - Requested for rowIndex 0
INFO AWT-EventQueue-1 ibfb.studyeditor.core.model.DesignTableModel - designList.size() 1
INFO AWT-EventQueue-1 ibfb.studyeditor.core.model.DesignTableModel - bean ibfb.domain.core.DesignBean@657fa242
INFO AWT-EventQueue-1 ibfb.studyeditor.core.model.DesignTableModel - Requested for rowIndex 0
INFO AWT-EventQueue-1 ibfb.studyeditor.core.model.DesignTableModel - designList.size() 1
INFO AWT-EventQueue-1 ibfb.studyeditor.core.model.DesignTableModel - bean ibfb.domain.core.DesignBean@657fa242
INFO AWT-EventQueue-1 ibfb.studyeditor.core.model.DesignTableModel - Requested for rowIndex 0
INFO AWT-EventQueue-1 ibfb.studyeditor.core.model.DesignTableModel - designList.size() 1
INFO AWT-EventQueue-1 ibfb.studyeditor.core.model.DesignTableModel - bean ibfb.domain.core.DesignBean@657fa242
INFO AWT-EventQueue-1 ibfb.studyeditor.core.model.DesignTableModel - Requested for rowIndex 0
INFO AWT-EventQueue-1 ibfb.studyeditor.core.model.DesignTableModel - designList.size() 1
INFO AWT-EventQueue-1 ibfb.studyeditor.core.model.DesignTableModel - bean ibfb.domain.core.DesignBean@657fa242
INFO AWT-EventQueue-1 ibfb.studyeditor.core.model.DesignTableModel - Requested for rowIndex 0
INFO AWT-EventQueue-1 ibfb.studyeditor.core.model.DesignTableModel - designList.size() 1
INFO AWT-EventQueue-1 ibfb.studyeditor.core.model.DesignTableModel - bean ibfb.domain.core.DesignBean@657fa242
INFO AWT-EventQueue-1 ibfb.studyeditor.core.model.DesignTableModel - Requested for rowIndex 0
INFO AWT-EventQueue-1 ibfb.studyeditor.core.model.DesignTableModel - designList.size() 1
INFO AWT-EventQueue-1 ibfb.studyeditor.core.model.DesignTableModel - bean ibfb.domain.core.DesignBean@657fa242
