INFO SwingWorker-pool-1-thread-2 org.cimmyt.cril.ibwb.provider.helpers.HelperFactor - Saving level for ENTRY factor: DESIG  with value: (CML 451 X (RCYA 99-21)-B-B-14-1)-B-11-2-2/(CML 454 X CL RCY 16= (CL-00331*CML-287)-B-6-2-3-BBB)-B-10-2-1
INFO SwingWorker-pool-1-thread-2 org.cimmyt.cril.ibwb.provider.helpers.HelperFactor - Saving level for ENTRY factor: GID  with value: -75
INFO SwingWorker-pool-1-thread-2 org.cimmyt.cril.ibwb.provider.helpers.HelperFactor - Saving level for ENTRY factor: ENTRY NUMBER  with value: 76
INFO SwingWorker-pool-1-thread-2 org.cimmyt.cril.ibwb.provider.helpers.HelperFactor - Saving level for ENTRY factor: ENTRY CD  with value: E0076
INFO SwingWorker-pool-1-thread-2 org.cimmyt.cril.ibwb.provider.helpers.HelperFactor - Saving level for ENTRY factor: DESIG  with value: (CML 451 X (RCYA 99-21)-B-B-14-1)-B-28-1-1/(CML 454 X CL RCY 16= (CL-00331*CML-287)-B-6-2-3-BBB)-B-10-2-2
INFO SwingWorker-pool-1-thread-2 org.cimmyt.cril.ibwb.provider.helpers.HelperFactor - Saving level for ENTRY factor: GID  with value: -76
INFO SwingWorker-pool-1-thread-2 org.cimmyt.cril.ibwb.provider.helpers.HelperFactor - Saving level for ENTRY factor: ENTRY NUMBER  with value: 77
INFO SwingWorker-pool-1-thread-2 org.cimmyt.cril.ibwb.provider.helpers.HelperFactor - Saving level for ENTRY factor: ENTRY CD  with value: E0077
INFO SwingWorker-pool-1-thread-2 org.cimmyt.cril.ibwb.provider.helpers.HelperFactor - Saving level for ENTRY factor: DESIG  with value: (CML 451 X (RCYA 99-21)-B-B-14-1)-B-28-1-2/(CML 454 X CL RCY 16= (CL-00331*CML-287)-B-6-2-3-BBB)-B-11-1-1
INFO SwingWorker-pool-1-thread-2 org.cimmyt.cril.ibwb.provider.helpers.HelperFactor - Saving level for ENTRY factor: GID  with value: -77
INFO SwingWorker-pool-1-thread-2 org.cimmyt.cril.ibwb.provider.helpers.HelperFactor - Saving level for ENTRY factor: ENTRY NUMBER  with value: 78
INFO SwingWorker-pool-1-thread-2 org.cimmyt.cril.ibwb.provider.helpers.HelperFactor - Saving level for ENTRY factor: ENTRY CD  with value: E0078
INFO SwingWorker-pool-1-thread-2 org.cimmyt.cril.ibwb.provider.helpers.HelperFactor - Saving level for ENTRY factor: DESIG  with value: (CML 451 X (RCYA 99-21)-B-B-14-1)-B-28-2-1/(CML 454 X CL RCY 16= (CL-00331*CML-287)-B-6-2-3-BBB)-B-11-1-2
INFO SwingWorker-pool-1-thread-2 org.cimmyt.cril.ibwb.provider.helpers.HelperFactor - Saving level for ENTRY factor: GID  with value: -78
INFO SwingWorker-pool-1-thread-2 org.cimmyt.cril.ibwb.provider.helpers.HelperFactor - Saving level for ENTRY factor: ENTRY NUMBER  with value: 79
INFO SwingWorker-pool-1-thread-2 org.cimmyt.cril.ibwb.provider.helpers.HelperFactor - Saving level for ENTRY factor: ENTRY CD  with value: E0079
INFO SwingWorker-pool-1-thread-2 org.cimmyt.cril.ibwb.provider.helpers.HelperFactor - Saving level for ENTRY factor: DESIG  with value: (CML 451 X (RCYA 99-21)-B-B-14-1)-B-28-2-2/(CML 454 X CL RCY 16= (CL-00331*CML-287)-B-6-2-3-BBB)-B-11-2-1
INFO SwingWorker-pool-1-thread-2 org.cimmyt.cril.ibwb.provider.helpers.HelperFactor - Saving level for ENTRY factor: GID  with value: -79
INFO SwingWorker-pool-1-thread-2 org.cimmyt.cril.ibwb.provider.helpers.HelperFactor - Saving level for ENTRY factor: ENTRY NUMBER  with value: 80
INFO SwingWorker-pool-1-thread-2 org.cimmyt.cril.ibwb.provider.helpers.HelperFactor - Saving level for ENTRY factor: ENTRY CD  with value: E0080
INFO SwingWorker-pool-1-thread-2 org.cimmyt.cril.ibwb.provider.helpers.HelperFactor - Saving level for ENTRY factor: DESIG  with value: (CML 451 X (RCYA 99-21)-B-B-14-1)-B-42-2-1/(CML 454 X CL RCY 16= (CL-00331*CML-287)-B-6-2-3-BBB)-B-11-2-2
INFO SwingWorker-pool-1-thread-2 org.cimmyt.cril.ibwb.provider.helpers.HelperFactor - Saving level for ENTRY factor: GID  with value: -80
INFO SwingWorker-pool-1-thread-2 org.cimmyt.cril.ibwb.provider.helpers.HelperFactor - Saving level for ENTRY factor: ENTRY NUMBER  with value: 81
INFO SwingWorker-pool-1-thread-2 org.cimmyt.cril.ibwb.provider.helpers.HelperFactor - Saving level for ENTRY factor: ENTRY CD  with value: E0081
INFO SwingWorker-pool-1-thread-2 org.cimmyt.cril.ibwb.provider.helpers.HelperFactor - Saving level for ENTRY factor: DESIG  with value: (CML 451 X (RCYA 99-21)-B-B-14-1)-B-43-1-1/(CML 454 X CL RCY 16= (CL-00331*CML-287)-B-6-2-3-BBB)-B-14-2-1
INFO SwingWorker-pool-1-thread-2 org.cimmyt.cril.ibwb.provider.helpers.HelperFactor - Saving level for ENTRY factor: GID  with value: -81
INFO SwingWorker-pool-1-thread-2 org.cimmyt.cril.ibwb.provider.helpers.HelperFactor - Saving level for ENTRY factor: ENTRY NUMBER  with value: 82
INFO SwingWorker-pool-1-thread-2 org.cimmyt.cril.ibwb.provider.helpers.HelperFactor - Saving level for ENTRY factor: ENTRY CD  with value: E0082
INFO SwingWorker-pool-1-thread-2 org.cimmyt.cril.ibwb.provider.helpers.HelperFactor - Saving level for ENTRY factor: DESIG  with value: (CML 451 X (RCYA 99-21)-B-B-14-1)-B-43-1-2/(CML 454 X CL RCY 16= (CL-00331*CML-287)-B-6-2-3-BBB)-B-14-2-2
INFO SwingWorker-pool-1-thread-2 org.cimmyt.cril.ibwb.provider.helpers.HelperFactor - Saving level for ENTRY factor: GID  with value: -82
INFO SwingWorker-pool-1-thread-2 org.cimmyt.cril.ibwb.provider.helpers.HelperFactor - Saving level for ENTRY factor: ENTRY NUMBER  with value: 83
INFO SwingWorker-pool-1-thread-2 org.cimmyt.cril.ibwb.provider.helpers.HelperFactor - Saving level for ENTRY factor: ENTRY CD  with value: E0083
INFO SwingWorker-pool-1-thread-2 org.cimmyt.cril.ibwb.provider.helpers.HelperFactor - Saving level for ENTRY factor: DESIG  with value: (CML 451 X (RCYA 99-21)-B-B-14-1)-B-43-2-1/(CML 451 X IBP 4 C 3 TLYF-88-2-3-2-1-B)-B-12-1-1
INFO SwingWorker-pool-1-thread-2 org.cimmyt.cril.ibwb.provider.helpers.HelperFactor - Saving level for ENTRY factor: GID  with value: -83
INFO SwingWorker-pool-1-thread-2 org.cimmyt.cril.ibwb.provider.helpers.HelperFactor - Saving level for ENTRY factor: ENTRY NUMBER  with value: 84
INFO SwingWorker-pool-1-thread-2 org.cimmyt.cril.ibwb.provider.helpers.HelperFactor - Saving level for ENTRY factor: ENTRY CD  with value: E0084
INFO SwingWorker-pool-1-thread-2 org.cimmyt.cril.ibwb.provider.helpers.HelperFactor - Saving level for ENTRY factor: DESIG  with value: (CML 451 X (RCYA 99-21)-B-B-14-1)-B-43-2-2/(CML 451 X IBP 4 C 3 TLYF-88-2-3-2-1-B)-B-12-1-2
INFO SwingWorker-pool-1-thread-2 org.cimmyt.cril.ibwb.provider.helpers.HelperFactor - Saving level for ENTRY factor: GID  with value: -84
INFO SwingWorker-pool-1-thread-2 org.cimmyt.cril.ibwb.provider.helpers.HelperFactor - Saving level for ENTRY factor: ENTRY NUMBER  with value: 85
INFO SwingWorker-pool-1-thread-2 org.cimmyt.cril.ibwb.provider.helpers.HelperFactor - Saving level for ENTRY factor: ENTRY CD  with value: E0085
INFO SwingWorker-pool-1-thread-2 org.cimmyt.cril.ibwb.provider.helpers.HelperFactor - Saving level for ENTRY factor: DESIG  with value: (CML 451 X (RCYA 99-21)-B-B-14-1)-B-45-1-1/(CML 451 X IBP 4 C 3 TLYF-88-2-3-2-1-B)-B-19-1-1
INFO SwingWorker-pool-1-thread-2 org.cimmyt.cril.ibwb.provider.helpers.HelperFactor - Saving level for ENTRY factor: GID  with value: -85
INFO SwingWorker-pool-1-thread-2 org.cimmyt.cril.ibwb.provider.helpers.HelperFactor - Saving level for ENTRY factor: ENTRY NUMBER  with value: 86
INFO SwingWorker-pool-1-thread-2 org.cimmyt.cril.ibwb.provider.helpers.HelperFactor - Saving level for ENTRY factor: ENTRY CD  with value: E0086
INFO SwingWorker-pool-1-thread-2 org.cimmyt.cril.ibwb.provider.helpers.HelperFactor - Saving level for ENTRY factor: DESIG  with value: (CML 451 X (RCYA 99-21)-B-B-14-1)-B-45-1-2/(CML 451 X IBP 4 C 3 TLYF-88-2-3-2-1-B)-B-29-1-1
INFO SwingWorker-pool-1-thread-2 org.cimmyt.cril.ibwb.provider.helpers.HelperFactor - Saving level for ENTRY factor: GID  with value: -86
INFO SwingWorker-pool-1-thread-2 org.cimmyt.cril.ibwb.provider.helpers.HelperFactor - Saving level for ENTRY factor: ENTRY NUMBER  with value: 87
INFO SwingWorker-pool-1-thread-2 org.cimmyt.cril.ibwb.provider.helpers.HelperFactor - Saving level for ENTRY factor: ENTRY CD  with value: E0087
INFO SwingWorker-pool-1-thread-2 org.cimmyt.cril.ibwb.provider.helpers.HelperFactor - Saving level for ENTRY factor: DESIG  with value: (CML 451 X (RCYA 99-20)-B-B-47-3-B)-B-34-1-1/(CML 451 X IBP 4 C 3 TLYF-88-2-3-2-1-B)-B-29-1-2
INFO SwingWorker-pool-1-thread-2 org.cimmyt.cril.ibwb.provider.helpers.HelperFactor - Saving level for ENTRY factor: GID  with value: -87
INFO SwingWorker-pool-1-thread-2 org.cimmyt.cril.ibwb.provider.helpers.HelperFactor - Saving level for ENTRY factor: ENTRY NUMBER  with value: 88
INFO SwingWorker-pool-1-thread-2 org.cimmyt.cril.ibwb.provider.helpers.HelperFactor - Saving level for ENTRY factor: ENTRY CD  with value: E0088
INFO SwingWorker-pool-1-thread-2 org.cimmyt.cril.ibwb.provider.helpers.HelperFactor - Saving level for ENTRY factor: DESIG  with value: (CML 451 X (RCYA 99-17)-B-B-14-1)-B-16-2-1/(CML 451 X IBP 4 C 3 TLYF-88-2-3-2-1-B)-B-29-2-1
INFO SwingWorker-pool-1-thread-2 org.cimmyt.cril.ibwb.provider.helpers.HelperFactor - Saving level for ENTRY factor: GID  with value: -88
INFO SwingWorker-pool-1-thread-2 org.cimmyt.cril.ibwb.provider.helpers.HelperFactor - Saving level for ENTRY factor: ENTRY NUMBER  with value: 89
INFO SwingWorker-pool-1-thread-2 org.cimmyt.cril.ibwb.provider.helpers.HelperFactor - Saving level for ENTRY factor: ENTRY CD  with value: E0089
INFO SwingWorker-pool-1-thread-2 org.cimmyt.cril.ibwb.provider.helpers.HelperFactor - Saving level for ENTRY factor: DESIG  with value: (CML 451 X (RCYA 99-17)-B-B-14-1)-B-16-2-2/(CML 451 X IBP 4 C 3 TLYF-88-2-3-2-1-B)-B-29-3-1
INFO SwingWorker-pool-1-thread-2 org.cimmyt.cril.ibwb.provider.helpers.HelperFactor - Saving level for ENTRY factor: GID  with value: -89
INFO SwingWorker-pool-1-thread-2 org.cimmyt.cril.ibwb.provider.helpers.HelperFactor - Saving level for ENTRY factor: ENTRY NUMBER  with value: 90
INFO SwingWorker-pool-1-thread-2 org.cimmyt.cril.ibwb.provider.helpers.HelperFactor - Saving level for ENTRY factor: ENTRY CD  with value: E0090
INFO SwingWorker-pool-1-thread-2 org.cimmyt.cril.ibwb.provider.helpers.HelperFactor - Saving level for ENTRY factor: DESIG  with value: (CML 451 X (RCYA 99-17)-B-B-14-1)-B-22-1-1/(CML 451 X IBP 4 C 3 TLYF-88-2-3-2-1-B)-B-29-3-2
INFO SwingWorker-pool-1-thread-2 org.cimmyt.cril.ibwb.provider.helpers.HelperFactor - Saving level for ENTRY factor: GID  with value: -90
INFO SwingWorker-pool-1-thread-2 org.cimmyt.cril.ibwb.provider.helpers.HelperFactor - Saving level for ENTRY factor: ENTRY NUMBER  with value: 91
INFO SwingWorker-pool-1-thread-2 org.cimmyt.cril.ibwb.provider.helpers.HelperFactor - Saving level for ENTRY factor: ENTRY CD  with value: E0091
INFO SwingWorker-pool-1-thread-2 org.cimmyt.cril.ibwb.provider.helpers.HelperFactor - Saving level for ENTRY factor: DESIG  with value: (CML 451 X (RCYA 99-17)-B-B-14-1)-B-22-1-2/(CML 451 X IBP 4 C 3 TLYF-88-2-3-2-1-B)-B-29-3-3
INFO SwingWorker-pool-1-thread-2 org.cimmyt.cril.ibwb.provider.helpers.HelperFactor - Saving level for ENTRY factor: GID  with value: -91
INFO SwingWorker-pool-1-thread-2 org.cimmyt.cril.ibwb.provider.helpers.HelperFactor - Saving level for ENTRY factor: ENTRY NUMBER  with value: 92
INFO SwingWorker-pool-1-thread-2 org.cimmyt.cril.ibwb.provider.helpers.HelperFactor - Saving level for ENTRY factor: ENTRY CD  with value: E0092
INFO SwingWorker-pool-1-thread-2 org.cimmyt.cril.ibwb.provider.helpers.HelperFactor - Saving level for ENTRY factor: DESIG  with value: (CML 451 X (RCYA 99-17)-B-B-14-1)-B-22-2-1/(CML 451 X IBP 4 C 3 TLYF-88-2-3-2-1-B)-B-34-1-1
INFO SwingWorker-pool-1-thread-2 org.cimmyt.cril.ibwb.provider.helpers.HelperFactor - Saving level for ENTRY factor: GID  with value: -92
INFO SwingWorker-pool-1-thread-2 org.cimmyt.cril.ibwb.provider.helpers.HelperFactor - Saving level for ENTRY factor: ENTRY NUMBER  with value: 93
INFO SwingWorker-pool-1-thread-2 org.cimmyt.cril.ibwb.provider.helpers.HelperFactor - Saving level for ENTRY factor: ENTRY CD  with value: E0093
INFO SwingWorker-pool-1-thread-2 org.cimmyt.cril.ibwb.provider.helpers.HelperFactor - Saving level for ENTRY factor: DESIG  with value: (CML 451 X (RCYA 99-17)-B-B-14-1)-B-22-2-2/(CML 451 X IBP 4 C 3 TLYF-88-2-3-2-1-B)-B-34-3-1
INFO SwingWorker-pool-1-thread-2 org.cimmyt.cril.ibwb.provider.helpers.HelperFactor - Saving level for ENTRY factor: GID  with value: -93
INFO SwingWorker-pool-1-thread-2 org.cimmyt.cril.ibwb.provider.helpers.HelperWorkbook - Saving levels for entrys DONE!
INFO SwingWorker-pool-1-thread-2 org.cimmyt.cril.ibwb.provider.helpers.HelperWorkbook - Saving levels for plots....
INFO SwingWorker-pool-1-thread-2 org.cimmyt.cril.ibwb.provider.helpers.HelperWorkbook - Saving levels for plots DONE!
INFO SwingWorker-pool-1-thread-2 org.cimmyt.cril.ibwb.provider.IBWBAppServicesImpl - Savin workbook DONE!
