INFO AWT-EventQueue-1 ibfb.workbook.core.WorkbookExcelReaderImpl - Data for Constant: WEEDPR (N/T/S/M/V)
INFO AWT-EventQueue-1 ibfb.workbook.core.WorkbookExcelReaderImpl - Data for Constant: YLDFAC (real)
INFO AWT-EventQueue-1 ibfb.workbook.core.WorkbookExcelReaderImpl - Excel file read END
INFO AWT-EventQueue-1 ibfb.workbook.core.WorkbookExcelReaderImpl - Excel file read BEGIN
INFO AWT-EventQueue-1 ibfb.workbook.core.WorkbookExcelReaderImpl - Opening file...
INFO AWT-EventQueue-1 ibfb.workbook.core.WorkbookExcelReaderImpl - Number of sheets in book2
INFO AWT-EventQueue-1 ibfb.workbook.core.WorkbookExcelReaderImpl - Total study conditions found: 4
INFO AWT-EventQueue-1 ibfb.workbook.core.WorkbookExcelReaderImpl - Total conditions found: 7
INFO AWT-EventQueue-1 ibfb.workbook.core.WorkbookExcelReaderImpl - Total factors found: 6
INFO AWT-EventQueue-1 ibfb.workbook.core.WorkbookExcelReaderImpl - Data for Constant: SDATE (date)
INFO AWT-EventQueue-1 ibfb.workbook.core.WorkbookExcelReaderImpl - Data for Constant: NOROWS (integer)
INFO AWT-EventQueue-1 ibfb.workbook.core.WorkbookExcelReaderImpl - Data for Constant: LEROWS (m)
INFO AWT-EventQueue-1 ibfb.workbook.core.WorkbookExcelReaderImpl - Data for Constant: SPAROW (cm)
INFO AWT-EventQueue-1 ibfb.workbook.core.WorkbookExcelReaderImpl - Data for Constant: SOIDRZ (cm)
INFO AWT-EventQueue-1 ibfb.workbook.core.WorkbookExcelReaderImpl - Data for Constant: SOILAV (real)
INFO AWT-EventQueue-1 ibfb.workbook.core.WorkbookExcelReaderImpl - Data for Constant: SOILCL (TEXT)
INFO AWT-EventQueue-1 ibfb.workbook.core.WorkbookExcelReaderImpl - Data for Constant: SOILTX (TEXT)
INFO AWT-EventQueue-1 ibfb.workbook.core.WorkbookExcelReaderImpl - Data for Constant: SOIRBA (Y/N/U)
INFO AWT-EventQueue-1 ibfb.workbook.core.WorkbookExcelReaderImpl - Data for Constant: USEPRE (TEXT)
INFO AWT-EventQueue-1 ibfb.workbook.core.WorkbookExcelReaderImpl - Data for Constant: USESCR (TEXT)
INFO AWT-EventQueue-1 ibfb.workbook.core.WorkbookExcelReaderImpl - Data for Constant: FERTAP (Y/N)
INFO AWT-EventQueue-1 ibfb.workbook.core.WorkbookExcelReaderImpl - Data for Constant: FERTI1 (date)
INFO AWT-EventQueue-1 ibfb.workbook.core.WorkbookExcelReaderImpl - Data for Constant: FERKG1 (kg/ha)
INFO AWT-EventQueue-1 ibfb.workbook.core.WorkbookExcelReaderImpl - Data for Constant: FER%N1 (%)
INFO AWT-EventQueue-1 ibfb.workbook.core.WorkbookExcelReaderImpl - Data for Constant: F%P2O51 (%)
INFO AWT-EventQueue-1 ibfb.workbook.core.WorkbookExcelReaderImpl - Data for Constant: F%K2O1 (%)
INFO AWT-EventQueue-1 ibfb.workbook.core.WorkbookExcelReaderImpl - Data for Constant: FERTI2 (date)
INFO AWT-EventQueue-1 ibfb.workbook.core.WorkbookExcelReaderImpl - Data for Constant: FERKG2 (kg/ha)
INFO AWT-EventQueue-1 ibfb.workbook.core.WorkbookExcelReaderImpl - Data for Constant: FER%N2 (%)
INFO AWT-EventQueue-1 ibfb.workbook.core.WorkbookExcelReaderImpl - Data for Constant: F%P2O52 (%)
INFO AWT-EventQueue-1 ibfb.workbook.core.WorkbookExcelReaderImpl - Data for Constant: F%K2O2 (%)
INFO AWT-EventQueue-1 ibfb.workbook.core.WorkbookExcelReaderImpl - Data for Constant: FERTI3 (date)
INFO AWT-EventQueue-1 ibfb.workbook.core.WorkbookExcelReaderImpl - Data for Constant: FERKG3 (kg/ha)
INFO AWT-EventQueue-1 ibfb.workbook.core.WorkbookExcelReaderImpl - Data for Constant: FER%N3 (%)
INFO AWT-EventQueue-1 ibfb.workbook.core.WorkbookExcelReaderImpl - Data for Constant: F%P2O53 (%)
INFO AWT-EventQueue-1 ibfb.workbook.core.WorkbookExcelReaderImpl - Data for Constant: F%K2O3 (%)
INFO AWT-EventQueue-1 ibfb.workbook.core.WorkbookExcelReaderImpl - Data for Constant: TP_12M (mm)
INFO AWT-EventQueue-1 ibfb.workbook.core.WorkbookExcelReaderImpl - Data for Constant: RESH2O (mm)
INFO AWT-EventQueue-1 ibfb.workbook.core.WorkbookExcelReaderImpl - Data for Constant: IRRIGD (Y/N)
INFO AWT-EventQueue-1 ibfb.workbook.core.WorkbookExcelReaderImpl - Data for Constant: PPNCYC (mm)
INFO AWT-EventQueue-1 ibfb.workbook.core.WorkbookExcelReaderImpl - Data for Constant: ALTOXI (Y/N)
INFO AWT-EventQueue-1 ibfb.workbook.core.WorkbookExcelReaderImpl - Data for Constant: OMNTYN (Y/N)
INFO AWT-EventQueue-1 ibfb.workbook.core.WorkbookExcelReaderImpl - Data for Constant: DMGBIR (N/T/S/M/V)
INFO AWT-EventQueue-1 ibfb.workbook.core.WorkbookExcelReaderImpl - Data for Constant: DMGFRS (N/T/S/M/V)
INFO AWT-EventQueue-1 ibfb.workbook.core.WorkbookExcelReaderImpl - Data for Constant: DMGHAI (N/T/S/M/V)
INFO AWT-EventQueue-1 ibfb.workbook.core.WorkbookExcelReaderImpl - Data for Constant: DMGHER (N/T/S/M/V)
INFO AWT-EventQueue-1 ibfb.workbook.core.WorkbookExcelReaderImpl - Data for Constant: ELODGE (N/T/S/M/V)
INFO AWT-EventQueue-1 ibfb.workbook.core.WorkbookExcelReaderImpl - Data for Constant: EMERGE (E/N/L)
INFO AWT-EventQueue-1 ibfb.workbook.core.WorkbookExcelReaderImpl - Data for Constant: EMGDAT (date)
INFO AWT-EventQueue-1 ibfb.workbook.core.WorkbookExcelReaderImpl - Data for Constant: ESTAND (S/N/D)
INFO AWT-EventQueue-1 ibfb.workbook.core.WorkbookExcelReaderImpl - Data for Constant: FOLDIS (N/T/S/M/V)
INFO AWT-EventQueue-1 ibfb.workbook.core.WorkbookExcelReaderImpl - Data for Constant: HRSDAT (date)
INFO AWT-EventQueue-1 ibfb.workbook.core.WorkbookExcelReaderImpl - Data for Constant: HRFDAT (date)
INFO AWT-EventQueue-1 ibfb.workbook.core.WorkbookExcelReaderImpl - Data for Constant: LEROWH (m)
INFO AWT-EventQueue-1 ibfb.workbook.core.WorkbookExcelReaderImpl - Data for Constant: NOROWH (integer)
INFO AWT-EventQueue-1 ibfb.workbook.core.WorkbookExcelReaderImpl - Data for Constant: ROODIS (N/T/S/M/V)
INFO AWT-EventQueue-1 ibfb.workbook.core.WorkbookExcelReaderImpl - Data for Constant: SPKDIS (N/T/S/M/V)
INFO AWT-EventQueue-1 ibfb.workbook.core.WorkbookExcelReaderImpl - Data for Constant: WEACOM (TEXT)
INFO AWT-EventQueue-1 ibfb.workbook.core.WorkbookExcelReaderImpl - Data for Constant: WEEDPR (N/T/S/M/V)
INFO AWT-EventQueue-1 ibfb.workbook.core.WorkbookExcelReaderImpl - Data for Constant: YLDFAC (real)
INFO AWT-EventQueue-1 ibfb.workbook.core.WorkbookExcelReaderImpl - Excel file read END
INFO AWT-EventQueue-1 ibfb.workbook.core.WorkbookExcelReaderImpl - Excel file read BEGIN
INFO AWT-EventQueue-1 ibfb.workbook.core.WorkbookExcelReaderImpl - Opening file...
INFO AWT-EventQueue-1 ibfb.workbook.core.WorkbookExcelReaderImpl - Number of sheets in book2
INFO AWT-EventQueue-1 ibfb.workbook.core.WorkbookExcelReaderImpl - Total study conditions found: 4
INFO AWT-EventQueue-1 ibfb.workbook.core.WorkbookExcelReaderImpl - Total conditions found: 7
INFO AWT-EventQueue-1 ibfb.workbook.core.WorkbookExcelReaderImpl - Total factors found: 6
INFO AWT-EventQueue-1 ibfb.workbook.core.WorkbookExcelReaderImpl - Data for Constant: SDATE (date)
INFO AWT-EventQueue-1 ibfb.workbook.core.WorkbookExcelReaderImpl - Data for Constant: NOROWS (integer)
INFO AWT-EventQueue-1 ibfb.workbook.core.WorkbookExcelReaderImpl - Data for Constant: LEROWS (m)
INFO AWT-EventQueue-1 ibfb.workbook.core.WorkbookExcelReaderImpl - Data for Constant: SPAROW (cm)
INFO AWT-EventQueue-1 ibfb.workbook.core.WorkbookExcelReaderImpl - Data for Constant: SOIDRZ (cm)
INFO AWT-EventQueue-1 ibfb.workbook.core.WorkbookExcelReaderImpl - Data for Constant: SOILAV (real)
INFO AWT-EventQueue-1 ibfb.workbook.core.WorkbookExcelReaderImpl - Data for Constant: SOILCL (TEXT)
INFO AWT-EventQueue-1 ibfb.workbook.core.WorkbookExcelReaderImpl - Data for Constant: SOILTX (TEXT)
INFO AWT-EventQueue-1 ibfb.workbook.core.WorkbookExcelReaderImpl - Data for Constant: SOIRBA (Y/N/U)
INFO AWT-EventQueue-1 ibfb.workbook.core.WorkbookExcelReaderImpl - Data for Constant: USEPRE (TEXT)
INFO AWT-EventQueue-1 ibfb.workbook.core.WorkbookExcelReaderImpl - Data for Constant: USESCR (TEXT)
INFO AWT-EventQueue-1 ibfb.workbook.core.WorkbookExcelReaderImpl - Data for Constant: FERTAP (Y/N)
INFO AWT-EventQueue-1 ibfb.workbook.core.WorkbookExcelReaderImpl - Data for Constant: FERTI1 (date)
INFO AWT-EventQueue-1 ibfb.workbook.core.WorkbookExcelReaderImpl - Data for Constant: FERKG1 (kg/ha)
INFO AWT-EventQueue-1 ibfb.workbook.core.WorkbookExcelReaderImpl - Data for Constant: FER%N1 (%)
INFO AWT-EventQueue-1 ibfb.workbook.core.WorkbookExcelReaderImpl - Data for Constant: F%P2O51 (%)
INFO AWT-EventQueue-1 ibfb.workbook.core.WorkbookExcelReaderImpl - Data for Constant: F%K2O1 (%)
INFO AWT-EventQueue-1 ibfb.workbook.core.WorkbookExcelReaderImpl - Data for Constant: FERTI2 (date)
INFO AWT-EventQueue-1 ibfb.workbook.core.WorkbookExcelReaderImpl - Data for Constant: FERKG2 (kg/ha)
INFO AWT-EventQueue-1 ibfb.workbook.core.WorkbookExcelReaderImpl - Data for Constant: FER%N2 (%)
INFO AWT-EventQueue-1 ibfb.workbook.core.WorkbookExcelReaderImpl - Data for Constant: F%P2O52 (%)
INFO AWT-EventQueue-1 ibfb.workbook.core.WorkbookExcelReaderImpl - Data for Constant: F%K2O2 (%)
INFO AWT-EventQueue-1 ibfb.workbook.core.WorkbookExcelReaderImpl - Data for Constant: FERTI3 (date)
INFO AWT-EventQueue-1 ibfb.workbook.core.WorkbookExcelReaderImpl - Data for Constant: FERKG3 (kg/ha)
INFO AWT-EventQueue-1 ibfb.workbook.core.WorkbookExcelReaderImpl - Data for Constant: FER%N3 (%)
INFO AWT-EventQueue-1 ibfb.workbook.core.WorkbookExcelReaderImpl - Data for Constant: F%P2O53 (%)
INFO AWT-EventQueue-1 ibfb.workbook.core.WorkbookExcelReaderImpl - Data for Constant: F%K2O3 (%)
INFO AWT-EventQueue-1 ibfb.workbook.core.WorkbookExcelReaderImpl - Data for Constant: TP_12M (mm)
INFO AWT-EventQueue-1 ibfb.workbook.core.WorkbookExcelReaderImpl - Data for Constant: RESH2O (mm)
INFO AWT-EventQueue-1 ibfb.workbook.core.WorkbookExcelReaderImpl - Data for Constant: IRRIGD (Y/N)
INFO AWT-EventQueue-1 ibfb.workbook.core.WorkbookExcelReaderImpl - Data for Constant: PPNCYC (mm)
INFO AWT-EventQueue-1 ibfb.workbook.core.WorkbookExcelReaderImpl - Data for Constant: ALTOXI (Y/N)
INFO AWT-EventQueue-1 ibfb.workbook.core.WorkbookExcelReaderImpl - Data for Constant: OMNTYN (Y/N)
INFO AWT-EventQueue-1 ibfb.workbook.core.WorkbookExcelReaderImpl - Data for Constant: DMGBIR (N/T/S/M/V)
INFO AWT-EventQueue-1 ibfb.workbook.core.WorkbookExcelReaderImpl - Data for Constant: DMGFRS (N/T/S/M/V)
INFO AWT-EventQueue-1 ibfb.workbook.core.WorkbookExcelReaderImpl - Data for Constant: DMGHAI (N/T/S/M/V)
INFO AWT-EventQueue-1 ibfb.workbook.core.WorkbookExcelReaderImpl - Data for Constant: DMGHER (N/T/S/M/V)
INFO AWT-EventQueue-1 ibfb.workbook.core.WorkbookExcelReaderImpl - Data for Constant: ELODGE (N/T/S/M/V)
INFO AWT-EventQueue-1 ibfb.workbook.core.WorkbookExcelReaderImpl - Data for Constant: EMERGE (E/N/L)
INFO AWT-EventQueue-1 ibfb.workbook.core.WorkbookExcelReaderImpl - Data for Constant: EMGDAT (date)
INFO AWT-EventQueue-1 ibfb.workbook.core.WorkbookExcelReaderImpl - Data for Constant: ESTAND (S/N/D)
INFO AWT-EventQueue-1 ibfb.workbook.core.WorkbookExcelReaderImpl - Data for Constant: FOLDIS (N/T/S/M/V)
INFO AWT-EventQueue-1 ibfb.workbook.core.WorkbookExcelReaderImpl - Data for Constant: HRSDAT (date)
INFO AWT-EventQueue-1 ibfb.workbook.core.WorkbookExcelReaderImpl - Data for Constant: HRFDAT (date)
INFO AWT-EventQueue-1 ibfb.workbook.core.WorkbookExcelReaderImpl - Data for Constant: LEROWH (m)
INFO AWT-EventQueue-1 ibfb.workbook.core.WorkbookExcelReaderImpl - Data for Constant: NOROWH (integer)
INFO AWT-EventQueue-1 ibfb.workbook.core.WorkbookExcelReaderImpl - Data for Constant: ROODIS (N/T/S/M/V)
INFO AWT-EventQueue-1 ibfb.workbook.core.WorkbookExcelReaderImpl - Data for Constant: SPKDIS (N/T/S/M/V)
INFO AWT-EventQueue-1 ibfb.workbook.core.WorkbookExcelReaderImpl - Data for Constant: WEACOM (TEXT)
INFO AWT-EventQueue-1 ibfb.workbook.core.WorkbookExcelReaderImpl - Data for Constant: WEEDPR (N/T/S/M/V)
INFO AWT-EventQueue-1 ibfb.workbook.core.WorkbookExcelReaderImpl - Data for Constant: YLDFAC (real)
INFO AWT-EventQueue-1 ibfb.workbook.core.WorkbookExcelReaderImpl - Excel file read END
INFO AWT-EventQueue-1 ibfb.studyeditor.core.model.DesignTableModel - Requested for rowIndex 0
INFO AWT-EventQueue-1 ibfb.studyeditor.core.model.DesignTableModel - designList.size() 1
INFO AWT-EventQueue-1 ibfb.studyeditor.core.model.DesignTableModel - bean ibfb.domain.core.DesignBean@1f04c78e
INFO AWT-EventQueue-1 ibfb.studyeditor.core.model.DesignTableModel - Requested for rowIndex 0
INFO AWT-EventQueue-1 ibfb.studyeditor.core.model.DesignTableModel - designList.size() 1
INFO AWT-EventQueue-1 ibfb.studyeditor.core.model.DesignTableModel - bean ibfb.domain.core.DesignBean@1f04c78e
INFO AWT-EventQueue-1 org.cimmyt.cril.ibwb.provider.dao.TraitsDAO - Checking if Traits table exists
INFO AWT-EventQueue-1 org.cimmyt.cril.ibwb.provider.dao.TraitsDAO - Traits table found!
INFO AWT-EventQueue-1 org.cimmyt.cril.ibwb.provider.dao.TraitsDAO - Checking if Traits table exists DONE....
INFO AWT-EventQueue-1 org.cimmyt.cril.ibwb.provider.dao.TraitsDAO - Checking if Traits table exists
INFO AWT-EventQueue-1 org.cimmyt.cril.ibwb.provider.dao.TraitsDAO - Traits table found!
INFO AWT-EventQueue-1 org.cimmyt.cril.ibwb.provider.dao.TraitsDAO - Checking if Traits table exists DONE....
INFO AWT-EventQueue-1 org.cimmyt.cril.ibwb.provider.dao.TransformationsDAO - Checking if Transformations table exists
INFO AWT-EventQueue-1 org.cimmyt.cril.ibwb.provider.dao.TransformationsDAO - Transformations table found!
INFO AWT-EventQueue-1 org.cimmyt.cril.ibwb.provider.dao.TransformationsDAO - Checking if Transformations table exists DONE....
INFO AWT-EventQueue-1 org.cimmyt.cril.ibwb.provider.dao.TransformationsDAO - Checking if Transformations table exists
INFO AWT-EventQueue-1 org.cimmyt.cril.ibwb.provider.dao.TransformationsDAO - Transformations table found!
INFO AWT-EventQueue-1 org.cimmyt.cril.ibwb.provider.dao.TransformationsDAO - Checking if Transformations table exists DONE....
INFO AWT-EventQueue-1 org.cimmyt.cril.ibwb.provider.dao.ContinuousConversionDAO - Checking if ContinuousConversion table exists
INFO AWT-EventQueue-1 org.cimmyt.cril.ibwb.provider.dao.ContinuousConversionDAO - ContinuousConversion table found!
INFO AWT-EventQueue-1 org.cimmyt.cril.ibwb.provider.dao.ContinuousConversionDAO - Checking if ContinuousConversion table exists DONE....
INFO AWT-EventQueue-1 org.cimmyt.cril.ibwb.provider.dao.ContinuousConversionDAO - Checking if ContinuousConversion table exists
INFO AWT-EventQueue-1 org.cimmyt.cril.ibwb.provider.dao.ContinuousConversionDAO - ContinuousConversion table found!
INFO AWT-EventQueue-1 org.cimmyt.cril.ibwb.provider.dao.ContinuousConversionDAO - Checking if ContinuousConversion table exists DONE....
INFO AWT-EventQueue-1 org.cimmyt.cril.ibwb.provider.dao.ContinuousFunctionDAO - Checking if ContinuousFunction table exists
INFO AWT-EventQueue-1 org.cimmyt.cril.ibwb.provider.dao.ContinuousFunctionDAO - ContinuousFunction table found!
INFO AWT-EventQueue-1 org.cimmyt.cril.ibwb.provider.dao.ContinuousFunctionDAO - Checking if ContinuousFunction table exists DONE....
INFO AWT-EventQueue-1 org.cimmyt.cril.ibwb.provider.dao.ContinuousFunctionDAO - Checking if ContinuousFunction table exists
INFO AWT-EventQueue-1 org.cimmyt.cril.ibwb.provider.dao.ContinuousFunctionDAO - ContinuousFunction table found!
INFO AWT-EventQueue-1 org.cimmyt.cril.ibwb.provider.dao.ContinuousFunctionDAO - Checking if ContinuousFunction table exists DONE....
INFO AWT-EventQueue-1 org.cimmyt.cril.ibwb.provider.dao.DiscreteConversionDAO - Checking if DiscreteConversion table exists
INFO AWT-EventQueue-1 org.cimmyt.cril.ibwb.provider.dao.DiscreteConversionDAO - DiscreteConversion table found!
INFO AWT-EventQueue-1 org.cimmyt.cril.ibwb.provider.dao.DiscreteConversionDAO - Checking if DiscreteConversion table exists DONE....
INFO AWT-EventQueue-1 org.cimmyt.cril.ibwb.provider.dao.DiscreteConversionDAO - Checking if DiscreteConversion table exists
INFO AWT-EventQueue-1 org.cimmyt.cril.ibwb.provider.dao.DiscreteConversionDAO - DiscreteConversion table found!
INFO AWT-EventQueue-1 org.cimmyt.cril.ibwb.provider.dao.DiscreteConversionDAO - Checking if DiscreteConversion table exists DONE....
INFO AWT-EventQueue-1 ibfb.workbook.core.WorkbookExcelReaderImpl - Validating Excel file read BEGIN
INFO AWT-EventQueue-1 ibfb.workbook.core.WorkbookExcelReaderImpl - Excel file read BEGIN
INFO AWT-EventQueue-1 ibfb.workbook.core.WorkbookExcelReaderImpl - Opening file...
INFO AWT-EventQueue-1 ibfb.workbook.core.WorkbookExcelReaderImpl - Number of sheets in book2
INFO AWT-EventQueue-1 ibfb.workbook.core.WorkbookExcelReaderImpl - Total study conditions found: 4
INFO AWT-EventQueue-1 ibfb.workbook.core.WorkbookExcelReaderImpl - Total conditions found: 7
INFO AWT-EventQueue-1 ibfb.workbook.core.WorkbookExcelReaderImpl - Total factors found: 6
INFO AWT-EventQueue-1 ibfb.workbook.core.WorkbookExcelReaderImpl - Data for Constant: SDATE (date)
INFO AWT-EventQueue-1 ibfb.workbook.core.WorkbookExcelReaderImpl - Data for Constant: NOROWS (integer)
INFO AWT-EventQueue-1 ibfb.workbook.core.WorkbookExcelReaderImpl - Data for Constant: LEROWS (m)
INFO AWT-EventQueue-1 ibfb.workbook.core.WorkbookExcelReaderImpl - Data for Constant: SPAROW (cm)
INFO AWT-EventQueue-1 ibfb.workbook.core.WorkbookExcelReaderImpl - Data for Constant: SOIDRZ (cm)
INFO AWT-EventQueue-1 ibfb.workbook.core.WorkbookExcelReaderImpl - Data for Constant: SOILAV (real)
INFO AWT-EventQueue-1 ibfb.workbook.core.WorkbookExcelReaderImpl - Data for Constant: SOILCL (TEXT)
INFO AWT-EventQueue-1 ibfb.workbook.core.WorkbookExcelReaderImpl - Data for Constant: SOILTX (TEXT)
INFO AWT-EventQueue-1 ibfb.workbook.core.WorkbookExcelReaderImpl - Data for Constant: SOIRBA (Y/N/U)
INFO AWT-EventQueue-1 ibfb.workbook.core.WorkbookExcelReaderImpl - Data for Constant: USEPRE (TEXT)
INFO AWT-EventQueue-1 ibfb.workbook.core.WorkbookExcelReaderImpl - Data for Constant: USESCR (TEXT)
INFO AWT-EventQueue-1 ibfb.workbook.core.WorkbookExcelReaderImpl - Data for Constant: FERTAP (Y/N)
INFO AWT-EventQueue-1 ibfb.workbook.core.WorkbookExcelReaderImpl - Data for Constant: FERTI1 (date)
INFO AWT-EventQueue-1 ibfb.workbook.core.WorkbookExcelReaderImpl - Data for Constant: FERKG1 (kg/ha)
INFO AWT-EventQueue-1 ibfb.workbook.core.WorkbookExcelReaderImpl - Data for Constant: FER%N1 (%)
INFO AWT-EventQueue-1 ibfb.workbook.core.WorkbookExcelReaderImpl - Data for Constant: F%P2O51 (%)
INFO AWT-EventQueue-1 ibfb.workbook.core.WorkbookExcelReaderImpl - Data for Constant: F%K2O1 (%)
INFO AWT-EventQueue-1 ibfb.workbook.core.WorkbookExcelReaderImpl - Data for Constant: FERTI2 (date)
INFO AWT-EventQueue-1 ibfb.workbook.core.WorkbookExcelReaderImpl - Data for Constant: FERKG2 (kg/ha)
INFO AWT-EventQueue-1 ibfb.workbook.core.WorkbookExcelReaderImpl - Data for Constant: FER%N2 (%)
INFO AWT-EventQueue-1 ibfb.workbook.core.WorkbookExcelReaderImpl - Data for Constant: F%P2O52 (%)
INFO AWT-EventQueue-1 ibfb.workbook.core.WorkbookExcelReaderImpl - Data for Constant: F%K2O2 (%)
INFO AWT-EventQueue-1 ibfb.workbook.core.WorkbookExcelReaderImpl - Data for Constant: FERTI3 (date)
INFO AWT-EventQueue-1 ibfb.workbook.core.WorkbookExcelReaderImpl - Data for Constant: FERKG3 (kg/ha)
INFO AWT-EventQueue-1 ibfb.workbook.core.WorkbookExcelReaderImpl - Data for Constant: FER%N3 (%)
INFO AWT-EventQueue-1 ibfb.workbook.core.WorkbookExcelReaderImpl - Data for Constant: F%P2O53 (%)
INFO AWT-EventQueue-1 ibfb.workbook.core.WorkbookExcelReaderImpl - Data for Constant: F%K2O3 (%)
INFO AWT-EventQueue-1 ibfb.workbook.core.WorkbookExcelReaderImpl - Data for Constant: TP_12M (mm)
INFO AWT-EventQueue-1 ibfb.workbook.core.WorkbookExcelReaderImpl - Data for Constant: RESH2O (mm)
INFO AWT-EventQueue-1 ibfb.workbook.core.WorkbookExcelReaderImpl - Data for Constant: IRRIGD (Y/N)
INFO AWT-EventQueue-1 ibfb.workbook.core.WorkbookExcelReaderImpl - Data for Constant: PPNCYC (mm)
INFO AWT-EventQueue-1 ibfb.workbook.core.WorkbookExcelReaderImpl - Data for Constant: ALTOXI (Y/N)
INFO AWT-EventQueue-1 ibfb.workbook.core.WorkbookExcelReaderImpl - Data for Constant: OMNTYN (Y/N)
INFO AWT-EventQueue-1 ibfb.workbook.core.WorkbookExcelReaderImpl - Data for Constant: DMGBIR (N/T/S/M/V)
INFO AWT-EventQueue-1 ibfb.workbook.core.WorkbookExcelReaderImpl - Data for Constant: DMGFRS (N/T/S/M/V)
INFO AWT-EventQueue-1 ibfb.workbook.core.WorkbookExcelReaderImpl - Data for Constant: DMGHAI (N/T/S/M/V)
INFO AWT-EventQueue-1 ibfb.workbook.core.WorkbookExcelReaderImpl - Data for Constant: DMGHER (N/T/S/M/V)
INFO AWT-EventQueue-1 ibfb.workbook.core.WorkbookExcelReaderImpl - Data for Constant: ELODGE (N/T/S/M/V)
INFO AWT-EventQueue-1 ibfb.workbook.core.WorkbookExcelReaderImpl - Data for Constant: EMERGE (E/N/L)
INFO AWT-EventQueue-1 ibfb.workbook.core.WorkbookExcelReaderImpl - Data for Constant: EMGDAT (date)
INFO AWT-EventQueue-1 ibfb.workbook.core.WorkbookExcelReaderImpl - Data for Constant: ESTAND (S/N/D)
INFO AWT-EventQueue-1 ibfb.workbook.core.WorkbookExcelReaderImpl - Data for Constant: FOLDIS (N/T/S/M/V)
INFO AWT-EventQueue-1 ibfb.workbook.core.WorkbookExcelReaderImpl - Data for Constant: HRSDAT (date)
INFO AWT-EventQueue-1 ibfb.workbook.core.WorkbookExcelReaderImpl - Data for Constant: HRFDAT (date)
INFO AWT-EventQueue-1 ibfb.workbook.core.WorkbookExcelReaderImpl - Data for Constant: LEROWH (m)
INFO AWT-EventQueue-1 ibfb.workbook.core.WorkbookExcelReaderImpl - Data for Constant: NOROWH (integer)
INFO AWT-EventQueue-1 ibfb.workbook.core.WorkbookExcelReaderImpl - Data for Constant: ROODIS (N/T/S/M/V)
INFO AWT-EventQueue-1 ibfb.workbook.core.WorkbookExcelReaderImpl - Data for Constant: SPKDIS (N/T/S/M/V)
INFO AWT-EventQueue-1 ibfb.workbook.core.WorkbookExcelReaderImpl - Data for Constant: WEACOM (TEXT)
INFO AWT-EventQueue-1 ibfb.workbook.core.WorkbookExcelReaderImpl - Data for Constant: WEEDPR (N/T/S/M/V)
INFO AWT-EventQueue-1 ibfb.workbook.core.WorkbookExcelReaderImpl - Data for Constant: YLDFAC (real)
INFO AWT-EventQueue-1 ibfb.workbook.core.WorkbookExcelReaderImpl - Excel file read END
INFO AWT-EventQueue-1 ibfb.workbook.core.WorkbookExcelReaderImpl - Excel file read BEGIN
INFO AWT-EventQueue-1 ibfb.workbook.core.WorkbookExcelReaderImpl - Opening file...
INFO AWT-EventQueue-1 ibfb.workbook.core.WorkbookExcelReaderImpl - Number of sheets in book2
INFO AWT-EventQueue-1 ibfb.workbook.core.WorkbookExcelReaderImpl - Total study conditions found: 4
INFO AWT-EventQueue-1 ibfb.workbook.core.WorkbookExcelReaderImpl - Total conditions found: 7
INFO AWT-EventQueue-1 ibfb.workbook.core.WorkbookExcelReaderImpl - Total factors found: 6
INFO AWT-EventQueue-1 ibfb.workbook.core.WorkbookExcelReaderImpl - Data for Constant: SDATE (date)
INFO AWT-EventQueue-1 ibfb.workbook.core.WorkbookExcelReaderImpl - Data for Constant: NOROWS (integer)
INFO AWT-EventQueue-1 ibfb.workbook.core.WorkbookExcelReaderImpl - Data for Constant: LEROWS (m)
INFO AWT-EventQueue-1 ibfb.workbook.core.WorkbookExcelReaderImpl - Data for Constant: SPAROW (cm)
INFO AWT-EventQueue-1 ibfb.workbook.core.WorkbookExcelReaderImpl - Data for Constant: SOIDRZ (cm)
INFO AWT-EventQueue-1 ibfb.workbook.core.WorkbookExcelReaderImpl - Data for Constant: SOILAV (real)
INFO AWT-EventQueue-1 ibfb.workbook.core.WorkbookExcelReaderImpl - Data for Constant: SOILCL (TEXT)
INFO AWT-EventQueue-1 ibfb.workbook.core.WorkbookExcelReaderImpl - Data for Constant: SOILTX (TEXT)
INFO AWT-EventQueue-1 ibfb.workbook.core.WorkbookExcelReaderImpl - Data for Constant: SOIRBA (Y/N/U)
INFO AWT-EventQueue-1 ibfb.workbook.core.WorkbookExcelReaderImpl - Data for Constant: USEPRE (TEXT)
INFO AWT-EventQueue-1 ibfb.workbook.core.WorkbookExcelReaderImpl - Data for Constant: USESCR (TEXT)
INFO AWT-EventQueue-1 ibfb.workbook.core.WorkbookExcelReaderImpl - Data for Constant: FERTAP (Y/N)
INFO AWT-EventQueue-1 ibfb.workbook.core.WorkbookExcelReaderImpl - Data for Constant: FERTI1 (date)
INFO AWT-EventQueue-1 ibfb.workbook.core.WorkbookExcelReaderImpl - Data for Constant: FERKG1 (kg/ha)
INFO AWT-EventQueue-1 ibfb.workbook.core.WorkbookExcelReaderImpl - Data for Constant: FER%N1 (%)
INFO AWT-EventQueue-1 ibfb.workbook.core.WorkbookExcelReaderImpl - Data for Constant: F%P2O51 (%)
INFO AWT-EventQueue-1 ibfb.workbook.core.WorkbookExcelReaderImpl - Data for Constant: F%K2O1 (%)
INFO AWT-EventQueue-1 ibfb.workbook.core.WorkbookExcelReaderImpl - Data for Constant: FERTI2 (date)
INFO AWT-EventQueue-1 ibfb.workbook.core.WorkbookExcelReaderImpl - Data for Constant: FERKG2 (kg/ha)
INFO AWT-EventQueue-1 ibfb.workbook.core.WorkbookExcelReaderImpl - Data for Constant: FER%N2 (%)
INFO AWT-EventQueue-1 ibfb.workbook.core.WorkbookExcelReaderImpl - Data for Constant: F%P2O52 (%)
INFO AWT-EventQueue-1 ibfb.workbook.core.WorkbookExcelReaderImpl - Data for Constant: F%K2O2 (%)
INFO AWT-EventQueue-1 ibfb.workbook.core.WorkbookExcelReaderImpl - Data for Constant: FERTI3 (date)
INFO AWT-EventQueue-1 ibfb.workbook.core.WorkbookExcelReaderImpl - Data for Constant: FERKG3 (kg/ha)
INFO AWT-EventQueue-1 ibfb.workbook.core.WorkbookExcelReaderImpl - Data for Constant: FER%N3 (%)
INFO AWT-EventQueue-1 ibfb.workbook.core.WorkbookExcelReaderImpl - Data for Constant: F%P2O53 (%)
INFO AWT-EventQueue-1 ibfb.workbook.core.WorkbookExcelReaderImpl - Data for Constant: F%K2O3 (%)
INFO AWT-EventQueue-1 ibfb.workbook.core.WorkbookExcelReaderImpl - Data for Constant: TP_12M (mm)
INFO AWT-EventQueue-1 ibfb.workbook.core.WorkbookExcelReaderImpl - Data for Constant: RESH2O (mm)
INFO AWT-EventQueue-1 ibfb.workbook.core.WorkbookExcelReaderImpl - Data for Constant: IRRIGD (Y/N)
INFO AWT-EventQueue-1 ibfb.workbook.core.WorkbookExcelReaderImpl - Data for Constant: PPNCYC (mm)
INFO AWT-EventQueue-1 ibfb.workbook.core.WorkbookExcelReaderImpl - Data for Constant: ALTOXI (Y/N)
INFO AWT-EventQueue-1 ibfb.workbook.core.WorkbookExcelReaderImpl - Data for Constant: OMNTYN (Y/N)
INFO AWT-EventQueue-1 ibfb.workbook.core.WorkbookExcelReaderImpl - Data for Constant: DMGBIR (N/T/S/M/V)
INFO AWT-EventQueue-1 ibfb.workbook.core.WorkbookExcelReaderImpl - Data for Constant: DMGFRS (N/T/S/M/V)
INFO AWT-EventQueue-1 ibfb.workbook.core.WorkbookExcelReaderImpl - Data for Constant: DMGHAI (N/T/S/M/V)
INFO AWT-EventQueue-1 ibfb.workbook.core.WorkbookExcelReaderImpl - Data for Constant: DMGHER (N/T/S/M/V)
INFO AWT-EventQueue-1 ibfb.workbook.core.WorkbookExcelReaderImpl - Data for Constant: ELODGE (N/T/S/M/V)
INFO AWT-EventQueue-1 ibfb.workbook.core.WorkbookExcelReaderImpl - Data for Constant: EMERGE (E/N/L)
INFO AWT-EventQueue-1 ibfb.workbook.core.WorkbookExcelReaderImpl - Data for Constant: EMGDAT (date)
INFO AWT-EventQueue-1 ibfb.workbook.core.WorkbookExcelReaderImpl - Data for Constant: ESTAND (S/N/D)
INFO AWT-EventQueue-1 ibfb.workbook.core.WorkbookExcelReaderImpl - Data for Constant: FOLDIS (N/T/S/M/V)
INFO AWT-EventQueue-1 ibfb.workbook.core.WorkbookExcelReaderImpl - Data for Constant: HRSDAT (date)
INFO AWT-EventQueue-1 ibfb.workbook.core.WorkbookExcelReaderImpl - Data for Constant: HRFDAT (date)
INFO AWT-EventQueue-1 ibfb.workbook.core.WorkbookExcelReaderImpl - Data for Constant: LEROWH (m)
INFO AWT-EventQueue-1 ibfb.workbook.core.WorkbookExcelReaderImpl - Data for Constant: NOROWH (integer)
INFO AWT-EventQueue-1 ibfb.workbook.core.WorkbookExcelReaderImpl - Data for Constant: ROODIS (N/T/S/M/V)
INFO AWT-EventQueue-1 ibfb.workbook.core.WorkbookExcelReaderImpl - Data for Constant: SPKDIS (N/T/S/M/V)
INFO AWT-EventQueue-1 ibfb.workbook.core.WorkbookExcelReaderImpl - Data for Constant: WEACOM (TEXT)
INFO AWT-EventQueue-1 ibfb.workbook.core.WorkbookExcelReaderImpl - Data for Constant: WEEDPR (N/T/S/M/V)
INFO AWT-EventQueue-1 ibfb.workbook.core.WorkbookExcelReaderImpl - Data for Constant: YLDFAC (real)
INFO AWT-EventQueue-1 ibfb.workbook.core.WorkbookExcelReaderImpl - Excel file read END
INFO AWT-EventQueue-1 ibfb.workbook.core.WorkbookExcelReaderImpl - Excel file read BEGIN
INFO AWT-EventQueue-1 ibfb.workbook.core.WorkbookExcelReaderImpl - Opening file...
INFO AWT-EventQueue-1 ibfb.workbook.core.WorkbookExcelReaderImpl - Number of sheets in book2
INFO AWT-EventQueue-1 ibfb.workbook.core.WorkbookExcelReaderImpl - Total study conditions found: 4
INFO AWT-EventQueue-1 ibfb.workbook.core.WorkbookExcelReaderImpl - Total conditions found: 7
INFO AWT-EventQueue-1 ibfb.workbook.core.WorkbookExcelReaderImpl - Total factors found: 6
INFO AWT-EventQueue-1 ibfb.workbook.core.WorkbookExcelReaderImpl - Data for Constant: SDATE (date)
INFO AWT-EventQueue-1 ibfb.workbook.core.WorkbookExcelReaderImpl - Data for Constant: NOROWS (integer)
INFO AWT-EventQueue-1 ibfb.workbook.core.WorkbookExcelReaderImpl - Data for Constant: LEROWS (m)
INFO AWT-EventQueue-1 ibfb.workbook.core.WorkbookExcelReaderImpl - Data for Constant: SPAROW (cm)
INFO AWT-EventQueue-1 ibfb.workbook.core.WorkbookExcelReaderImpl - Data for Constant: SOIDRZ (cm)
INFO AWT-EventQueue-1 ibfb.workbook.core.WorkbookExcelReaderImpl - Data for Constant: SOILAV (real)
INFO AWT-EventQueue-1 ibfb.workbook.core.WorkbookExcelReaderImpl - Data for Constant: SOILCL (TEXT)
INFO AWT-EventQueue-1 ibfb.workbook.core.WorkbookExcelReaderImpl - Data for Constant: SOILTX (TEXT)
INFO AWT-EventQueue-1 ibfb.workbook.core.WorkbookExcelReaderImpl - Data for Constant: SOIRBA (Y/N/U)
INFO AWT-EventQueue-1 ibfb.workbook.core.WorkbookExcelReaderImpl - Data for Constant: USEPRE (TEXT)
INFO AWT-EventQueue-1 ibfb.workbook.core.WorkbookExcelReaderImpl - Data for Constant: USESCR (TEXT)
INFO AWT-EventQueue-1 ibfb.workbook.core.WorkbookExcelReaderImpl - Data for Constant: FERTAP (Y/N)
INFO AWT-EventQueue-1 ibfb.workbook.core.WorkbookExcelReaderImpl - Data for Constant: FERTI1 (date)
INFO AWT-EventQueue-1 ibfb.workbook.core.WorkbookExcelReaderImpl - Data for Constant: FERKG1 (kg/ha)
INFO AWT-EventQueue-1 ibfb.workbook.core.WorkbookExcelReaderImpl - Data for Constant: FER%N1 (%)
INFO AWT-EventQueue-1 ibfb.workbook.core.WorkbookExcelReaderImpl - Data for Constant: F%P2O51 (%)
INFO AWT-EventQueue-1 ibfb.workbook.core.WorkbookExcelReaderImpl - Data for Constant: F%K2O1 (%)
INFO AWT-EventQueue-1 ibfb.workbook.core.WorkbookExcelReaderImpl - Data for Constant: FERTI2 (date)
INFO AWT-EventQueue-1 ibfb.workbook.core.WorkbookExcelReaderImpl - Data for Constant: FERKG2 (kg/ha)
INFO AWT-EventQueue-1 ibfb.workbook.core.WorkbookExcelReaderImpl - Data for Constant: FER%N2 (%)
INFO AWT-EventQueue-1 ibfb.workbook.core.WorkbookExcelReaderImpl - Data for Constant: F%P2O52 (%)
INFO AWT-EventQueue-1 ibfb.workbook.core.WorkbookExcelReaderImpl - Data for Constant: F%K2O2 (%)
INFO AWT-EventQueue-1 ibfb.workbook.core.WorkbookExcelReaderImpl - Data for Constant: FERTI3 (date)
INFO AWT-EventQueue-1 ibfb.workbook.core.WorkbookExcelReaderImpl - Data for Constant: FERKG3 (kg/ha)
INFO AWT-EventQueue-1 ibfb.workbook.core.WorkbookExcelReaderImpl - Data for Constant: FER%N3 (%)
INFO AWT-EventQueue-1 ibfb.workbook.core.WorkbookExcelReaderImpl - Data for Constant: F%P2O53 (%)
INFO AWT-EventQueue-1 ibfb.workbook.core.WorkbookExcelReaderImpl - Data for Constant: F%K2O3 (%)
INFO AWT-EventQueue-1 ibfb.workbook.core.WorkbookExcelReaderImpl - Data for Constant: TP_12M (mm)
INFO AWT-EventQueue-1 ibfb.workbook.core.WorkbookExcelReaderImpl - Data for Constant: RESH2O (mm)
INFO AWT-EventQueue-1 ibfb.workbook.core.WorkbookExcelReaderImpl - Data for Constant: IRRIGD (Y/N)
INFO AWT-EventQueue-1 ibfb.workbook.core.WorkbookExcelReaderImpl - Data for Constant: PPNCYC (mm)
INFO AWT-EventQueue-1 ibfb.workbook.core.WorkbookExcelReaderImpl - Data for Constant: ALTOXI (Y/N)
INFO AWT-EventQueue-1 ibfb.workbook.core.WorkbookExcelReaderImpl - Data for Constant: OMNTYN (Y/N)
INFO AWT-EventQueue-1 ibfb.workbook.core.WorkbookExcelReaderImpl - Data for Constant: DMGBIR (N/T/S/M/V)
INFO AWT-EventQueue-1 ibfb.workbook.core.WorkbookExcelReaderImpl - Data for Constant: DMGFRS (N/T/S/M/V)
INFO AWT-EventQueue-1 ibfb.workbook.core.WorkbookExcelReaderImpl - Data for Constant: DMGHAI (N/T/S/M/V)
INFO AWT-EventQueue-1 ibfb.workbook.core.WorkbookExcelReaderImpl - Data for Constant: DMGHER (N/T/S/M/V)
INFO AWT-EventQueue-1 ibfb.workbook.core.WorkbookExcelReaderImpl - Data for Constant: ELODGE (N/T/S/M/V)
INFO AWT-EventQueue-1 ibfb.workbook.core.WorkbookExcelReaderImpl - Data for Constant: EMERGE (E/N/L)
INFO AWT-EventQueue-1 ibfb.workbook.core.WorkbookExcelReaderImpl - Data for Constant: EMGDAT (date)
INFO AWT-EventQueue-1 ibfb.workbook.core.WorkbookExcelReaderImpl - Data for Constant: ESTAND (S/N/D)
INFO AWT-EventQueue-1 ibfb.workbook.core.WorkbookExcelReaderImpl - Data for Constant: FOLDIS (N/T/S/M/V)
INFO AWT-EventQueue-1 ibfb.workbook.core.WorkbookExcelReaderImpl - Data for Constant: HRSDAT (date)
INFO AWT-EventQueue-1 ibfb.workbook.core.WorkbookExcelReaderImpl - Data for Constant: HRFDAT (date)
INFO AWT-EventQueue-1 ibfb.workbook.core.WorkbookExcelReaderImpl - Data for Constant: LEROWH (m)
INFO AWT-EventQueue-1 ibfb.workbook.core.WorkbookExcelReaderImpl - Data for Constant: NOROWH (integer)
INFO AWT-EventQueue-1 ibfb.workbook.core.WorkbookExcelReaderImpl - Data for Constant: ROODIS (N/T/S/M/V)
INFO AWT-EventQueue-1 ibfb.workbook.core.WorkbookExcelReaderImpl - Data for Constant: SPKDIS (N/T/S/M/V)
INFO AWT-EventQueue-1 ibfb.workbook.core.WorkbookExcelReaderImpl - Data for Constant: WEACOM (TEXT)
INFO AWT-EventQueue-1 ibfb.workbook.core.WorkbookExcelReaderImpl - Data for Constant: WEEDPR (N/T/S/M/V)
INFO AWT-EventQueue-1 ibfb.workbook.core.WorkbookExcelReaderImpl - Data for Constant: YLDFAC (real)
INFO AWT-EventQueue-1 ibfb.workbook.core.WorkbookExcelReaderImpl - Excel file read END
INFO AWT-EventQueue-1 org.cimmyt.cril.ibwb.provider.dao.TraitsDAO - Checking if Traits table exists
ERROR AWT-EventQueue-1 org.cimmyt.cril.ibwb.provider.dao.TraitsDAO - Traits table not found
INFO AWT-EventQueue-1 org.cimmyt.cril.ibwb.provider.dao.TraitsDAO - Checking if Traits table exists DONE....
INFO AWT-EventQueue-1 org.cimmyt.cril.ibwb.provider.dao.TraitsDAO - Checking if Traits table exists
ERROR AWT-EventQueue-1 org.cimmyt.cril.ibwb.provider.dao.TraitsDAO - Traits table not found
INFO AWT-EventQueue-1 org.cimmyt.cril.ibwb.provider.dao.TraitsDAO - Checking if Traits table exists DONE....
INFO AWT-EventQueue-1 org.cimmyt.cril.ibwb.provider.dao.TraitsDAO - Creating traits, scales and measuredin tables....
INFO AWT-EventQueue-1 org.cimmyt.cril.ibwb.provider.dao.TraitsDAO - Creating Traits table!
ERROR AWT-EventQueue-1 org.cimmyt.cril.ibwb.provider.dao.TraitsDAO - Traits table not found
org.hibernate.exception.GenericJDBCException: Cannot open connection
	at org.hibernate.exception.SQLStateConverter.handledNonSpecificException(SQLStateConverter.java:140)
	at org.hibernate.exception.SQLStateConverter.convert(SQLStateConverter.java:128)
	at org.hibernate.exception.JDBCExceptionHelper.convert(JDBCExceptionHelper.java:66)
	at org.hibernate.exception.JDBCExceptionHelper.convert(JDBCExceptionHelper.java:52)
	at org.hibernate.jdbc.ConnectionManager.openConnection(ConnectionManager.java:449)
	at org.hibernate.jdbc.ConnectionManager.getConnection(ConnectionManager.java:167)
	at org.hibernate.jdbc.AbstractBatcher.prepareStatement(AbstractBatcher.java:116)
	at org.hibernate.jdbc.AbstractBatcher.prepareStatement(AbstractBatcher.java:109)
	at org.hibernate.engine.query.NativeSQLQueryPlan.performExecuteUpdate(NativeSQLQueryPlan.java:202)
	at org.hibernate.impl.SessionImpl.executeNativeUpdate(SessionImpl.java:1300)
	at org.hibernate.impl.SQLQueryImpl.executeUpdate(SQLQueryImpl.java:365)
	at org.cimmyt.cril.ibwb.provider.dao.TraitsDAO$2.doInHibernate(TraitsDAO.java:196)
	at org.springframework.orm.hibernate3.HibernateTemplate.doExecute(HibernateTemplate.java:419)
	at org.springframework.orm.hibernate3.HibernateTemplate.execute(HibernateTemplate.java:339)
	at org.cimmyt.cril.ibwb.provider.dao.TraitsDAO.createTraitsTables(TraitsDAO.java:187)
	at org.cimmyt.cril.ibwb.provider.CommonServicesImpl.createTraitsTables(CommonServicesImpl.java:2905)
	at org.cimmyt.cril.ibwb.provider.IBWBAppServicesImpl.createTraitsTables(IBWBAppServicesImpl.java:2382)
	at ibfb.branding.core.Installer$2.run(Installer.java:70)
	at org.netbeans.core.windows.WindowManagerImpl$Exclusive$1.run(WindowManagerImpl.java:1508)
	at java.awt.event.InvocationEvent.dispatch(InvocationEvent.java:209)
	at java.awt.EventQueue.dispatchEventImpl(EventQueue.java:702)
	at java.awt.EventQueue.access$400(EventQueue.java:82)
	at java.awt.EventQueue$2.run(EventQueue.java:663)
	at java.awt.EventQueue$2.run(EventQueue.java:661)
	at java.security.AccessController.doPrivileged(Native Method)
	at java.security.AccessControlContext$1.doIntersectionPrivilege(AccessControlContext.java:87)
	at java.awt.EventQueue.dispatchEvent(EventQueue.java:672)
	at org.netbeans.core.TimableEventQueue.dispatchEvent(TimableEventQueue.java:158)
	at java.awt.EventDispatchThread.pumpOneEventForFilters(EventDispatchThread.java:296)
	at java.awt.EventDispatchThread.pumpEventsForFilter(EventDispatchThread.java:211)
	at java.awt.EventDispatchThread.pumpEventsForHierarchy(EventDispatchThread.java:201)
	at java.awt.EventDispatchThread.pumpEvents(EventDispatchThread.java:196)
	at java.awt.EventDispatchThread.pumpEvents(EventDispatchThread.java:188)
	at java.awt.EventDispatchThread.run(EventDispatchThread.java:122)
Caused by: org.apache.commons.dbcp.SQLNestedException: Cannot create PoolableConnectionFactory (Unknown database 'iwis_central_dms')
	at org.apache.commons.dbcp.BasicDataSource.createPoolableConnectionFactory(BasicDataSource.java:1549)
	at org.apache.commons.dbcp.BasicDataSource.createDataSource(BasicDataSource.java:1388)
	at org.apache.commons.dbcp.BasicDataSource.getConnection(BasicDataSource.java:1044)
	at org.springframework.orm.hibernate3.LocalDataSourceConnectionProvider.getConnection(LocalDataSourceConnectionProvider.java:82)
	at org.hibernate.jdbc.ConnectionManager.openConnection(ConnectionManager.java:446)
	... 29 more
Caused by: com.mysql.jdbc.exceptions.jdbc4.MySQLSyntaxErrorException: Unknown database 'iwis_central_dms'
	at sun.reflect.NativeConstructorAccessorImpl.newInstance0(Native Method)
	at sun.reflect.NativeConstructorAccessorImpl.newInstance(NativeConstructorAccessorImpl.java:39)
	at sun.reflect.DelegatingConstructorAccessorImpl.newInstance(DelegatingConstructorAccessorImpl.java:27)
	at java.lang.reflect.Constructor.newInstance(Constructor.java:513)
	at com.mysql.jdbc.Util.handleNewInstance(Util.java:409)
	at com.mysql.jdbc.Util.getInstance(Util.java:384)
	at com.mysql.jdbc.SQLError.createSQLException(SQLError.java:1054)
	at com.mysql.jdbc.MysqlIO.checkErrorPacket(MysqlIO.java:3562)
	at com.mysql.jdbc.MysqlIO.checkErrorPacket(MysqlIO.java:3494)
	at com.mysql.jdbc.MysqlIO.checkErrorPacket(MysqlIO.java:920)
	at com.mysql.jdbc.MysqlIO.secureAuth411(MysqlIO.java:4000)
	at com.mysql.jdbc.MysqlIO.doHandshake(MysqlIO.java:1285)
	at com.mysql.jdbc.ConnectionImpl.createNewIO(ConnectionImpl.java:2186)
	at com.mysql.jdbc.ConnectionImpl.<init>(ConnectionImpl.java:787)
	at com.mysql.jdbc.JDBC4Connection.<init>(JDBC4Connection.java:49)
	at sun.reflect.NativeConstructorAccessorImpl.newInstance0(Native Method)
	at sun.reflect.NativeConstructorAccessorImpl.newInstance(NativeConstructorAccessorImpl.java:39)
	at sun.reflect.DelegatingConstructorAccessorImpl.newInstance(DelegatingConstructorAccessorImpl.java:27)
	at java.lang.reflect.Constructor.newInstance(Constructor.java:513)
	at com.mysql.jdbc.Util.handleNewInstance(Util.java:409)
	at com.mysql.jdbc.ConnectionImpl.getInstance(ConnectionImpl.java:357)
	at com.mysql.jdbc.NonRegisteringDriver.connect(NonRegisteringDriver.java:285)
	at org.apache.commons.dbcp.DriverConnectionFactory.createConnection(DriverConnectionFactory.java:38)
	at org.apache.commons.dbcp.PoolableConnectionFactory.makeObject(PoolableConnectionFactory.java:582)
	at org.apache.commons.dbcp.BasicDataSource.validateConnectionFactory(BasicDataSource.java:1556)
	at org.apache.commons.dbcp.BasicDataSource.createPoolableConnectionFactory(BasicDataSource.java:1545)
	... 33 more
INFO AWT-EventQueue-1 org.cimmyt.cril.ibwb.provider.dao.TraitsDAO - Creating traits, scales and measuredin tables DONE....
INFO AWT-EventQueue-1 org.cimmyt.cril.ibwb.provider.dao.TraitsDAO - Checking if Traits table exists
INFO AWT-EventQueue-1 org.cimmyt.cril.ibwb.provider.dao.TraitsDAO - Traits table found!
INFO AWT-EventQueue-1 org.cimmyt.cril.ibwb.provider.dao.TraitsDAO - Checking if Traits table exists DONE....
INFO AWT-EventQueue-1 org.cimmyt.cril.ibwb.provider.dao.TraitsDAO - Checking if Traits table exists
INFO AWT-EventQueue-1 org.cimmyt.cril.ibwb.provider.dao.TraitsDAO - Traits table found!
INFO AWT-EventQueue-1 org.cimmyt.cril.ibwb.provider.dao.TraitsDAO - Checking if Traits table exists DONE....
INFO AWT-EventQueue-1 org.cimmyt.cril.ibwb.provider.dao.TransformationsDAO - Checking if Transformations table exists
INFO AWT-EventQueue-1 org.cimmyt.cril.ibwb.provider.dao.TransformationsDAO - Transformations table found!
INFO AWT-EventQueue-1 org.cimmyt.cril.ibwb.provider.dao.TransformationsDAO - Checking if Transformations table exists DONE....
INFO AWT-EventQueue-1 org.cimmyt.cril.ibwb.provider.dao.TransformationsDAO - Checking if Transformations table exists
INFO AWT-EventQueue-1 org.cimmyt.cril.ibwb.provider.dao.TransformationsDAO - Transformations table found!
INFO AWT-EventQueue-1 org.cimmyt.cril.ibwb.provider.dao.TransformationsDAO - Checking if Transformations table exists DONE....
INFO AWT-EventQueue-1 org.cimmyt.cril.ibwb.provider.dao.ContinuousConversionDAO - Checking if ContinuousConversion table exists
INFO AWT-EventQueue-1 org.cimmyt.cril.ibwb.provider.dao.ContinuousConversionDAO - ContinuousConversion table found!
INFO AWT-EventQueue-1 org.cimmyt.cril.ibwb.provider.dao.ContinuousConversionDAO - Checking if ContinuousConversion table exists DONE....
INFO AWT-EventQueue-1 org.cimmyt.cril.ibwb.provider.dao.ContinuousConversionDAO - Checking if ContinuousConversion table exists
INFO AWT-EventQueue-1 org.cimmyt.cril.ibwb.provider.dao.ContinuousConversionDAO - ContinuousConversion table found!
INFO AWT-EventQueue-1 org.cimmyt.cril.ibwb.provider.dao.ContinuousConversionDAO - Checking if ContinuousConversion table exists DONE....
INFO AWT-EventQueue-1 org.cimmyt.cril.ibwb.provider.dao.ContinuousFunctionDAO - Checking if ContinuousFunction table exists
INFO AWT-EventQueue-1 org.cimmyt.cril.ibwb.provider.dao.ContinuousFunctionDAO - ContinuousFunction table found!
INFO AWT-EventQueue-1 org.cimmyt.cril.ibwb.provider.dao.ContinuousFunctionDAO - Checking if ContinuousFunction table exists DONE....
INFO AWT-EventQueue-1 org.cimmyt.cril.ibwb.provider.dao.ContinuousFunctionDAO - Checking if ContinuousFunction table exists
INFO AWT-EventQueue-1 org.cimmyt.cril.ibwb.provider.dao.ContinuousFunctionDAO - ContinuousFunction table found!
INFO AWT-EventQueue-1 org.cimmyt.cril.ibwb.provider.dao.ContinuousFunctionDAO - Checking if ContinuousFunction table exists DONE....
INFO AWT-EventQueue-1 org.cimmyt.cril.ibwb.provider.dao.DiscreteConversionDAO - Checking if DiscreteConversion table exists
INFO AWT-EventQueue-1 org.cimmyt.cril.ibwb.provider.dao.DiscreteConversionDAO - DiscreteConversion table found!
INFO AWT-EventQueue-1 org.cimmyt.cril.ibwb.provider.dao.DiscreteConversionDAO - Checking if DiscreteConversion table exists DONE....
INFO AWT-EventQueue-1 org.cimmyt.cril.ibwb.provider.dao.DiscreteConversionDAO - Checking if DiscreteConversion table exists
INFO AWT-EventQueue-1 org.cimmyt.cril.ibwb.provider.dao.DiscreteConversionDAO - DiscreteConversion table found!
INFO AWT-EventQueue-1 org.cimmyt.cril.ibwb.provider.dao.DiscreteConversionDAO - Checking if DiscreteConversion table exists DONE....
INFO AWT-EventQueue-1 ibfb.workbook.core.WorkbookExcelReaderImpl - Validating Excel file read BEGIN
INFO AWT-EventQueue-1 ibfb.workbook.core.WorkbookExcelReaderImpl - Excel file read BEGIN
INFO AWT-EventQueue-1 ibfb.workbook.core.WorkbookExcelReaderImpl - Opening file...
INFO AWT-EventQueue-1 ibfb.workbook.core.WorkbookExcelReaderImpl - Number of sheets in book2
INFO AWT-EventQueue-1 ibfb.workbook.core.WorkbookExcelReaderImpl - Total study conditions found: 4
INFO AWT-EventQueue-1 ibfb.workbook.core.WorkbookExcelReaderImpl - Total conditions found: 7
INFO AWT-EventQueue-1 ibfb.workbook.core.WorkbookExcelReaderImpl - Total factors found: 6
INFO AWT-EventQueue-1 ibfb.workbook.core.WorkbookExcelReaderImpl - Data for Constant: SDATE (date)
INFO AWT-EventQueue-1 ibfb.workbook.core.WorkbookExcelReaderImpl - Data for Constant: NOROWS (integer)
INFO AWT-EventQueue-1 ibfb.workbook.core.WorkbookExcelReaderImpl - Data for Constant: LEROWS (m)
INFO AWT-EventQueue-1 ibfb.workbook.core.WorkbookExcelReaderImpl - Data for Constant: SPAROW (cm)
INFO AWT-EventQueue-1 ibfb.workbook.core.WorkbookExcelReaderImpl - Data for Constant: SOIDRZ (cm)
INFO AWT-EventQueue-1 ibfb.workbook.core.WorkbookExcelReaderImpl - Data for Constant: SOILAV (real)
INFO AWT-EventQueue-1 ibfb.workbook.core.WorkbookExcelReaderImpl - Data for Constant: SOILCL (TEXT)
INFO AWT-EventQueue-1 ibfb.workbook.core.WorkbookExcelReaderImpl - Data for Constant: SOILTX (TEXT)
INFO AWT-EventQueue-1 ibfb.workbook.core.WorkbookExcelReaderImpl - Data for Constant: SOIRBA (Y/N/U)
INFO AWT-EventQueue-1 ibfb.workbook.core.WorkbookExcelReaderImpl - Data for Constant: USEPRE (TEXT)
INFO AWT-EventQueue-1 ibfb.workbook.core.WorkbookExcelReaderImpl - Data for Constant: USESCR (TEXT)
INFO AWT-EventQueue-1 ibfb.workbook.core.WorkbookExcelReaderImpl - Data for Constant: FERTAP (Y/N)
INFO AWT-EventQueue-1 ibfb.workbook.core.WorkbookExcelReaderImpl - Data for Constant: FERTI1 (date)
INFO AWT-EventQueue-1 ibfb.workbook.core.WorkbookExcelReaderImpl - Data for Constant: FERKG1 (kg/ha)
INFO AWT-EventQueue-1 ibfb.workbook.core.WorkbookExcelReaderImpl - Data for Constant: FER%N1 (%)
INFO AWT-EventQueue-1 ibfb.workbook.core.WorkbookExcelReaderImpl - Data for Constant: F%P2O51 (%)
INFO AWT-EventQueue-1 ibfb.workbook.core.WorkbookExcelReaderImpl - Data for Constant: F%K2O1 (%)
INFO AWT-EventQueue-1 ibfb.workbook.core.WorkbookExcelReaderImpl - Data for Constant: FERTI2 (date)
INFO AWT-EventQueue-1 ibfb.workbook.core.WorkbookExcelReaderImpl - Data for Constant: FERKG2 (kg/ha)
INFO AWT-EventQueue-1 ibfb.workbook.core.WorkbookExcelReaderImpl - Data for Constant: FER%N2 (%)
INFO AWT-EventQueue-1 ibfb.workbook.core.WorkbookExcelReaderImpl - Data for Constant: F%P2O52 (%)
INFO AWT-EventQueue-1 ibfb.workbook.core.WorkbookExcelReaderImpl - Data for Constant: F%K2O2 (%)
INFO AWT-EventQueue-1 ibfb.workbook.core.WorkbookExcelReaderImpl - Data for Constant: FERTI3 (date)
INFO AWT-EventQueue-1 ibfb.workbook.core.WorkbookExcelReaderImpl - Data for Constant: FERKG3 (kg/ha)
INFO AWT-EventQueue-1 ibfb.workbook.core.WorkbookExcelReaderImpl - Data for Constant: FER%N3 (%)
INFO AWT-EventQueue-1 ibfb.workbook.core.WorkbookExcelReaderImpl - Data for Constant: F%P2O53 (%)
INFO AWT-EventQueue-1 ibfb.workbook.core.WorkbookExcelReaderImpl - Data for Constant: F%K2O3 (%)
INFO AWT-EventQueue-1 ibfb.workbook.core.WorkbookExcelReaderImpl - Data for Constant: TP_12M (mm)
INFO AWT-EventQueue-1 ibfb.workbook.core.WorkbookExcelReaderImpl - Data for Constant: RESH2O (mm)
INFO AWT-EventQueue-1 ibfb.workbook.core.WorkbookExcelReaderImpl - Data for Constant: IRRIGD (Y/N)
INFO AWT-EventQueue-1 ibfb.workbook.core.WorkbookExcelReaderImpl - Data for Constant: PPNCYC (mm)
INFO AWT-EventQueue-1 ibfb.workbook.core.WorkbookExcelReaderImpl - Data for Constant: ALTOXI (Y/N)
INFO AWT-EventQueue-1 ibfb.workbook.core.WorkbookExcelReaderImpl - Data for Constant: OMNTYN (Y/N)
INFO AWT-EventQueue-1 ibfb.workbook.core.WorkbookExcelReaderImpl - Data for Constant: DMGBIR (N/T/S/M/V)
INFO AWT-EventQueue-1 ibfb.workbook.core.WorkbookExcelReaderImpl - Data for Constant: DMGFRS (N/T/S/M/V)
INFO AWT-EventQueue-1 ibfb.workbook.core.WorkbookExcelReaderImpl - Data for Constant: DMGHAI (N/T/S/M/V)
INFO AWT-EventQueue-1 ibfb.workbook.core.WorkbookExcelReaderImpl - Data for Constant: DMGHER (N/T/S/M/V)
INFO AWT-EventQueue-1 ibfb.workbook.core.WorkbookExcelReaderImpl - Data for Constant: ELODGE (N/T/S/M/V)
INFO AWT-EventQueue-1 ibfb.workbook.core.WorkbookExcelReaderImpl - Data for Constant: EMERGE (E/N/L)
INFO AWT-EventQueue-1 ibfb.workbook.core.WorkbookExcelReaderImpl - Data for Constant: EMGDAT (date)
INFO AWT-EventQueue-1 ibfb.workbook.core.WorkbookExcelReaderImpl - Data for Constant: ESTAND (S/N/D)
INFO AWT-EventQueue-1 ibfb.workbook.core.WorkbookExcelReaderImpl - Data for Constant: FOLDIS (N/T/S/M/V)
INFO AWT-EventQueue-1 ibfb.workbook.core.WorkbookExcelReaderImpl - Data for Constant: HRSDAT (date)
INFO AWT-EventQueue-1 ibfb.workbook.core.WorkbookExcelReaderImpl - Data for Constant: HRFDAT (date)
INFO AWT-EventQueue-1 ibfb.workbook.core.WorkbookExcelReaderImpl - Data for Constant: LEROWH (m)
INFO AWT-EventQueue-1 ibfb.workbook.core.WorkbookExcelReaderImpl - Data for Constant: NOROWH (integer)
INFO AWT-EventQueue-1 ibfb.workbook.core.WorkbookExcelReaderImpl - Data for Constant: ROODIS (N/T/S/M/V)
INFO AWT-EventQueue-1 ibfb.workbook.core.WorkbookExcelReaderImpl - Data for Constant: SPKDIS (N/T/S/M/V)
INFO AWT-EventQueue-1 ibfb.workbook.core.WorkbookExcelReaderImpl - Data for Constant: WEACOM (TEXT)
INFO AWT-EventQueue-1 ibfb.workbook.core.WorkbookExcelReaderImpl - Data for Constant: WEEDPR (N/T/S/M/V)
INFO AWT-EventQueue-1 ibfb.workbook.core.WorkbookExcelReaderImpl - Data for Constant: YLDFAC (real)
INFO AWT-EventQueue-1 ibfb.workbook.core.WorkbookExcelReaderImpl - Excel file read END
INFO AWT-EventQueue-1 ibfb.workbook.core.WorkbookExcelReaderImpl - Excel file read BEGIN
INFO AWT-EventQueue-1 ibfb.workbook.core.WorkbookExcelReaderImpl - Opening file...
INFO AWT-EventQueue-1 ibfb.workbook.core.WorkbookExcelReaderImpl - Number of sheets in book2
INFO AWT-EventQueue-1 ibfb.workbook.core.WorkbookExcelReaderImpl - Total study conditions found: 4
INFO AWT-EventQueue-1 ibfb.workbook.core.WorkbookExcelReaderImpl - Total conditions found: 7
INFO AWT-EventQueue-1 ibfb.workbook.core.WorkbookExcelReaderImpl - Total factors found: 6
INFO AWT-EventQueue-1 ibfb.workbook.core.WorkbookExcelReaderImpl - Data for Constant: SDATE (date)
INFO AWT-EventQueue-1 ibfb.workbook.core.WorkbookExcelReaderImpl - Data for Constant: NOROWS (integer)
INFO AWT-EventQueue-1 ibfb.workbook.core.WorkbookExcelReaderImpl - Data for Constant: LEROWS (m)
INFO AWT-EventQueue-1 ibfb.workbook.core.WorkbookExcelReaderImpl - Data for Constant: SPAROW (cm)
INFO AWT-EventQueue-1 ibfb.workbook.core.WorkbookExcelReaderImpl - Data for Constant: SOIDRZ (cm)
INFO AWT-EventQueue-1 ibfb.workbook.core.WorkbookExcelReaderImpl - Data for Constant: SOILAV (real)
INFO AWT-EventQueue-1 ibfb.workbook.core.WorkbookExcelReaderImpl - Data for Constant: SOILCL (TEXT)
INFO AWT-EventQueue-1 ibfb.workbook.core.WorkbookExcelReaderImpl - Data for Constant: SOILTX (TEXT)
INFO AWT-EventQueue-1 ibfb.workbook.core.WorkbookExcelReaderImpl - Data for Constant: SOIRBA (Y/N/U)
INFO AWT-EventQueue-1 ibfb.workbook.core.WorkbookExcelReaderImpl - Data for Constant: USEPRE (TEXT)
INFO AWT-EventQueue-1 ibfb.workbook.core.WorkbookExcelReaderImpl - Data for Constant: USESCR (TEXT)
INFO AWT-EventQueue-1 ibfb.workbook.core.WorkbookExcelReaderImpl - Data for Constant: FERTAP (Y/N)
INFO AWT-EventQueue-1 ibfb.workbook.core.WorkbookExcelReaderImpl - Data for Constant: FERTI1 (date)
INFO AWT-EventQueue-1 ibfb.workbook.core.WorkbookExcelReaderImpl - Data for Constant: FERKG1 (kg/ha)
INFO AWT-EventQueue-1 ibfb.workbook.core.WorkbookExcelReaderImpl - Data for Constant: FER%N1 (%)
INFO AWT-EventQueue-1 ibfb.workbook.core.WorkbookExcelReaderImpl - Data for Constant: F%P2O51 (%)
INFO AWT-EventQueue-1 ibfb.workbook.core.WorkbookExcelReaderImpl - Data for Constant: F%K2O1 (%)
INFO AWT-EventQueue-1 ibfb.workbook.core.WorkbookExcelReaderImpl - Data for Constant: FERTI2 (date)
INFO AWT-EventQueue-1 ibfb.workbook.core.WorkbookExcelReaderImpl - Data for Constant: FERKG2 (kg/ha)
INFO AWT-EventQueue-1 ibfb.workbook.core.WorkbookExcelReaderImpl - Data for Constant: FER%N2 (%)
INFO AWT-EventQueue-1 ibfb.workbook.core.WorkbookExcelReaderImpl - Data for Constant: F%P2O52 (%)
INFO AWT-EventQueue-1 ibfb.workbook.core.WorkbookExcelReaderImpl - Data for Constant: F%K2O2 (%)
INFO AWT-EventQueue-1 ibfb.workbook.core.WorkbookExcelReaderImpl - Data for Constant: FERTI3 (date)
INFO AWT-EventQueue-1 ibfb.workbook.core.WorkbookExcelReaderImpl - Data for Constant: FERKG3 (kg/ha)
INFO AWT-EventQueue-1 ibfb.workbook.core.WorkbookExcelReaderImpl - Data for Constant: FER%N3 (%)
INFO AWT-EventQueue-1 ibfb.workbook.core.WorkbookExcelReaderImpl - Data for Constant: F%P2O53 (%)
INFO AWT-EventQueue-1 ibfb.workbook.core.WorkbookExcelReaderImpl - Data for Constant: F%K2O3 (%)
INFO AWT-EventQueue-1 ibfb.workbook.core.WorkbookExcelReaderImpl - Data for Constant: TP_12M (mm)
INFO AWT-EventQueue-1 ibfb.workbook.core.WorkbookExcelReaderImpl - Data for Constant: RESH2O (mm)
INFO AWT-EventQueue-1 ibfb.workbook.core.WorkbookExcelReaderImpl - Data for Constant: IRRIGD (Y/N)
INFO AWT-EventQueue-1 ibfb.workbook.core.WorkbookExcelReaderImpl - Data for Constant: PPNCYC (mm)
INFO AWT-EventQueue-1 ibfb.workbook.core.WorkbookExcelReaderImpl - Data for Constant: ALTOXI (Y/N)
INFO AWT-EventQueue-1 ibfb.workbook.core.WorkbookExcelReaderImpl - Data for Constant: OMNTYN (Y/N)
INFO AWT-EventQueue-1 ibfb.workbook.core.WorkbookExcelReaderImpl - Data for Constant: DMGBIR (N/T/S/M/V)
INFO AWT-EventQueue-1 ibfb.workbook.core.WorkbookExcelReaderImpl - Data for Constant: DMGFRS (N/T/S/M/V)
INFO AWT-EventQueue-1 ibfb.workbook.core.WorkbookExcelReaderImpl - Data for Constant: DMGHAI (N/T/S/M/V)
INFO AWT-EventQueue-1 ibfb.workbook.core.WorkbookExcelReaderImpl - Data for Constant: DMGHER (N/T/S/M/V)
INFO AWT-EventQueue-1 ibfb.workbook.core.WorkbookExcelReaderImpl - Data for Constant: ELODGE (N/T/S/M/V)
INFO AWT-EventQueue-1 ibfb.workbook.core.WorkbookExcelReaderImpl - Data for Constant: EMERGE (E/N/L)
INFO AWT-EventQueue-1 ibfb.workbook.core.WorkbookExcelReaderImpl - Data for Constant: EMGDAT (date)
INFO AWT-EventQueue-1 ibfb.workbook.core.WorkbookExcelReaderImpl - Data for Constant: ESTAND (S/N/D)
INFO AWT-EventQueue-1 ibfb.workbook.core.WorkbookExcelReaderImpl - Data for Constant: FOLDIS (N/T/S/M/V)
INFO AWT-EventQueue-1 ibfb.workbook.core.WorkbookExcelReaderImpl - Data for Constant: HRSDAT (date)
INFO AWT-EventQueue-1 ibfb.workbook.core.WorkbookExcelReaderImpl - Data for Constant: HRFDAT (date)
INFO AWT-EventQueue-1 ibfb.workbook.core.WorkbookExcelReaderImpl - Data for Constant: LEROWH (m)
INFO AWT-EventQueue-1 ibfb.workbook.core.WorkbookExcelReaderImpl - Data for Constant: NOROWH (integer)
INFO AWT-EventQueue-1 ibfb.workbook.core.WorkbookExcelReaderImpl - Data for Constant: ROODIS (N/T/S/M/V)
INFO AWT-EventQueue-1 ibfb.workbook.core.WorkbookExcelReaderImpl - Data for Constant: SPKDIS (N/T/S/M/V)
INFO AWT-EventQueue-1 ibfb.workbook.core.WorkbookExcelReaderImpl - Data for Constant: WEACOM (TEXT)
INFO AWT-EventQueue-1 ibfb.workbook.core.WorkbookExcelReaderImpl - Data for Constant: WEEDPR (N/T/S/M/V)
INFO AWT-EventQueue-1 ibfb.workbook.core.WorkbookExcelReaderImpl - Data for Constant: YLDFAC (real)
INFO AWT-EventQueue-1 ibfb.workbook.core.WorkbookExcelReaderImpl - Excel file read END
INFO AWT-EventQueue-1 ibfb.workbook.core.WorkbookExcelReaderImpl - Excel file read BEGIN
INFO AWT-EventQueue-1 ibfb.workbook.core.WorkbookExcelReaderImpl - Opening file...
INFO AWT-EventQueue-1 ibfb.workbook.core.WorkbookExcelReaderImpl - Number of sheets in book2
INFO AWT-EventQueue-1 ibfb.workbook.core.WorkbookExcelReaderImpl - Total study conditions found: 4
INFO AWT-EventQueue-1 ibfb.workbook.core.WorkbookExcelReaderImpl - Total conditions found: 7
INFO AWT-EventQueue-1 ibfb.workbook.core.WorkbookExcelReaderImpl - Total factors found: 6
INFO AWT-EventQueue-1 ibfb.workbook.core.WorkbookExcelReaderImpl - Data for Constant: SDATE (date)
INFO AWT-EventQueue-1 ibfb.workbook.core.WorkbookExcelReaderImpl - Data for Constant: NOROWS (integer)
INFO AWT-EventQueue-1 ibfb.workbook.core.WorkbookExcelReaderImpl - Data for Constant: LEROWS (m)
INFO AWT-EventQueue-1 ibfb.workbook.core.WorkbookExcelReaderImpl - Data for Constant: SPAROW (cm)
INFO AWT-EventQueue-1 ibfb.workbook.core.WorkbookExcelReaderImpl - Data for Constant: SOIDRZ (cm)
INFO AWT-EventQueue-1 ibfb.workbook.core.WorkbookExcelReaderImpl - Data for Constant: SOILAV (real)
INFO AWT-EventQueue-1 ibfb.workbook.core.WorkbookExcelReaderImpl - Data for Constant: SOILCL (TEXT)
INFO AWT-EventQueue-1 ibfb.workbook.core.WorkbookExcelReaderImpl - Data for Constant: SOILTX (TEXT)
INFO AWT-EventQueue-1 ibfb.workbook.core.WorkbookExcelReaderImpl - Data for Constant: SOIRBA (Y/N/U)
INFO AWT-EventQueue-1 ibfb.workbook.core.WorkbookExcelReaderImpl - Data for Constant: USEPRE (TEXT)
INFO AWT-EventQueue-1 ibfb.workbook.core.WorkbookExcelReaderImpl - Data for Constant: USESCR (TEXT)
INFO AWT-EventQueue-1 ibfb.workbook.core.WorkbookExcelReaderImpl - Data for Constant: FERTAP (Y/N)
INFO AWT-EventQueue-1 ibfb.workbook.core.WorkbookExcelReaderImpl - Data for Constant: FERTI1 (date)
INFO AWT-EventQueue-1 ibfb.workbook.core.WorkbookExcelReaderImpl - Data for Constant: FERKG1 (kg/ha)
INFO AWT-EventQueue-1 ibfb.workbook.core.WorkbookExcelReaderImpl - Data for Constant: FER%N1 (%)
INFO AWT-EventQueue-1 ibfb.workbook.core.WorkbookExcelReaderImpl - Data for Constant: F%P2O51 (%)
INFO AWT-EventQueue-1 ibfb.workbook.core.WorkbookExcelReaderImpl - Data for Constant: F%K2O1 (%)
INFO AWT-EventQueue-1 ibfb.workbook.core.WorkbookExcelReaderImpl - Data for Constant: FERTI2 (date)
INFO AWT-EventQueue-1 ibfb.workbook.core.WorkbookExcelReaderImpl - Data for Constant: FERKG2 (kg/ha)
INFO AWT-EventQueue-1 ibfb.workbook.core.WorkbookExcelReaderImpl - Data for Constant: FER%N2 (%)
INFO AWT-EventQueue-1 ibfb.workbook.core.WorkbookExcelReaderImpl - Data for Constant: F%P2O52 (%)
INFO AWT-EventQueue-1 ibfb.workbook.core.WorkbookExcelReaderImpl - Data for Constant: F%K2O2 (%)
INFO AWT-EventQueue-1 ibfb.workbook.core.WorkbookExcelReaderImpl - Data for Constant: FERTI3 (date)
INFO AWT-EventQueue-1 ibfb.workbook.core.WorkbookExcelReaderImpl - Data for Constant: FERKG3 (kg/ha)
INFO AWT-EventQueue-1 ibfb.workbook.core.WorkbookExcelReaderImpl - Data for Constant: FER%N3 (%)
INFO AWT-EventQueue-1 ibfb.workbook.core.WorkbookExcelReaderImpl - Data for Constant: F%P2O53 (%)
INFO AWT-EventQueue-1 ibfb.workbook.core.WorkbookExcelReaderImpl - Data for Constant: F%K2O3 (%)
INFO AWT-EventQueue-1 ibfb.workbook.core.WorkbookExcelReaderImpl - Data for Constant: TP_12M (mm)
INFO AWT-EventQueue-1 ibfb.workbook.core.WorkbookExcelReaderImpl - Data for Constant: RESH2O (mm)
INFO AWT-EventQueue-1 ibfb.workbook.core.WorkbookExcelReaderImpl - Data for Constant: IRRIGD (Y/N)
INFO AWT-EventQueue-1 ibfb.workbook.core.WorkbookExcelReaderImpl - Data for Constant: PPNCYC (mm)
INFO AWT-EventQueue-1 ibfb.workbook.core.WorkbookExcelReaderImpl - Data for Constant: ALTOXI (Y/N)
INFO AWT-EventQueue-1 ibfb.workbook.core.WorkbookExcelReaderImpl - Data for Constant: OMNTYN (Y/N)
INFO AWT-EventQueue-1 ibfb.workbook.core.WorkbookExcelReaderImpl - Data for Constant: DMGBIR (N/T/S/M/V)
INFO AWT-EventQueue-1 ibfb.workbook.core.WorkbookExcelReaderImpl - Data for Constant: DMGFRS (N/T/S/M/V)
INFO AWT-EventQueue-1 ibfb.workbook.core.WorkbookExcelReaderImpl - Data for Constant: DMGHAI (N/T/S/M/V)
INFO AWT-EventQueue-1 ibfb.workbook.core.WorkbookExcelReaderImpl - Data for Constant: DMGHER (N/T/S/M/V)
INFO AWT-EventQueue-1 ibfb.workbook.core.WorkbookExcelReaderImpl - Data for Constant: ELODGE (N/T/S/M/V)
INFO AWT-EventQueue-1 ibfb.workbook.core.WorkbookExcelReaderImpl - Data for Constant: EMERGE (E/N/L)
INFO AWT-EventQueue-1 ibfb.workbook.core.WorkbookExcelReaderImpl - Data for Constant: EMGDAT (date)
INFO AWT-EventQueue-1 ibfb.workbook.core.WorkbookExcelReaderImpl - Data for Constant: ESTAND (S/N/D)
INFO AWT-EventQueue-1 ibfb.workbook.core.WorkbookExcelReaderImpl - Data for Constant: FOLDIS (N/T/S/M/V)
INFO AWT-EventQueue-1 ibfb.workbook.core.WorkbookExcelReaderImpl - Data for Constant: HRSDAT (date)
INFO AWT-EventQueue-1 ibfb.workbook.core.WorkbookExcelReaderImpl - Data for Constant: HRFDAT (date)
INFO AWT-EventQueue-1 ibfb.workbook.core.WorkbookExcelReaderImpl - Data for Constant: LEROWH (m)
INFO AWT-EventQueue-1 ibfb.workbook.core.WorkbookExcelReaderImpl - Data for Constant: NOROWH (integer)
INFO AWT-EventQueue-1 ibfb.workbook.core.WorkbookExcelReaderImpl - Data for Constant: ROODIS (N/T/S/M/V)
INFO AWT-EventQueue-1 ibfb.workbook.core.WorkbookExcelReaderImpl - Data for Constant: SPKDIS (N/T/S/M/V)
INFO AWT-EventQueue-1 ibfb.workbook.core.WorkbookExcelReaderImpl - Data for Constant: WEACOM (TEXT)
INFO AWT-EventQueue-1 ibfb.workbook.core.WorkbookExcelReaderImpl - Data for Constant: WEEDPR (N/T/S/M/V)
INFO AWT-EventQueue-1 ibfb.workbook.core.WorkbookExcelReaderImpl - Data for Constant: YLDFAC (real)
INFO AWT-EventQueue-1 ibfb.workbook.core.WorkbookExcelReaderImpl - Excel file read END
